11/13/2022  8:00 PM
Units: N
Readings: Continuous
X-Axis: Travel
Travel Unit: mm
Reading	Load	Travel	Time
1	-2.22	1.900	0.000
2	-2.22	1.900	0.049
3	-0.38	1.920	0.246
4	-0.38	1.920	0.299
5	-2.20	1.920	0.349
6	-2.14	2.040	0.399
7	-1.92	2.220	0.449
8	-1.42	2.380	0.499
9	-1.18	2.560	0.550
10	-0.76	2.800	0.599
11	-0.54	2.880	0.649
12	-0.36	3.040	0.700
13	-0.34	3.220	0.749
14	-0.26	3.400	0.799
15	0.00	3.540	0.849
16	0.16	3.720	0.899
17	0.30	3.880	0.949
18	0.36	4.060	0.999
19	0.50	4.200	1.049
20	0.58	4.380	1.099
21	0.68	4.560	1.149
22	0.84	4.720	1.199
23	0.92	4.900	1.250
24	1.00	5.060	1.299
25	1.08	5.220	1.349
26	1.22	5.400	1.399
27	1.28	5.560	1.449
28	1.34	5.740	1.499
29	1.48	5.880	1.549
30	1.54	6.060	1.599
31	1.58	6.240	1.649
32	1.66	6.400	1.699
33	1.80	6.560	1.749
34	1.88	6.720	1.799
35	1.96	6.900	1.849
36	2.04	7.060	1.900
37	2.18	7.220	1.949
38	2.26	7.400	1.999
39	2.34	7.560	2.049
40	2.50	7.720	2.099
41	2.58	7.880	2.149
42	2.68	8.060	2.199
43	2.76	8.220	2.249
44	2.94	8.400	2.299
45	3.02	8.580	2.349
46	3.12	8.720	2.399
47	3.30	8.900	2.449
48	3.38	9.060	2.500
49	3.48	9.240	2.549
50	3.56	9.380	2.599
51	3.66	9.560	2.649
52	3.76	9.720	2.699
53	3.86	9.900	2.749
54	4.06	10.080	2.800
55	4.16	10.220	2.849
56	4.24	10.400	2.899
57	4.34	10.560	2.949
58	4.54	10.740	3.000
59	4.62	10.920	3.049
60	4.72	11.060	3.100
61	4.84	11.240	3.149
62	4.94	11.400	3.199
63	5.06	11.580	3.249
64	5.16	11.720	3.299
65	5.38	11.900	3.349
66	5.48	12.080	3.399
67	5.60	12.240	3.449
68	5.70	12.420	3.500
69	5.92	12.560	3.549
70	6.02	12.740	3.600
71	6.12	12.920	3.649
72	6.34	13.080	3.699
73	6.44	13.240	3.749
74	6.56	13.400	3.799
75	6.66	13.580	3.850
76	6.80	13.740	3.899
77	6.90	13.900	3.950
78	7.04	14.080	3.999
79	7.28	14.240	4.049
80	7.40	14.420	4.099
81	7.50	14.560	4.149
82	7.60	14.740	4.199
83	7.80	14.900	4.249
84	5.10	15.080	4.299
85	6.08	15.220	4.350
86	6.14	15.400	4.399
87	6.50	15.560	4.449
88	6.68	15.740	4.499
89	6.86	15.920	4.550
90	7.18	16.060	4.599
91	7.36	16.240	4.649
92	7.52	16.420	4.699
93	7.68	16.580	4.749
94	7.96	16.760	4.799
95	8.08	16.900	4.849
96	8.20	17.080	4.899
97	8.46	17.240	4.950
98	8.56	17.420	4.999
99	8.70	17.560	5.050
100	8.80	17.740	5.099
101	9.02	17.920	5.149
102	9.14	18.100	5.199
103	9.26	18.260	5.250
104	9.52	18.440	5.299
105	9.64	18.580	5.350
106	9.86	18.880	5.399
107	9.86	18.920	5.450
108	10.12	19.100	5.499
109	10.24	19.220	5.549
110	10.36	19.400	5.599
111	10.50	19.540	5.649
112	10.72	19.720	5.700
113	10.84	19.900	5.749
114	10.98	20.060	5.799
115	11.22	20.240	5.849
116	11.36	20.380	5.899
117	11.48	20.560	5.950
118	11.58	20.740	5.999
119	11.82	20.900	6.049
120	11.96	21.080	6.099
121	12.06	21.220	6.150
122	12.26	21.400	6.199
123	12.38	21.560	6.250
124	12.50	21.740	6.299
125	12.60	21.920	6.349
126	12.18	22.060	6.399
127	11.84	22.240	6.449
128	11.70	22.400	6.499
129	11.84	22.580	6.549
130	11.94	22.720	6.599
131	12.06	22.900	6.649
132	12.18	23.060	6.699
133	12.44	23.240	6.750
134	12.56	23.400	6.799
135	12.68	23.560	6.849
136	12.82	23.740	6.900
137	5.66	23.900	6.950
138	0.02	24.060	6.999
139	0.14	24.240	7.049
140	0.00	24.420	7.100
141	0.00	24.580	7.149
142	0.00	24.680	7.199
143	0.00	24.680	7.249
144	0.00	24.680	7.300
145	0.00	24.680	7.349
146	0.00	24.680	7.399
147	0.00	24.680	7.449
148	0.00	24.680	7.500
149	0.00	24.680	7.549
150	0.00	24.680	7.600
151	0.00	24.680	7.649
152	0.00	24.680	7.699
153	0.00	24.680	7.749
154	0.00	24.680	7.799
155	0.00	24.680	7.849
156	0.00	24.680	7.899
157	0.00	24.680	7.949
158	0.00	24.680	7.999
159	0.00	24.680	8.050
160	0.00	24.680	8.099
161	0.00	24.680	8.149
162	0.00	24.680	8.200
163	0.00	24.680	8.249
164	-0.02	24.680	8.299
165	0.00	24.680	8.349
166	0.00	24.680	8.400
167	0.00	24.680	8.449
168	0.00	24.680	8.499
169	0.00	24.680	8.550
170	0.00	24.680	8.599
171	0.00	24.680	8.649
172	0.00	24.680	8.700
173	0.00	24.680	8.749
174	0.00	24.680	8.799
175	0.00	24.680	8.849
176	0.00	24.680	8.899
177	0.00	24.680	8.949
178	0.00	24.680	8.999
179	0.00	24.680	9.049
180	0.00	24.680	9.099
181	-0.02	24.680	9.149
182	0.00	24.680	9.200
183	0.00	24.680	9.249
184	0.00	24.680	9.299
185	0.00	24.680	9.349
186	0.00	24.680	9.399
187	0.00	24.680	9.449
188	0.00	24.680	9.499
189	0.00	24.680	9.550
190	-0.02	24.680	9.600
191	0.00	24.680	9.649
192	0.00	24.680	9.700
193	0.00	24.680	9.749
194	0.00	24.680	9.799
195	0.00	24.680	9.849
196	0.00	24.680	9.900
197	0.00	24.680	9.949
198	0.00	24.680	10.000
199	0.00	24.680	10.049
200	0.00	24.680	10.100
201	0.00	24.680	10.149
202	0.00	24.680	10.199
203	0.00	24.680	10.249
204	0.00	24.680	10.299
205	0.00	24.680	10.350
206	0.00	24.680	10.399
207	0.00	24.680	10.450
208	-0.02	24.680	10.500
209	0.00	24.680	10.550
210	0.00	24.680	10.599
211	0.00	24.680	10.649
212	0.00	24.680	10.699
213	0.00	24.680	10.749
214	0.00	24.680	10.799
215	0.00	24.680	10.849
216	0.00	24.680	10.899
217	0.00	24.680	10.950
218	0.00	24.680	10.999
219	0.00	24.680	11.049
220	0.00	24.680	11.099
221	0.00	24.680	11.150
222	-0.02	24.680	11.199
223	0.00	24.680	11.249
224	0.00	24.680	11.299
225	0.00	24.680	11.350
226	0.00	24.680	11.399
227	0.00	24.680	11.449
228	0.00	24.680	11.499
229	0.00	24.680	11.559
230	0.00	24.680	11.599
231	0.00	24.680	11.649
232	0.00	24.680	11.700
233	0.00	24.680	11.749
234	0.00	24.680	11.799
235	0.00	24.680	11.849
236	0.00	24.680	11.899
237	0.00	24.680	11.949
238	0.00	24.680	12.000
239	0.00	24.680	12.049
240	0.00	24.680	12.099
241	0.00	24.680	12.149
242	0.00	24.680	12.199
243	0.00	24.680	12.249
244	0.00	24.680	12.299
245	0.00	24.680	12.349
246	0.00	24.680	12.399
247	0.00	24.680	12.449
248	0.00	24.680	12.500
249	0.00	24.680	12.549
250	0.00	24.680	12.599
251	0.00	24.680	12.649
252	0.00	24.680	12.699
253	0.00	24.680	12.749
254	0.00	24.680	12.800
255	0.00	24.680	12.849
