11/6/2022  8:24 PM
Units: N
Readings: Continuous
X-Axis: Travel
Travel Unit: mm
Reading	Load	Travel	Time
1	-0.78	1.560	0.000
2	-0.08	1.560	0.218
3	-0.08	1.560	0.250
4	-0.08	1.560	0.299
5	-0.70	1.640	0.349
6	-0.54	1.800	0.400
7	-0.38	1.980	0.449
8	-0.32	2.120	0.499
9	0.00	2.300	0.549
10	0.16	2.480	0.599
11	0.30	2.640	0.650
12	0.42	2.800	0.699
13	0.58	2.960	0.749
14	0.62	3.140	0.799
15	0.66	3.300	0.849
16	0.78	3.460	0.900
17	0.86	3.620	0.949
18	0.92	3.800	0.999
19	0.98	3.980	1.049
20	1.10	4.140	1.099
21	1.16	4.300	1.150
22	1.22	4.480	1.199
23	1.36	4.640	1.249
24	1.42	4.820	1.300
25	1.48	5.000	1.350
26	1.54	5.140	1.399
27	1.68	5.320	1.450
28	1.76	5.480	1.500
29	1.84	5.620	1.550
30	1.96	5.800	1.599
31	2.04	5.960	1.650
32	2.10	6.140	1.699
33	2.18	6.320	1.749
34	2.30	6.500	1.799
35	2.38	6.640	1.849
36	2.46	6.820	1.900
37	2.54	6.980	1.950
38	2.66	7.160	1.999
39	2.62	7.300	2.049
40	2.68	7.480	2.099
41	2.84	7.640	2.149
42	2.92	7.820	2.200
43	3.00	8.000	2.250
44	3.08	8.140	2.299
45	3.18	8.320	2.350
46	3.26	8.500	2.399
47	3.34	8.660	2.450
48	3.50	8.820	2.499
49	3.58	8.980	2.549
50	3.68	9.160	2.600
51	3.70	9.320	2.649
52	3.84	9.480	2.699
53	3.92	9.640	2.749
54	4.02	9.820	2.800
55	4.22	10.000	2.849
56	4.30	10.140	2.899
57	4.36	10.320	2.949
58	4.44	10.480	3.000
59	4.64	10.660	3.049
60	4.74	10.820	3.099
61	4.84	10.980	3.149
62	4.94	11.140	3.199
63	5.12	11.320	3.249
64	5.18	11.500	3.299
65	5.26	11.640	3.349
66	5.46	11.820	3.399
67	5.56	11.980	3.450
68	5.66	12.160	3.500
69	5.78	12.340	3.549
70	5.94	12.480	3.599
71	6.02	12.640	3.650
72	6.14	12.840	3.699
73	6.36	13.000	3.749
74	6.46	13.140	3.800
75	6.58	13.320	3.850
76	6.68	13.500	3.899
77	6.88	13.660	3.949
78	6.96	13.840	3.999
79	7.06	14.020	4.049
80	7.30	14.160	4.100
81	7.40	14.340	4.149
82	7.50	14.500	4.199
83	7.62	14.680	4.250
84	7.80	14.820	4.299
85	7.90	15.000	4.350
86	8.02	15.160	4.400
87	8.14	15.340	4.449
88	8.32	15.480	4.499
89	8.42	15.660	4.549
90	8.54	15.840	4.599
91	8.70	16.000	4.649
92	8.78	16.160	4.699
93	8.88	16.320	4.750
94	8.96	16.500	4.800
95	9.16	16.660	4.849
96	9.24	16.840	4.900
97	9.34	17.000	4.949
98	9.54	17.140	5.000
99	9.62	17.320	5.049
100	9.68	17.460	5.099
101	9.64	17.640	5.149
102	9.70	17.800	5.199
103	9.78	17.980	5.250
104	9.82	18.160	5.299
105	9.92	18.320	5.349
106	9.96	18.480	5.400
107	10.00	18.640	5.449
108	9.98	18.820	5.500
109	9.84	18.960	5.549
110	8.90	19.140	5.599
111	7.74	19.320	5.650
112	-0.04	19.500	5.699
113	0.06	19.640	5.749
114	0.00	19.820	5.799
115	0.00	19.980	5.850
116	0.02	20.160	5.899
117	0.00	20.340	5.949
118	0.02	20.480	5.999
119	0.00	20.660	6.049
120	0.00	20.820	6.100
121	0.00	21.000	6.150
122	0.00	21.140	6.199
123	0.00	21.320	6.250
124	0.00	21.480	6.300
125	0.00	21.660	6.349
126	0.00	21.840	6.399
127	0.00	21.980	6.450
128	0.00	22.260	6.499
129	0.00	22.320	6.549
130	0.00	22.500	6.600
131	0.00	22.640	6.649
132	0.00	22.820	6.700
133	0.00	23.000	6.749
134	0.00	23.160	6.799
135	0.00	23.340	6.849
136	0.00	23.480	6.899
137	0.00	23.660	6.949
138	0.00	23.820	7.000
139	0.00	24.000	7.049
140	0.00	24.140	7.099
141	0.00	24.320	7.149
142	0.00	24.500	7.200
143	0.00	24.680	7.250
144	0.00	24.840	7.299
145	0.00	24.980	7.349
146	0.00	25.160	7.399
147	0.00	25.320	7.449
148	0.00	25.500	7.499
149	0.00	25.640	7.549
150	0.00	25.840	7.599
151	0.00	26.000	7.650
152	0.00	26.180	7.699
153	0.00	26.320	7.749
154	0.00	26.500	7.799
155	0.02	26.660	7.849
156	0.00	26.840	7.899
157	0.00	27.000	7.950
158	0.00	27.160	8.000
159	0.00	27.340	8.049
160	0.00	27.500	8.100
161	0.00	27.680	8.149
162	0.00	27.820	8.200
163	0.00	28.000	8.249
164	0.00	28.160	8.299
165	0.00	28.340	8.349
166	0.00	28.520	8.399
167	0.00	28.660	8.449
168	0.00	28.840	8.499
169	0.00	29.000	8.549
170	0.00	29.180	8.600
171	0.00	29.360	8.649
172	0.00	29.500	8.700
173	0.00	29.680	8.750
174	0.00	29.840	8.799
175	0.00	30.020	8.849
176	0.00	30.160	8.899
177	0.00	30.340	8.950
178	0.00	30.520	8.999
179	0.00	30.680	9.049
180	0.00	30.860	9.099
181	0.00	31.020	9.149
182	0.00	31.180	9.200
183	0.00	31.340	9.249
184	0.02	31.520	9.300
185	0.00	31.660	9.349
186	0.00	31.840	9.399
187	0.00	32.020	9.449
188	0.00	32.200	9.500
189	0.00	32.340	9.549
190	0.00	32.520	9.599
191	0.00	32.680	9.650
192	0.00	32.860	9.699
193	0.00	33.000	9.749
194	0.00	33.180	9.799
195	0.00	33.360	9.849
196	0.00	33.520	9.899
197	0.00	33.700	9.950
198	0.00	33.840	9.999
199	0.00	34.020	10.049
200	0.00	34.180	10.099
201	0.00	34.360	10.149
202	0.00	34.540	10.199
203	0.00	34.680	10.250
204	0.00	34.860	10.300
205	0.00	35.020	10.350
206	0.00	35.200	10.399
207	0.00	35.340	10.450
208	0.00	35.520	10.499
209	0.00	35.680	10.549
210	0.00	35.860	10.599
211	0.00	36.040	10.649
212	0.00	36.180	10.699
213	0.00	36.360	10.749
214	0.00	36.520	10.799
215	0.00	36.700	10.849
216	0.00	36.880	10.900
217	0.00	37.020	10.949
218	0.00	37.200	10.999
219	0.00	37.380	11.049
220	0.00	37.540	11.100
221	0.00	37.680	11.149
222	0.00	37.860	11.199
223	0.00	38.040	11.249
224	0.00	38.200	11.299
225	0.00	38.360	11.350
226	0.00	38.540	11.400
227	0.00	38.700	11.449
228	0.00	38.880	11.500
229	0.00	39.020	11.549
230	0.00	39.200	11.599
231	0.00	39.360	11.649
232	0.00	39.540	11.699
