11/13/2022  8:06 PM
Units: N
Readings: Continuous
X-Axis: Travel
Travel Unit: mm
Reading	Load	Travel	Time
1	-2.18	2.460	0.000
2	0.50	5.100	1.099
3	0.60	5.240	1.149
4	0.78	5.420	1.199
5	0.86	5.580	1.249
6	0.94	5.760	1.300
7	1.04	5.900	1.349
8	1.24	6.080	1.399
9	1.32	6.260	1.449
10	1.42	6.420	1.499
11	1.50	6.600	1.549
12	1.70	6.740	1.599
13	1.74	6.920	1.649
14	1.82	7.080	1.700
15	2.00	7.260	1.749
16	2.08	7.440	1.800
17	2.18	7.580	1.849
18	2.26	7.760	1.899
19	2.38	7.920	1.949
20	2.46	8.100	1.999
21	2.48	8.280	2.050
22	2.70	8.420	2.099
23	2.80	8.600	2.150
24	2.90	8.760	2.200
25	3.02	8.940	2.249
26	3.24	9.100	2.299
27	3.26	9.260	2.349
28	3.52	9.520	2.399
29	3.52	9.600	2.449
30	3.78	9.760	2.499
31	3.92	9.920	2.550
32	4.04	10.100	2.599
33	4.20	10.280	2.649
34	4.34	10.420	2.699
35	4.48	10.600	2.750
36	4.62	10.760	2.799
37	4.84	10.940	2.849
38	4.90	11.080	2.899
39	5.04	11.260	2.949
40	5.30	11.420	2.999
41	5.44	11.600	3.050
42	5.58	11.780	3.099
43	5.66	11.920	3.149
44	5.92	12.100	3.199
45	6.06	12.260	3.250
46	6.22	12.440	3.299
47	6.50	12.580	3.350
48	6.62	12.760	3.399
49	6.62	12.940	3.449
50	6.70	13.100	3.499
51	7.02	13.280	3.549
52	7.16	13.420	3.599
53	7.32	13.600	3.649
54	7.62	13.760	3.700
55	7.66	13.940	3.749
56	7.80	14.120	3.799
57	7.96	14.260	3.850
58	8.20	14.440	3.899
59	8.24	14.600	3.949
60	8.36	14.780	3.999
61	8.46	14.960	4.049
62	8.66	15.100	4.099
63	8.70	15.280	4.149
64	8.72	15.440	4.199
65	8.96	15.620	4.249
66	9.10	15.760	4.299
67	9.24	15.940	4.350
68	9.50	16.160	4.399
69	9.62	16.280	4.450
70	9.76	16.440	4.499
71	9.88	16.600	4.550
72	10.10	16.780	4.600
73	10.22	16.960	4.649
74	10.34	17.100	4.699
75	10.46	17.280	4.749
76	10.62	17.440	4.800
77	10.70	17.620	4.849
78	10.78	17.760	4.899
79	10.80	17.940	4.949
80	11.02	18.100	4.999
81	11.16	18.280	5.049
82	11.24	18.460	5.100
83	11.12	18.600	5.149
84	10.78	18.780	5.200
85	10.82	18.940	5.249
86	10.96	19.120	5.299
87	11.26	19.240	5.350
88	11.30	19.420	5.399
89	7.96	19.600	5.450
90	0.04	19.760	5.499
91	0.16	19.920	5.549
92	0.02	20.080	5.599
93	0.00	20.160	5.649
94	0.00	20.160	5.700
95	0.00	20.160	5.749
96	0.00	20.160	5.799
97	0.00	20.160	5.849
98	0.00	20.160	5.899
99	0.00	20.160	5.949
100	0.00	20.160	5.999
101	0.00	20.160	6.049
102	0.00	20.160	6.099
103	0.00	20.160	6.149
104	0.00	20.160	6.199
105	0.00	20.160	6.249
106	0.00	20.160	6.299
107	0.00	20.160	6.349
108	0.00	20.160	6.399
109	0.00	20.160	6.450
110	0.00	20.160	6.499
111	0.00	20.160	6.550
112	0.00	20.160	6.599
113	0.00	20.160	6.649
114	0.00	20.160	6.699
115	0.00	20.160	6.749
116	0.00	20.160	6.800
117	0.00	20.160	6.849
118	0.00	20.160	6.899
119	0.00	20.160	6.949
120	0.00	20.160	6.999
121	0.00	20.160	7.049
122	0.00	20.160	7.099
123	0.00	20.160	7.149
124	0.00	20.160	7.199
125	0.00	20.160	7.249
126	0.00	20.160	7.299
127	0.00	20.160	7.350
128	0.00	20.160	7.399
129	0.00	20.160	7.450
130	0.00	20.160	7.499
131	0.00	20.160	7.549
132	0.00	20.160	7.600
133	0.00	20.160	7.649
134	0.00	20.160	7.699
135	0.00	20.160	7.749
136	0.00	20.160	7.799
137	0.00	20.160	7.850
138	0.00	20.160	7.899
139	0.00	20.160	7.949
140	0.00	20.160	7.999
141	0.00	20.160	8.050
142	0.00	20.160	8.099
143	0.00	20.160	8.149
144	0.00	20.160	8.199
145	0.00	20.160	8.249
146	0.00	20.160	8.299
147	0.00	20.160	8.349
148	0.00	20.160	8.399
149	0.00	20.160	8.449
150	0.00	20.160	8.499
151	0.00	20.160	8.549
152	0.00	20.160	8.599
153	0.00	20.160	8.650
154	0.00	20.160	8.699
155	0.00	20.160	8.749
156	0.00	20.160	8.799
157	0.00	20.160	8.849
