11/6/2022  8:26 PM
Units: N
Readings: Continuous
X-Axis: Travel
Travel Unit: mm
Reading	Load	Travel	Time
1	-1.40	1.380	0.000
2	-0.32	1.380	0.172
3	-0.32	1.380	0.199
4	-0.32	1.380	0.250
5	-1.38	1.460	0.299
6	-1.10	1.620	0.350
7	-0.86	1.800	0.399
8	-0.66	1.980	0.449
9	-0.34	2.120	0.499
10	-0.20	2.300	0.550
11	-0.14	2.460	0.599
12	0.00	2.640	0.649
13	0.24	2.780	0.699
14	0.34	2.960	0.750
15	0.40	3.140	0.799
16	0.52	3.300	0.850
17	0.58	3.460	0.899
18	0.62	3.620	0.950
19	0.68	3.800	0.999
20	0.80	3.960	1.049
21	0.86	4.140	1.100
22	0.92	4.300	1.149
23	1.00	4.460	1.200
24	1.14	4.640	1.249
25	1.20	4.800	1.300
26	1.26	4.960	1.349
27	1.40	5.120	1.399
28	1.48	5.300	1.449
29	1.54	5.460	1.499
30	1.60	5.620	1.549
31	1.76	5.800	1.600
32	1.82	5.960	1.649
33	1.90	6.140	1.699
34	2.04	6.280	1.750
35	2.12	6.460	1.799
36	2.18	6.620	1.849
37	2.26	6.800	1.900
38	2.30	6.980	1.949
39	2.38	7.120	1.999
40	2.46	7.300	2.050
41	2.62	7.480	2.099
42	2.68	7.640	2.149
43	2.72	7.820	2.199
44	2.80	7.960	2.249
45	2.94	8.140	2.299
46	2.98	8.300	2.350
47	3.00	8.480	2.399
48	2.98	8.660	2.449
49	3.14	8.800	2.500
50	3.24	8.980	2.549
51	3.32	9.140	2.599
52	3.44	9.320	2.650
53	3.52	9.480	2.699
54	3.62	9.640	2.749
55	3.72	9.820	2.800
56	3.90	9.980	2.849
57	3.94	10.140	2.900
58	4.02	10.300	2.949
59	4.22	10.480	3.000
60	4.32	10.640	3.049
61	4.40	10.820	3.099
62	4.44	10.980	3.150
63	4.64	11.140	3.199
64	4.74	11.320	3.249
65	4.86	11.480	3.300
66	5.04	11.640	3.350
67	5.10	11.800	3.399
68	5.20	11.980	3.449
69	5.30	12.140	3.499
70	5.52	12.300	3.549
71	5.64	12.480	3.599
72	5.70	12.640	3.649
73	5.80	12.820	3.699
74	6.02	12.960	3.750
75	6.12	13.140	3.800
76	6.22	13.320	3.849
77	6.40	13.480	3.899
78	6.52	13.620	3.950
79	6.62	13.840	3.999
80	6.74	13.980	4.049
81	6.94	14.160	4.100
82	7.02	14.320	4.150
83	7.14	14.500	4.199
84	7.38	14.640	4.249
85	7.50	14.820	4.299
86	7.60	14.980	4.349
87	7.72	15.160	4.399
88	7.96	15.300	4.449
89	8.08	15.480	4.500
90	8.18	15.660	4.550
91	8.40	15.820	4.599
92	8.54	16.000	4.649
93	8.64	16.140	4.699
94	8.78	16.320	4.749
95	9.00	16.500	4.799
96	9.08	16.660	4.849
97	9.18	16.840	4.899
98	9.28	16.980	4.950
99	9.50	17.140	4.999
100	9.62	17.280	5.050
101	9.74	17.460	5.100
102	9.98	17.640	5.149
103	10.10	17.800	5.199
104	10.20	17.980	5.250
105	10.30	18.120	5.299
106	10.50	18.300	5.349
107	10.60	18.460	5.400
108	10.70	18.640	5.450
109	10.92	18.820	5.499
110	11.02	18.960	5.549
111	11.10	19.140	5.599
112	11.16	19.300	5.649
113	11.34	19.480	5.700
114	11.42	19.620	5.749
115	11.48	19.800	5.799
116	11.56	19.960	5.849
117	11.64	20.140	5.899
118	11.70	20.300	5.950
119	11.80	20.480	5.999
120	11.96	20.640	6.049
121	10.32	20.820	6.099
122	9.88	20.980	6.149
123	10.08	21.140	6.199
124	10.58	21.300	6.249
125	10.80	21.480	6.300
126	11.00	21.640	6.349
127	11.20	21.800	6.399
128	11.02	21.980	6.449
129	10.98	22.140	6.499
130	11.08	22.320	6.550
131	11.32	22.460	6.599
132	11.12	22.640	6.649
133	10.68	22.800	6.700
134	10.94	22.980	6.749
135	11.02	23.160	6.799
136	1.04	23.300	6.850
137	1.10	23.480	6.899
138	0.80	23.640	6.949
139	0.78	23.820	7.000
140	0.76	23.920	7.049
141	0.68	23.920	7.099
142	0.64	23.920	7.150
143	0.62	23.920	7.199
144	0.60	23.920	7.250
145	0.58	23.920	7.299
146	0.58	23.920	7.349
147	0.56	23.920	7.399
148	0.56	23.920	7.449
149	0.54	23.920	7.500
150	0.54	23.920	7.549
151	0.54	23.920	7.599
152	0.52	23.920	7.649
153	0.52	23.920	7.699
154	0.52	23.920	7.750
155	0.52	23.920	7.799
156	0.52	23.920	7.849
157	0.50	23.920	7.900
158	0.50	23.920	7.949
159	0.50	23.920	8.000
160	0.50	23.920	8.049
161	0.50	23.920	8.099
162	0.50	23.920	8.149
163	0.50	23.920	8.199
164	0.50	23.920	8.249
165	0.50	23.920	8.299
166	0.50	23.920	8.349
167	0.50	23.920	8.399
168	0.50	23.920	8.449
169	0.50	23.920	8.500
170	0.50	23.920	8.549
171	0.52	23.920	8.599
172	0.50	23.920	8.649
173	0.50	23.920	8.699
174	0.52	23.920	8.749
175	0.50	23.920	8.799
