11/13/2022  8:15 PM
Units: N
Readings: Continuous
X-Axis: Travel
Travel Unit: mm
Reading	Load	Travel	Time
1	-2.54	0.500	0.000
2	-2.54	0.500	0.050
3	-1.88	0.500	0.250
4	-1.88	0.500	0.301
5	-2.52	0.520	0.350
6	-2.44	0.660	0.400
7	-2.22	0.800	0.450
8	-1.72	0.980	0.500
9	-1.50	1.140	0.550
10	-1.30	1.320	0.600
11	-0.90	1.460	0.652
12	-0.70	1.640	0.701
13	-0.52	1.820	0.750
14	-0.38	1.980	0.800
15	-0.30	2.140	0.851
16	-0.30	2.320	0.900
17	-0.22	2.480	0.950
18	-0.08	2.640	1.000
19	0.18	2.800	1.050
20	0.30	2.980	1.100
21	0.38	3.140	1.151
22	0.54	3.320	1.200
23	0.60	3.460	1.250
24	0.66	3.640	1.300
25	0.72	3.800	1.350
26	0.84	3.980	1.400
27	0.92	4.140	1.451
28	0.98	4.300	1.500
29	1.08	4.480	1.550
30	1.14	4.640	1.601
31	1.20	4.820	1.650
32	1.26	4.960	1.701
33	1.36	5.140	1.750
34	1.42	5.320	1.801
35	1.46	5.480	1.850
36	1.52	5.660	1.901
37	1.64	5.800	1.951
38	1.70	5.980	2.000
39	1.74	6.140	2.051
40	1.84	6.320	2.100
41	1.90	6.500	2.150
42	1.94	6.640	2.202
43	2.00	6.820	2.250
44	2.14	7.000	2.301
45	2.18	7.160	2.351
46	2.26	7.340	2.400
47	2.38	7.480	2.451
48	2.46	7.660	2.501
49	2.52	7.820	2.550
50	2.60	8.000	2.600
51	2.76	8.140	2.651
52	2.82	8.320	2.700
53	2.90	8.500	2.750
54	3.08	8.660	2.800
55	3.16	8.820	2.850
56	3.24	8.980	2.900
57	3.32	9.160	2.950
58	3.50	9.340	3.000
59	3.58	9.480	3.050
60	3.66	9.660	3.100
61	3.84	9.820	3.150
62	3.94	10.000	3.200
63	4.04	10.140	3.250
64	4.12	10.320	3.300
65	4.30	10.480	3.350
66	4.40	10.660	3.400
67	4.50	10.840	3.450
68	4.60	10.980	3.500
69	4.82	11.160	3.550
70	4.92	11.320	3.600
71	5.04	11.500	3.650
72	5.18	11.640	3.700
73	5.30	11.820	3.750
74	5.40	11.980	3.800
75	5.52	12.160	3.850
76	5.76	12.340	3.900
77	5.86	12.480	3.950
78	5.98	12.660	4.000
79	6.20	12.820	4.050
80	6.32	13.000	4.100
81	6.44	13.140	4.150
82	6.56	13.320	4.200
83	6.72	13.500	4.250
84	6.86	13.660	4.300
85	6.98	13.840	4.350
86	7.12	14.020	4.400
87	7.38	14.160	4.450
88	7.46	14.340	4.500
89	7.56	14.500	4.550
90	7.84	14.680	4.600
91	7.98	14.820	4.650
92	8.12	15.000	4.700
93	8.24	15.180	4.750
94	8.42	15.340	4.800
95	8.56	15.500	4.850
96	8.70	15.660	4.900
97	8.98	15.840	4.950
98	9.12	16.000	5.000
99	9.28	16.160	5.050
100	9.40	16.340	5.101
101	9.64	16.500	5.150
102	9.78	16.680	5.200
103	9.94	16.840	5.250
104	10.08	17.000	5.300
105	10.28	17.160	5.350
106	10.44	17.340	5.400
107	10.60	17.500	5.450
108	10.90	17.660	5.500
109	11.04	17.840	5.550
110	11.18	18.000	5.600
111	11.32	18.180	5.650
112	11.16	18.320	5.700
113	11.10	18.500	5.750
114	11.20	18.660	5.800
115	11.40	18.840	5.850
116	11.54	19.020	5.900
117	11.68	19.140	5.950
118	11.82	19.320	6.000
119	12.12	19.480	6.050
120	12.26	19.640	6.100
121	12.40	19.800	6.150
122	12.70	19.980	6.200
123	12.82	20.140	6.250
124	12.98	20.300	6.300
125	13.12	20.480	6.350
126	13.44	20.660	6.400
127	13.58	20.820	6.450
128	13.74	21.000	6.500
129	14.00	21.140	6.550
130	14.14	21.320	6.600
131	14.30	21.480	6.650
132	14.44	21.660	6.700
133	14.74	21.840	6.750
134	14.88	21.980	6.800
135	15.00	22.160	6.850
136	15.14	22.320	6.900
137	15.44	22.500	6.950
138	15.60	22.640	7.000
139	15.74	22.820	7.050
140	16.02	23.000	7.100
141	16.12	23.160	7.150
142	13.28	23.340	7.200
143	0.06	23.480	7.250
144	0.06	23.660	7.300
145	0.00	23.820	7.350
146	0.00	23.920	7.400
147	0.00	23.920	7.450
148	0.00	23.920	7.500
149	0.00	23.920	7.550
150	0.00	23.920	7.600
151	0.00	23.920	7.650
152	0.00	23.920	7.700
153	0.00	23.920	7.750
154	0.00	23.920	7.800
155	0.00	23.920	7.850
156	0.00	23.920	7.900
157	0.00	23.920	7.950
158	0.00	23.920	8.000
159	0.00	23.920	8.050
160	0.00	23.920	8.100
161	0.00	23.920	8.150
162	0.00	23.920	8.200
163	0.00	23.920	8.250
164	0.00	23.920	8.300
165	0.00	23.920	8.350
166	0.00	23.920	8.400
167	0.00	23.920	8.450
168	0.00	23.920	8.500
