11/6/2022  8:30 PM
Units: N
Readings: Continuous
X-Axis: Travel
Travel Unit: mm
Reading	Load	Travel	Time
1	-4.72	-0.780	0.000
2	-0.64	1.660	1.094
3	-0.50	1.820	1.144
4	-0.36	2.000	1.195
5	-0.20	2.140	1.245
6	-0.04	2.320	1.294
7	0.14	2.500	1.344
8	0.38	2.660	1.395
9	0.48	2.840	1.445
10	0.58	3.020	1.494
11	0.68	3.160	1.545
12	0.84	3.340	1.594
13	0.90	3.500	1.644
14	0.96	3.680	1.694
15	1.02	3.820	1.745
16	1.14	4.000	1.794
17	1.18	4.160	1.844
18	1.24	4.340	1.894
19	1.36	4.520	1.945
20	1.42	4.660	1.994
21	1.46	4.840	2.044
22	1.52	5.000	2.094
23	1.60	5.180	2.145
24	1.64	5.340	2.194
25	1.72	5.500	2.245
26	1.84	5.680	2.294
27	1.92	5.840	2.345
28	1.96	6.000	2.395
29	2.04	6.160	2.444
30	2.18	6.340	2.495
31	2.24	6.520	2.545
32	2.32	6.680	2.595
33	2.46	6.840	2.645
34	2.52	7.000	2.695
35	2.58	7.180	2.744
36	2.64	7.340	2.795
37	2.72	7.500	2.845
38	2.76	7.660	2.894
39	2.82	7.840	2.945
40	2.96	8.020	2.994
41	3.04	8.160	3.044
42	3.12	8.340	3.095
43	3.20	8.500	3.144
44	3.38	8.680	3.194
45	3.48	8.820	3.244
46	3.56	9.000	3.295
47	3.64	9.180	3.344
48	3.84	9.340	3.395
49	3.92	9.520	3.444
50	4.02	9.660	3.494
51	4.22	9.840	3.544
52	4.30	10.020	3.595
53	4.40	10.180	3.644
54	4.50	10.360	3.694
55	4.68	10.500	3.744
56	4.78	10.680	3.794
57	4.90	10.860	3.844
58	5.10	11.020	3.894
59	5.20	11.200	3.944
60	5.32	11.340	3.995
61	5.42	11.520	4.044
62	5.60	11.680	4.094
63	5.68	11.860	4.145
64	5.80	12.000	4.194
65	6.02	12.180	4.245
66	6.14	12.360	4.294
67	6.24	12.520	4.345
68	6.36	12.680	4.395
69	6.58	12.840	4.445
70	6.66	13.020	4.495
71	6.76	13.180	4.545
72	6.88	13.360	4.595
73	7.10	13.520	4.645
74	7.22	13.680	4.694
75	7.36	13.860	4.744
76	7.60	14.020	4.794
77	7.72	14.180	4.844
78	7.82	14.340	4.895
79	7.92	14.520	4.944
80	8.18	14.680	4.994
81	8.32	14.840	5.045
82	8.44	15.020	5.094
83	8.68	15.180	5.144
84	8.80	15.360	5.195
85	8.94	15.500	5.244
86	9.02	15.680	5.295
87	9.30	15.860	5.344
88	9.44	16.020	5.395
89	9.58	16.200	5.445
90	9.72	16.380	5.494
91	9.98	16.520	5.544
92	10.12	16.700	5.594
93	10.22	16.860	5.644
94	10.48	17.040	5.694
95	10.62	17.160	5.744
96	10.74	17.340	5.794
97	10.86	17.500	5.845
98	11.06	17.660	5.895
99	11.16	17.840	5.944
100	11.28	18.000	5.994
101	11.54	18.180	6.044
102	11.66	18.320	6.095
103	11.78	18.500	6.145
104	11.90	18.660	6.194
105	12.08	18.840	6.244
106	12.16	19.020	6.295
107	12.22	19.160	6.344
108	12.32	19.340	6.394
109	12.48	19.500	6.445
110	12.46	19.680	6.494
111	12.24	19.820	6.545
112	12.08	20.000	6.594
113	11.96	20.180	6.644
114	12.08	20.440	6.694
115	12.08	20.520	6.744
116	12.18	20.660	6.794
117	12.22	20.840	6.844
118	11.84	21.000	6.894
119	11.36	21.180	6.944
120	11.20	21.360	6.994
121	11.08	21.500	7.044
122	11.06	21.680	7.094
123	0.02	21.840	7.145
124	0.14	22.020	7.194
125	0.02	22.160	7.244
126	0.02	22.360	7.294
127	0.00	22.500	7.344
128	0.00	22.500	7.394
129	0.00	22.500	7.444
130	0.02	22.500	7.494
131	0.00	22.500	7.544
132	0.00	22.500	7.595
133	0.00	22.500	7.645
134	0.00	22.460	7.694
135	0.00	22.460	7.744
136	0.00	22.460	7.795
137	0.00	22.460	7.844
138	0.00	22.460	7.894
139	0.00	22.460	7.944
140	0.00	22.460	7.994
141	0.00	22.460	8.044
142	0.00	22.460	8.094
143	0.00	22.460	8.144
144	0.00	22.460	8.194
145	0.00	22.460	8.245
146	0.00	22.460	8.294
147	0.00	22.460	8.344
148	0.00	22.460	8.394
149	0.02	22.460	8.444
150	0.00	22.460	8.494
151	0.00	22.460	8.544
