11/13/2022  8:21 PM
Units: N
Readings: Continuous
X-Axis: Travel
Travel Unit: mm
Reading	Load	Travel	Time
1	-1.62	2.320	0.000
2	0.88	2.320	0.206
3	0.88	2.320	0.245
4	0.88	2.320	0.295
5	-1.54	2.420	0.345
6	-1.32	2.580	0.395
7	-1.08	2.760	0.445
8	-0.64	2.920	0.495
9	-0.44	3.080	0.545
10	-0.34	3.240	0.595
11	-0.34	3.420	0.645
12	-0.32	3.600	0.695
13	-0.22	3.740	0.745
14	-0.06	3.920	0.795
15	0.16	4.080	0.845
16	0.24	4.260	0.895
17	0.30	4.440	0.945
18	0.36	4.580	0.995
19	0.52	4.760	1.045
20	0.60	4.920	1.095
21	0.66	5.100	1.146
22	0.80	5.240	1.195
23	0.88	5.420	1.245
24	0.94	5.580	1.295
25	1.00	5.760	1.345
26	1.06	5.940	1.395
27	1.00	6.120	1.445
28	1.02	6.260	1.495
29	1.08	6.420	1.545
30	1.20	6.600	1.596
31	1.28	6.780	1.645
32	1.34	6.920	1.696
33	1.48	7.100	1.745
34	1.54	7.260	1.796
35	1.62	7.440	1.845
36	1.70	7.600	1.895
37	1.84	7.760	1.945
38	1.92	7.940	1.995
39	2.00	8.100	2.045
40	2.16	8.280	2.095
41	2.26	8.440	2.145
42	2.34	8.600	2.195
43	2.40	8.780	2.245
44	2.56	8.940	2.295
45	2.66	9.100	2.345
46	2.74	9.260	2.395
47	2.82	9.440	2.445
48	2.94	9.600	2.495
49	3.06	9.760	2.545
50	3.16	9.940	2.595
51	3.36	10.100	2.645
52	3.46	10.280	2.695
53	3.56	10.420	2.745
54	3.66	10.600	2.795
55	3.78	10.760	2.845
56	3.90	10.940	2.895
57	4.02	11.080	2.945
58	4.24	11.260	2.995
59	4.36	11.440	3.045
60	4.48	11.600	3.095
61	4.56	11.780	3.145
62	4.72	11.920	3.195
63	4.84	12.100	3.245
64	4.96	12.280	3.296
65	5.18	12.460	3.345
66	5.30	12.620	3.395
67	5.36	12.760	3.445
68	5.48	12.940	3.495
69	5.74	13.100	3.545
70	5.86	13.280	3.595
71	5.98	13.420	3.645
72	6.12	13.600	3.695
73	6.30	13.760	3.745
74	6.44	13.960	3.795
75	6.60	14.120	3.845
76	6.86	14.300	3.895
77	7.00	14.440	3.945
78	7.06	14.620	3.995
79	7.18	14.780	4.045
80	7.48	14.960	4.095
81	7.60	15.100	4.145
82	7.74	15.280	4.195
83	8.04	15.460	4.245
84	8.18	15.620	4.295
85	8.18	15.780	4.345
86	8.24	15.940	4.395
87	8.54	16.120	4.445
88	8.68	16.280	4.495
89	8.78	16.440	4.545
90	8.94	16.620	4.595
91	8.98	16.780	4.645
92	9.08	16.960	4.695
93	9.14	17.100	4.745
94	9.36	17.280	4.795
95	9.50	17.440	4.845
96	9.62	17.620	4.895
97	9.66	17.760	4.945
98	9.80	17.940	4.995
99	9.88	18.120	5.045
100	9.96	18.280	5.095
101	10.16	18.460	5.145
102	10.14	18.600	5.195
103	9.96	18.780	5.245
104	9.64	18.940	5.295
105	8.66	19.120	5.345
106	8.34	19.260	5.395
107	7.12	19.420	5.445
108	5.52	19.600	5.495
109	4.72	19.760	5.545
110	4.36	19.920	5.595
111	3.66	20.100	5.645
112	0.14	20.280	5.695
113	0.02	20.440	5.746
114	0.00	20.620	5.795
115	0.00	20.760	5.845
116	0.00	20.940	5.895
117	0.00	21.100	5.945
118	0.00	21.280	5.995
119	0.00	21.420	6.045
120	0.00	21.600	6.095
121	0.00	21.780	6.146
122	0.00	21.940	6.196
123	0.00	22.120	6.245
124	0.00	22.260	6.295
125	0.00	22.440	6.345
126	0.00	22.600	6.395
127	0.00	22.780	6.446
128	0.00	22.960	6.496
129	0.00	23.100	6.545
130	0.00	23.280	6.595
131	0.00	23.440	6.645
132	0.00	23.620	6.696
133	0.00	23.760	6.745
134	0.00	23.940	6.795
135	0.00	24.120	6.845
136	0.00	24.280	6.895
137	0.00	24.460	6.945
138	0.00	24.600	6.995
139	0.00	24.780	7.045
140	0.00	24.960	7.095
141	0.00	25.120	7.145
142	0.00	25.280	7.195
143	0.00	25.440	7.245
144	0.00	25.620	7.295
145	0.00	25.780	7.345
146	0.00	25.940	7.395
147	0.00	26.100	7.445
148	0.00	26.280	7.496
149	0.00	26.460	7.546
150	0.00	26.600	7.595
151	0.00	26.780	7.646
152	0.00	26.960	7.695
153	0.00	27.120	7.745
154	0.00	27.300	7.795
155	0.00	27.440	7.845
156	0.00	27.620	7.895
157	0.00	27.780	7.945
158	0.00	27.960	7.996
159	0.00	28.140	8.045
160	0.00	28.280	8.095
161	0.00	28.460	8.146
162	0.00	28.620	8.195
163	0.00	28.800	8.245
164	0.00	28.940	8.295
165	0.00	29.120	8.346
166	0.00	29.300	8.395
