11/6/2022  8:28 PM
Units: N
Readings: Continuous
X-Axis: Travel
Travel Unit: mm
Reading	Load	Travel	Time
1	-2.24	0.800	0.000
2	-2.24	0.800	0.051
3	-0.94	0.800	0.241
4	-0.94	0.800	0.250
5	-0.94	0.800	0.300
6	-2.22	0.820	0.350
7	-2.12	0.960	0.400
8	-1.60	1.140	0.450
9	-1.34	1.280	0.501
10	-1.08	1.460	0.550
11	-0.88	1.640	0.600
12	-0.50	1.800	0.650
13	-0.34	1.980	0.700
14	-0.32	2.120	0.751
15	-0.30	2.300	0.800
16	0.04	2.460	0.851
17	0.22	2.640	0.900
18	0.34	2.800	0.950
19	0.50	2.960	1.001
20	0.58	3.140	1.050
21	0.66	3.300	1.101
22	0.74	3.460	1.151
23	0.86	3.620	1.200
24	0.94	3.800	1.250
25	1.00	3.960	1.301
26	1.10	4.140	1.350
27	1.14	4.300	1.401
28	1.22	4.460	1.451
29	1.28	4.640	1.500
30	1.44	4.800	1.550
31	1.50	4.960	1.601
32	1.60	5.140	1.651
33	1.78	5.300	1.700
34	1.86	5.480	1.750
35	1.94	5.620	1.800
36	1.96	5.800	1.850
37	2.10	5.960	1.901
38	2.18	6.140	1.950
39	2.28	6.320	2.000
40	2.48	6.600	2.050
41	2.48	6.640	2.100
42	2.58	6.800	2.150
43	2.68	6.980	2.200
44	2.92	7.160	2.251
45	3.00	7.300	2.300
46	3.06	7.480	2.350
47	3.18	7.640	2.400
48	3.42	7.820	2.451
49	3.54	8.000	2.501
50	3.60	8.140	2.550
51	3.84	8.320	2.600
52	3.98	8.480	2.650
53	4.10	8.660	2.700
54	4.20	8.800	2.750
55	4.36	8.980	2.800
56	4.50	9.140	2.851
57	4.66	9.320	2.900
58	4.80	9.480	2.950
59	5.00	9.640	3.000
60	5.14	9.820	3.050
61	5.30	9.980	3.100
62	5.60	10.140	3.150
63	5.66	10.300	3.200
64	5.74	10.480	3.250
65	5.90	10.640	3.300
66	6.20	10.820	3.350
67	6.36	10.980	3.401
68	6.50	11.140	3.450
69	6.72	11.320	3.501
70	6.86	11.480	3.551
71	7.02	11.640	3.600
72	7.16	11.800	3.650
73	7.44	11.980	3.701
74	7.52	12.160	3.750
75	7.66	12.300	3.800
76	7.88	12.480	3.851
77	8.02	12.640	3.900
78	8.18	12.820	3.950
79	8.32	12.960	4.001
80	8.62	13.140	4.050
81	8.70	13.320	4.100
82	8.82	13.480	4.151
83	8.96	13.660	4.200
84	9.22	13.840	4.250
85	9.36	13.980	4.300
86	9.48	14.160	4.350
87	9.62	14.320	4.400
88	9.72	14.500	4.450
89	9.82	14.640	4.500
90	9.92	14.820	4.550
91	9.94	15.000	4.601
92	9.96	15.160	4.650
93	9.96	15.340	4.701
94	9.04	15.480	4.751
95	8.66	15.660	4.800
96	8.76	15.820	4.850
97	8.92	16.000	4.901
98	9.28	16.160	4.950
99	9.46	16.320	5.001
100	9.62	16.500	5.051
101	9.96	16.660	5.100
102	10.12	16.840	5.150
103	10.28	16.980	5.201
104	10.42	17.140	5.250
105	10.68	17.320	5.300
106	10.82	17.460	5.351
107	10.94	17.640	5.400
108	11.06	17.800	5.450
109	11.32	17.980	5.500
110	11.44	18.120	5.551
111	11.58	18.300	5.600
112	11.86	18.480	5.650
113	11.98	18.640	5.701
114	12.04	18.820	5.750
115	12.16	18.960	5.800
116	12.44	19.140	5.851
117	12.56	19.300	5.900
118	12.66	19.480	5.950
119	12.88	19.620	6.000
120	13.00	19.800	6.050
121	13.14	19.980	6.100
122	13.28	20.140	6.151
123	13.50	20.300	6.200
124	13.64	20.480	6.250
125	13.78	20.640	6.300
126	13.98	20.820	6.350
127	14.06	20.980	6.400
128	14.06	21.140	6.450
129	14.02	21.300	6.500
130	14.24	21.480	6.550
131	14.36	21.640	6.601
132	14.46	21.800	6.650
133	14.60	21.980	6.700
134	14.88	22.140	6.751
135	15.02	22.320	6.800
136	15.16	22.500	6.850
137	15.04	22.640	6.901
138	14.92	22.820	6.950
139	15.00	22.980	7.000
140	15.12	23.160	7.050
141	14.92	23.300	7.100
142	14.72	23.480	7.150
143	14.52	23.640	7.200
144	14.58	23.820	7.251
145	14.66	24.000	7.300
146	14.54	24.140	7.350
147	14.32	24.320	7.401
148	13.76	24.480	7.450
149	0.00	24.660	7.500
150	0.58	24.840	7.551
151	0.02	24.980	7.601
152	0.00	25.000	7.651
153	0.02	25.000	7.700
154	0.02	25.000	7.750
155	0.00	25.000	7.801
156	0.02	25.000	7.850
157	0.00	25.000	7.900
158	0.00	25.000	7.951
159	0.00	25.000	8.000
160	0.00	25.000	8.051
161	0.00	25.000	8.101
162	0.00	25.000	8.150
163	0.00	25.000	8.200
164	0.00	25.000	8.250
165	0.02	25.000	8.300
166	0.00	25.000	8.350
167	0.00	25.000	8.400
168	0.00	25.000	8.451
169	0.00	25.000	8.500
170	0.00	25.000	8.551
171	0.00	25.000	8.601
