11/13/2022  8:39 PM
Units: N
Readings: Continuous
X-Axis: Travel
Travel Unit: mm
Reading	Load	Travel	Time
1	-0.54	2.380	0.000
2	-0.54	2.380	0.049
3	-0.54	2.380	0.099
4	0.14	2.400	0.267
5	0.14	2.400	0.299
6	0.14	2.400	0.349
7	-0.46	2.480	0.399
8	-0.34	2.640	0.449
9	-0.32	2.800	0.499
10	-0.32	2.960	0.549
11	-0.22	3.140	0.599
12	-0.08	3.320	0.649
13	0.06	3.460	0.699
14	0.28	3.640	0.749
15	0.36	3.800	0.799
16	0.44	3.980	0.849
17	0.52	4.140	0.899
18	0.68	4.300	0.949
19	0.76	4.480	1.001
20	0.84	4.640	1.049
21	0.94	4.820	1.099
22	1.00	4.960	1.149
23	1.06	5.140	1.199
24	1.12	5.300	1.249
25	1.24	5.480	1.299
26	1.30	5.620	1.349
27	1.36	5.800	1.399
28	1.42	5.980	1.449
29	1.46	6.140	1.499
30	1.50	6.320	1.549
31	1.56	6.460	1.599
32	1.68	6.640	1.649
33	1.76	6.820	1.699
34	1.84	6.980	1.749
35	1.90	7.160	1.799
36	2.06	7.340	1.849
37	2.14	7.480	1.899
38	2.20	7.660	1.949
39	2.30	7.820	1.999
40	2.38	8.000	2.049
41	2.46	8.140	2.099
42	2.56	8.320	2.149
43	2.74	8.500	2.199
44	2.78	8.660	2.249
45	2.86	8.820	2.299
46	3.04	8.980	2.349
47	3.14	9.160	2.399
48	3.22	9.320	2.449
49	3.28	9.480	2.499
50	3.46	9.640	2.549
51	3.56	9.820	2.599
52	3.68	10.000	2.649
53	3.76	10.140	2.699
54	3.92	10.320	2.749
55	4.02	10.480	2.799
56	4.14	10.660	2.849
57	4.34	10.840	2.899
58	4.42	10.980	2.949
59	4.52	11.160	2.999
60	4.64	11.320	3.049
61	4.86	11.500	3.099
62	4.98	11.640	3.149
63	5.08	11.820	3.199
64	5.26	11.980	3.249
65	5.40	12.160	3.299
66	5.48	12.340	3.349
67	5.58	12.480	3.399
68	5.84	12.660	3.449
69	5.96	12.820	3.499
70	6.04	13.000	3.549
71	6.30	13.140	3.599
72	6.44	13.320	3.649
73	6.56	13.500	3.700
74	6.70	13.660	3.749
75	6.94	13.840	3.799
76	7.06	14.020	3.849
77	7.20	14.160	3.899
78	7.34	14.340	3.949
79	7.56	14.500	4.000
80	7.70	14.680	4.049
81	7.84	14.820	4.099
82	8.10	15.000	4.149
83	8.24	15.160	4.199
84	8.38	15.340	4.250
85	8.54	15.500	4.299
86	8.82	15.660	4.349
87	8.96	15.840	4.399
88	9.06	16.000	4.450
89	9.36	16.160	4.499
90	9.50	16.340	4.549
91	9.66	16.500	4.600
92	9.82	16.680	4.649
93	10.10	16.840	4.700
94	10.24	17.000	4.749
95	10.38	17.160	4.799
96	10.62	17.340	4.849
97	10.76	17.520	4.899
98	10.88	17.660	4.949
99	11.02	17.840	5.000
100	11.34	18.000	5.049
101	11.50	18.180	5.100
102	11.62	18.320	5.149
103	11.76	18.500	5.199
104	12.04	18.660	5.249
105	12.18	18.840	5.299
106	12.28	19.020	5.349
107	12.46	19.140	5.399
108	12.32	19.320	5.449
109	11.44	19.480	5.499
110	11.22	19.640	5.549
111	11.38	19.800	5.600
112	11.54	19.980	5.649
113	11.58	20.140	5.699
114	11.66	20.300	5.749
115	11.98	20.480	5.800
116	12.12	20.660	5.849
117	12.26	20.820	5.899
118	12.54	21.000	5.949
119	12.64	21.140	6.000
120	12.66	21.320	6.049
121	-0.02	21.480	6.100
122	0.26	21.660	6.149
123	0.04	21.840	6.199
124	0.00	21.980	6.250
125	0.00	22.160	6.299
126	0.00	22.160	6.349
127	0.00	22.160	6.399
128	0.00	22.160	6.449
129	0.00	22.160	6.499
130	0.00	22.160	6.549
131	0.00	22.160	6.599
132	0.00	22.160	6.649
133	0.00	22.160	6.699
134	0.00	22.160	6.750
135	0.00	22.160	6.799
136	0.00	22.160	6.849
137	0.00	22.160	6.899
138	0.00	22.160	6.950
139	0.00	22.160	6.999
140	0.00	22.160	7.049
141	0.00	22.160	7.100
142	0.00	22.160	7.149
143	0.00	22.160	7.200
144	0.00	22.160	7.249
145	0.00	22.160	7.299
146	0.00	22.160	7.350
147	0.00	22.160	7.399
148	0.00	22.160	7.449
149	0.00	22.160	7.499
150	0.00	22.160	7.549
151	0.00	22.160	7.600
152	0.00	22.160	7.649
153	0.00	22.160	7.700
154	0.00	22.160	7.750
155	0.00	22.160	7.800
156	0.00	22.160	7.849
157	0.00	22.160	7.899
158	0.00	22.160	7.950
159	0.00	22.160	7.999
160	0.00	22.160	8.049
161	0.00	22.160	8.099
162	0.00	22.160	8.149
163	0.00	22.160	8.200
164	0.00	22.160	8.249
165	0.00	22.160	8.299
166	0.00	22.160	8.349
167	0.00	22.160	8.399
168	0.00	22.160	8.449
169	0.00	22.160	8.499
170	0.00	22.160	8.549
171	0.00	22.160	8.599
172	0.00	22.160	8.649
173	0.00	22.160	8.699
174	0.00	22.160	8.750
175	0.00	22.160	8.800
176	0.00	22.160	8.849
177	0.00	22.160	8.899
178	0.00	22.160	8.949
179	0.00	22.160	9.000
180	0.00	22.160	9.049
181	0.00	22.160	9.099
182	0.00	22.160	9.149
183	0.00	22.160	9.200
184	0.00	22.160	9.249
185	0.00	22.160	9.299
186	0.00	22.160	9.349
187	0.00	22.160	9.399
188	0.00	22.160	9.449
189	0.00	22.160	9.499
190	0.00	22.160	9.549
191	0.00	22.160	9.599
192	0.00	22.160	9.649
193	0.00	22.160	9.699
194	0.00	22.160	9.749
195	0.00	22.160	9.799
196	0.00	22.160	9.849
197	0.00	22.160	9.899
198	0.00	22.160	9.949
199	0.00	22.160	9.999
200	0.00	22.160	10.049
201	0.00	22.160	10.099
202	0.00	22.160	10.149
203	0.00	22.160	10.200
204	0.00	22.160	10.249
205	0.00	22.160	10.299
206	0.00	22.160	10.349
207	0.00	22.160	10.399
208	0.00	22.160	10.449
209	0.00	22.160	10.500
210	0.00	22.160	10.549
211	0.00	22.160	10.599
212	0.00	22.160	10.649
213	0.00	22.160	10.699
214	0.00	22.160	10.749
215	0.00	22.160	10.799
216	0.00	22.160	10.849
217	0.00	22.160	10.900
218	0.00	22.160	10.949
219	0.00	22.160	10.999
220	0.00	22.160	11.049
221	0.00	22.160	11.099
222	0.00	22.160	11.149
223	0.00	22.160	11.199
224	0.00	22.160	11.250
225	0.00	22.160	11.299
226	0.00	22.160	11.350
227	0.00	22.160	11.399
228	0.00	22.160	11.449
229	0.00	22.160	11.500
230	0.00	22.160	11.549
231	0.00	22.160	11.599
232	0.00	22.160	11.650
233	0.00	22.160	11.699
234	0.00	22.160	11.749
235	0.00	22.160	11.799
236	0.00	22.160	11.849
237	0.00	22.160	11.900
238	0.00	22.160	11.949
239	0.00	22.160	11.999
240	0.00	22.160	12.049
241	0.00	22.160	12.099
242	0.00	22.160	12.149
243	0.00	22.160	12.199
244	0.00	22.160	12.249
245	0.00	22.160	12.299
246	0.00	22.160	12.349
247	0.00	22.160	12.399
248	0.00	22.160	12.449
249	0.00	22.160	12.499
250	0.00	22.160	12.549
251	0.00	22.160	12.599
252	0.00	22.160	12.649
253	0.00	22.160	12.699
254	0.00	22.160	12.750
255	0.00	22.160	12.799
256	0.00	22.160	12.850
257	0.00	22.160	12.899
258	0.00	22.160	12.949
259	0.00	22.160	13.000
260	0.00	22.160	13.049
261	0.00	22.160	13.099
262	0.00	22.160	13.149
263	0.00	22.160	13.199
264	0.00	22.160	13.249
265	0.00	22.160	13.300
266	0.00	22.160	13.349
267	0.00	22.160	13.399
268	0.00	22.160	13.449
269	0.00	22.160	13.499
270	0.00	22.160	13.550
271	0.00	22.160	13.599
272	0.00	22.160	13.650
273	0.00	22.160	13.699
274	0.00	22.160	13.750
275	0.00	22.160	13.799
276	0.00	22.160	13.850
277	0.00	22.160	13.899
278	0.00	22.160	13.949
279	0.00	22.160	13.999
280	0.00	22.160	14.049
281	0.00	22.160	14.099
282	0.00	22.160	14.149
283	0.00	22.160	14.199
284	0.00	22.160	14.249
285	0.00	22.160	14.299
286	0.00	22.160	14.349
287	0.00	22.160	14.399
288	0.00	22.160	14.450
289	0.00	22.160	14.500
290	0.00	22.160	14.549
291	0.00	22.160	14.599
292	0.00	22.160	14.649
293	0.00	22.160	14.699
294	0.00	22.160	14.749
295	0.00	22.160	14.800
296	0.00	22.160	14.849
297	0.00	22.160	14.899
298	0.00	22.160	14.949
299	0.00	22.160	14.999
300	0.00	22.160	15.049
301	0.00	22.160	15.099
302	0.00	22.160	15.149
303	0.00	22.160	15.199
304	0.00	22.160	15.249
305	0.00	22.160	15.299
306	0.00	22.160	15.349
307	0.00	22.160	15.399
308	0.00	22.160	15.449
309	0.00	22.160	15.500
310	0.00	22.160	15.549
311	0.00	22.160	15.599
312	0.00	22.160	15.649
313	0.00	22.160	15.699
314	0.00	22.160	15.749
315	0.00	22.160	15.799
316	0.00	22.160	15.849
317	0.00	22.160	15.899
318	0.00	22.160	15.949
319	0.00	22.160	16.000
320	0.00	22.160	16.049
321	0.00	22.160	16.100
322	0.00	22.160	16.149
323	0.00	22.160	16.199
324	0.00	22.160	16.249
325	0.00	22.160	16.299
326	0.00	22.160	16.349
327	0.00	22.160	16.400
328	0.00	22.160	16.449
329	0.00	22.160	16.499
330	0.00	22.160	16.549
331	0.00	22.160	16.599
332	0.00	22.160	16.649
333	0.00	22.160	16.699
334	0.00	22.160	16.749
335	0.00	22.160	16.799
336	0.00	22.160	16.849
337	0.00	22.160	16.899
338	0.00	22.160	16.949
339	0.00	22.160	16.999
340	0.00	22.160	17.050
341	0.00	22.160	17.100
342	0.00	22.160	17.149
343	0.00	22.160	17.199
344	0.00	22.160	17.249
345	0.00	22.160	17.299
346	0.00	22.160	17.349
347	0.00	22.160	17.399
348	0.00	22.160	17.449
349	0.00	22.160	17.499
350	0.00	22.160	17.550
351	0.00	22.160	17.599
352	0.00	22.160	17.649
353	0.00	22.160	17.699
354	0.00	22.160	17.749
355	0.00	22.160	17.800
356	0.00	22.160	17.850
357	0.00	22.160	17.899
358	0.00	22.160	17.949
359	0.00	22.160	18.000
360	0.00	22.160	18.049
361	0.00	22.160	18.099
362	0.00	22.160	18.149
363	0.00	22.160	18.199
364	0.00	22.160	18.249
365	0.00	22.160	18.299
366	0.00	22.160	18.349
367	0.00	22.160	18.400
368	0.00	22.160	18.449
369	0.00	22.160	18.499
370	0.00	22.160	18.549
371	0.00	22.160	18.600
372	0.00	22.160	18.649
373	0.00	22.160	18.699
374	0.00	22.160	18.749
375	0.00	22.160	18.799
376	0.00	22.160	18.849
377	0.00	22.160	18.899
378	0.00	22.160	18.949
379	0.00	22.160	18.999
380	0.00	22.160	19.049
381	0.00	22.160	19.099
382	0.00	22.160	19.149
383	0.00	22.160	19.199
384	0.00	22.160	19.249
385	0.00	22.160	19.299
386	0.00	22.160	19.349
387	0.00	22.160	19.399
388	0.00	22.160	19.449
389	0.00	22.160	19.499
390	0.00	22.160	19.549
391	0.00	22.160	19.599
392	0.00	22.160	19.649
393	0.00	22.160	19.699
394	0.00	22.160	19.749
395	0.00	22.160	19.799
396	0.00	22.160	19.849
397	0.00	22.160	19.899
398	0.00	22.160	19.949
399	0.00	22.160	19.999
400	0.00	22.160	20.049
401	0.00	22.160	20.099
402	0.00	22.160	20.149
403	0.00	22.160	20.199
404	0.00	22.160	20.249
405	0.00	22.160	20.299
406	0.00	22.160	20.349
407	0.00	22.160	20.399
408	0.00	22.160	20.449
409	0.00	22.160	20.499
410	0.00	22.160	20.550
411	0.00	22.160	20.599
412	0.00	22.160	20.649
413	0.00	22.160	20.699
414	0.00	22.160	20.749
415	0.00	22.160	20.799
416	0.00	22.160	20.849
417	0.00	22.160	20.899
418	0.00	22.160	20.950
419	0.00	22.160	21.000
420	0.00	22.160	21.049
421	0.00	22.160	21.099
422	0.00	22.160	21.149
423	0.00	22.160	21.199
424	0.00	22.160	21.250
425	0.00	22.160	21.299
426	0.00	22.160	21.349
427	0.00	22.160	21.399
428	0.00	22.160	21.449
429	0.00	22.160	21.500
430	0.00	22.160	21.549
431	0.00	22.160	21.599
432	0.00	22.160	21.649
433	0.00	22.160	21.699
434	0.00	22.160	21.750
435	0.00	22.160	21.800
436	0.00	22.160	21.849
437	0.00	22.160	21.899
438	0.00	22.160	21.950
439	0.00	22.160	22.000
440	0.00	22.160	22.049
441	0.00	22.160	22.099
442	0.00	22.160	22.149
443	0.00	22.160	22.199
444	0.00	22.160	22.249
445	0.00	22.160	22.300
446	0.00	22.160	22.349
447	0.00	22.160	22.400
448	0.00	22.160	22.449
449	0.00	22.160	22.500
450	0.00	22.160	22.549
451	0.00	22.160	22.599
452	0.00	22.160	22.650
453	0.00	22.160	22.699
454	0.00	22.160	22.749
455	0.00	22.160	22.799
456	0.00	22.160	22.849
457	0.00	22.160	22.899
458	0.00	22.160	22.949
459	0.00	22.160	23.000
460	0.00	22.160	23.049
461	0.00	22.160	23.100
462	0.00	22.160	23.149
463	0.00	22.160	23.200
464	0.00	22.160	23.250
465	0.00	22.160	23.299
466	0.00	22.160	23.349
467	0.00	22.160	23.399
468	0.00	22.160	23.449
469	0.00	22.160	23.500
470	0.00	22.160	23.549
471	0.00	22.160	23.599
472	0.00	22.160	23.649
473	0.00	22.160	23.699
474	0.00	22.160	23.750
475	0.00	22.160	23.799
476	0.00	22.160	23.849
477	0.00	22.160	23.900
478	0.00	22.160	23.950
479	0.00	22.160	23.999
480	0.00	22.160	24.049
481	0.00	22.160	24.099
482	0.00	22.160	24.149
483	0.00	22.160	24.200
484	0.00	22.160	24.249
485	0.00	22.160	24.300
486	0.00	22.160	24.349
487	0.00	22.160	24.399
488	0.00	22.160	24.450
489	0.00	22.160	24.499
490	0.00	22.160	24.549
491	0.00	22.160	24.599
492	0.00	22.160	24.649
493	0.00	22.160	24.699
494	0.00	22.160	24.750
495	0.00	22.160	24.799
496	0.00	22.160	24.849
497	0.00	22.160	24.899
498	0.00	22.160	24.949
499	0.00	22.160	24.999
500	0.00	22.160	25.049
501	0.00	22.160	25.100
502	0.00	22.160	25.149
503	0.00	22.160	25.200
504	0.00	22.160	25.249
505	0.00	22.160	25.299
506	0.00	22.160	25.350
507	0.00	22.160	25.399
508	0.00	22.160	25.449
509	0.00	22.160	25.499
510	0.00	22.160	25.550
511	0.00	22.160	25.599
512	0.00	22.160	25.649
513	0.00	22.160	25.699
514	0.00	22.160	25.749
515	0.00	22.160	25.799
516	0.00	22.160	25.850
517	0.00	22.160	25.899
518	0.00	22.160	25.949
519	0.00	22.160	26.000
520	0.00	22.160	26.049
521	0.00	22.160	26.099
522	0.00	22.160	26.150
523	0.00	22.160	26.199
524	0.00	22.160	26.250
525	0.00	22.160	26.299
526	0.00	22.160	26.349
527	0.00	22.160	26.400
528	0.00	22.160	26.449
529	0.00	22.160	26.499
530	0.00	22.160	26.549
531	0.00	22.160	26.599
532	0.00	22.160	26.649
533	0.00	22.160	26.699
534	0.00	22.160	26.749
535	0.00	22.160	26.799
536	0.00	22.160	26.849
537	0.00	22.160	26.899
538	0.00	22.160	26.949
539	0.00	22.160	26.999
540	0.00	22.160	27.049
541	0.00	22.160	27.099
542	0.00	22.160	27.149
543	0.00	22.160	27.200
544	0.00	22.160	27.249
545	0.00	22.160	27.299
546	0.00	22.160	27.350
547	0.00	22.160	27.399
548	0.00	22.160	27.450
549	0.00	22.160	27.499
550	0.00	22.160	27.550
551	0.00	22.160	27.599
552	0.00	22.160	27.649
553	0.00	22.160	27.699
554	0.00	22.160	27.749
555	0.00	22.160	27.800
556	0.00	22.160	27.849
557	0.00	22.160	27.900
558	0.00	22.160	27.950
559	0.00	22.160	28.000
560	0.00	22.160	28.049
561	0.00	22.160	28.100
562	0.00	22.160	28.149
563	0.00	22.160	28.200
564	0.00	22.160	28.249
565	0.00	22.160	28.299
566	0.00	22.160	28.349
567	0.00	22.160	28.400
568	0.00	22.160	28.449
569	0.00	22.160	28.499
570	0.00	22.160	28.549
571	0.00	22.160	28.599
572	0.00	22.160	28.649
573	0.00	22.160	28.699
574	0.00	22.160	28.750
575	0.00	22.160	28.800
576	0.00	22.160	28.849
577	0.00	22.160	28.899
578	0.00	22.160	28.949
579	0.00	22.160	28.999
580	0.00	22.160	29.049
581	0.00	22.160	29.099
582	0.00	22.160	29.149
583	0.00	22.160	29.199
584	0.00	22.160	29.250
585	0.00	22.160	29.299
586	0.00	22.160	29.349
587	0.00	22.160	29.399
588	0.00	22.160	29.449
589	0.00	22.160	29.499
590	0.00	22.160	29.549
591	0.00	22.160	29.600
592	0.00	22.160	29.649
593	0.00	22.160	29.699
594	0.00	22.160	29.749
595	0.00	22.160	29.800
596	0.00	22.160	29.849
597	0.00	22.160	29.899
598	0.00	22.160	29.949
599	0.00	22.160	29.999
600	0.00	22.160	30.050
601	0.00	22.160	30.099
602	0.00	22.160	30.150
603	0.00	22.160	30.199
604	0.00	22.160	30.250
605	0.00	22.160	30.299
606	0.00	22.160	30.349
607	0.00	22.160	30.399
608	0.00	22.160	30.449
609	0.00	22.160	30.499
610	0.00	22.160	30.549
611	0.00	22.160	30.599
612	0.00	22.160	30.649
613	0.00	22.160	30.699
614	0.00	22.160	30.750
615	0.00	22.160	30.800
616	0.00	22.160	30.849
617	0.00	22.160	30.900
618	0.00	22.160	30.949
619	0.00	22.160	30.999
620	0.00	22.160	31.049
621	0.00	22.160	31.099
622	0.00	22.160	31.149
623	0.00	22.160	31.200
624	0.00	22.160	31.249
625	0.00	22.160	31.299
626	0.00	22.160	31.349
627	0.00	22.160	31.399
628	0.00	22.160	31.449
629	0.00	22.160	31.499
630	0.00	22.160	31.550
631	0.00	22.160	31.599
632	0.00	22.160	31.649
633	0.00	22.160	31.699
634	0.00	22.160	31.749
635	0.00	22.160	31.799
636	0.00	22.160	31.849
637	0.00	22.160	31.899
638	0.00	22.160	31.949
639	0.00	22.160	31.999
640	0.00	22.160	32.049
641	0.00	22.160	32.099
642	0.00	22.160	32.149
