11/6/2022  8:32 PM
Units: N
Readings: Continuous
X-Axis: Travel
Travel Unit: mm
Reading	Load	Travel	Time
1	-1.22	2.000	0.000
2	-1.22	2.000	0.050
3	-1.22	2.000	0.094
4	-0.34	2.020	0.287
5	-0.34	2.020	0.295
6	-0.34	2.020	0.345
7	-1.20	2.020	0.395
8	-1.14	2.140	0.444
9	-0.96	2.320	0.494
10	-0.54	2.480	0.545
11	-0.38	2.660	0.594
12	-0.32	2.840	0.644
13	-0.30	2.980	0.695
14	-0.18	3.160	0.744
15	-0.02	3.340	0.794
16	0.12	3.500	0.844
17	0.34	3.680	0.894
18	0.44	3.820	0.944
19	0.50	4.000	0.994
20	0.64	4.160	1.044
21	0.70	4.340	1.094
22	0.74	4.520	1.145
23	0.78	4.660	1.194
24	0.92	4.840	1.244
25	0.98	5.000	1.295
26	1.04	5.180	1.344
27	1.12	5.320	1.394
28	1.26	5.500	1.444
29	1.34	5.680	1.494
30	1.40	5.840	1.545
31	1.48	6.000	1.594
32	1.54	6.160	1.644
33	1.60	6.340	1.694
34	1.66	6.520	1.745
35	1.78	6.680	1.795
36	1.86	6.840	1.844
37	1.82	7.000	1.894
38	1.68	7.180	1.944
39	1.76	7.340	1.995
40	1.86	7.500	2.045
41	1.94	7.660	2.095
42	2.10	7.840	2.144
43	2.08	8.020	2.194
44	2.14	8.160	2.245
45	2.32	8.340	2.294
46	2.40	8.500	2.345
47	2.50	8.680	2.394
48	2.54	8.860	2.444
49	2.70	9.000	2.495
50	2.78	9.180	2.545
51	2.88	9.340	2.595
52	2.96	9.520	2.645
53	3.04	9.700	2.695
54	3.14	9.840	2.744
55	3.22	10.020	2.795
56	3.42	10.180	2.844
57	3.52	10.360	2.895
58	3.58	10.540	2.944
59	3.66	10.680	2.994
60	3.86	10.860	3.044
61	3.96	11.020	3.094
62	4.06	11.200	3.145
63	4.24	11.340	3.195
64	4.30	11.520	3.244
65	4.36	11.680	3.294
66	4.48	11.860	3.344
67	4.70	12.000	3.394
68	4.80	12.180	3.445
69	4.90	12.360	3.494
70	5.12	12.520	3.544
71	5.16	12.680	3.594
72	5.24	12.840	3.644
73	5.36	13.020	3.695
74	5.52	13.180	3.744
75	5.60	13.360	3.795
76	5.72	13.520	3.845
77	5.82	13.680	3.894
78	6.00	13.860	3.944
79	6.04	14.020	3.995
80	6.16	14.180	4.045
81	6.40	14.360	4.094
82	6.52	14.520	4.144
83	6.64	14.680	4.194
84	6.74	14.840	4.245
85	6.96	15.020	4.294
86	7.08	15.180	4.345
87	7.14	15.360	4.394
88	7.38	15.500	4.444
89	7.52	15.680	4.494
90	7.62	15.840	4.544
91	7.74	16.020	4.595
92	7.98	16.200	4.645
93	8.10	16.380	4.695
94	8.22	16.520	4.745
95	8.38	16.700	4.794
96	8.52	16.860	4.844
97	8.64	17.040	4.894
98	8.78	17.160	4.944
99	9.02	17.340	4.994
100	9.14	17.500	5.044
101	9.26	17.660	5.095
102	9.38	17.840	5.144
103	9.60	18.000	5.194
104	9.72	18.180	5.245
105	9.84	18.320	5.294
106	10.08	18.500	5.344
107	10.18	18.660	5.395
108	10.28	18.840	5.444
109	10.38	19.020	5.494
110	10.54	19.160	5.545
111	10.62	19.340	5.595
112	10.68	19.500	5.644
113	10.66	19.680	5.695
114	10.72	19.820	5.744
115	10.80	20.000	5.795
116	10.90	20.180	5.844
117	11.12	20.340	5.894
118	11.20	20.520	5.944
119	11.32	20.660	5.994
120	11.46	20.840	6.044
121	11.68	21.000	6.094
122	11.82	21.180	6.145
123	11.94	21.360	6.194
124	11.84	21.500	6.245
125	11.66	21.680	6.294
126	11.68	21.840	6.345
127	11.78	22.020	6.394
128	12.04	22.160	6.444
129	12.14	22.340	6.494
130	12.00	22.520	6.545
131	11.22	22.680	6.594
132	11.08	22.840	6.644
133	11.08	23.020	6.694
134	10.52	23.180	6.745
135	0.06	23.340	6.794
136	0.28	23.340	6.844
137	0.04	23.340	6.894
138	0.00	23.340	6.944
139	0.00	23.340	6.994
140	0.00	23.340	7.045
141	0.00	23.340	7.094
142	0.00	23.340	7.144
143	0.00	23.340	7.194
144	0.00	23.340	7.244
145	0.02	23.340	7.294
146	0.00	23.340	7.345
147	0.00	23.340	7.394
148	0.00	23.340	7.445
149	0.00	23.340	7.495
150	0.00	23.340	7.544
151	0.00	23.340	7.594
152	0.00	23.340	7.644
153	0.00	23.340	7.694
154	0.02	23.340	7.744
155	0.00	23.340	7.794
156	0.00	23.340	7.844
157	0.00	23.340	7.895
158	0.00	23.340	7.944
159	0.00	23.340	7.995
160	0.00	23.340	8.044
161	0.00	23.340	8.094
162	0.00	23.340	8.144
163	0.02	23.340	8.194
164	0.02	23.340	8.244
165	0.00	23.340	8.295
166	0.00	23.340	8.344
167	0.00	23.340	8.394
168	0.00	23.340	8.444
169	0.00	23.340	8.495
170	0.00	23.340	8.544
171	0.00	23.340	8.594
172	0.00	23.340	8.645
173	0.00	23.340	8.694
174	0.00	23.340	8.744
175	0.02	23.340	8.794
176	0.02	23.340	8.845
