11/13/2022  8:52 PM
Units: N
Readings: Continuous
X-Axis: Travel
Travel Unit: mm
Reading	Load	Travel	Time
1	-0.34	2.980	0.000
2	-0.34	2.980	0.048
3	0.34	2.980	0.214
4	0.34	2.980	0.248
5	0.34	2.980	0.298
6	-0.32	3.080	0.349
7	-0.32	3.240	0.398
8	-0.28	3.420	0.448
9	-0.18	3.580	0.498
10	0.20	3.740	0.549
11	0.28	3.900	0.598
12	0.32	4.080	0.648
13	0.46	4.240	0.698
14	0.54	4.400	0.748
15	0.60	4.580	0.799
16	0.68	4.740	0.848
17	0.82	4.920	0.898
18	0.88	5.060	0.949
19	0.96	5.240	0.998
20	1.10	5.420	1.048
21	1.16	5.580	1.098
22	1.24	5.740	1.149
23	1.30	5.900	1.198
24	1.44	6.080	1.248
25	1.52	6.240	1.298
26	1.58	6.420	1.348
27	1.66	6.560	1.398
28	1.82	6.740	1.448
29	1.90	6.920	1.498
30	1.98	7.080	1.548
31	2.14	7.260	1.598
32	2.22	7.400	1.648
33	2.30	7.580	1.698
34	2.38	7.740	1.748
35	2.54	7.920	1.798
36	2.64	8.100	1.849
37	2.72	8.280	1.898
38	2.82	8.420	1.948
39	2.92	8.600	1.999
40	3.02	8.760	2.048
41	3.10	8.940	2.098
42	3.30	9.080	2.149
43	3.40	9.260	2.198
44	3.48	9.420	2.249
45	3.68	9.600	2.298
46	3.78	9.760	2.348
47	3.82	9.920	2.398
48	3.90	10.100	2.448
49	4.12	10.260	2.499
50	4.22	10.420	2.549
51	4.32	10.600	2.598
52	4.40	10.760	2.648
53	4.60	10.940	2.698
54	4.70	11.080	2.748
55	4.80	11.260	2.798
56	5.02	11.420	2.849
57	5.12	11.600	2.898
58	5.16	11.760	2.948
59	5.26	11.920	2.998
60	5.50	12.080	3.048
61	5.56	12.260	3.098
62	5.68	12.440	3.148
63	5.90	12.580	3.198
64	6.00	12.760	3.249
65	6.12	12.920	3.298
66	6.22	13.100	3.348
67	6.44	13.240	3.398
68	6.52	13.420	3.449
69	6.64	13.600	3.498
70	6.82	13.760	3.548
71	6.94	13.940	3.598
72	7.04	14.080	3.648
73	7.14	14.260	3.698
74	7.38	14.440	3.748
75	7.50	14.600	3.798
76	7.56	14.780	3.848
77	7.66	14.960	3.898
78	7.92	15.100	3.948
79	8.00	15.280	3.998
80	8.12	15.480	4.048
81	8.22	15.620	4.098
82	8.34	15.760	4.148
83	8.46	15.940	4.198
84	8.56	16.100	4.248
85	8.82	16.280	4.299
86	8.94	16.440	4.348
87	9.06	16.600	4.398
88	9.26	16.780	4.449
89	9.38	16.940	4.498
90	9.50	17.100	4.549
91	9.62	17.260	4.598
92	9.86	17.440	4.649
93	9.98	17.600	4.698
94	10.12	17.760	4.748
95	10.22	17.940	4.798
96	10.46	18.100	4.848
97	10.58	18.280	4.898
98	10.70	18.440	4.948
99	10.96	18.600	4.998
100	11.08	18.760	5.048
101	11.18	18.940	5.098
102	11.30	19.120	5.148
103	11.54	19.240	5.198
104	11.68	19.420	5.248
105	11.78	19.580	5.298
106	11.84	19.760	5.348
107	11.88	19.900	5.398
108	11.80	20.080	5.448
109	11.76	20.260	5.498
110	11.94	20.420	5.548
111	12.06	20.580	5.598
112	12.18	20.740	5.648
113	12.26	20.920	5.699
114	11.44	21.080	5.748
115	5.54	21.240	5.798
116	-0.02	21.420	5.848
117	0.02	21.580	5.898
118	0.00	21.760	5.949
119	0.00	21.940	5.998
120	0.00	21.980	6.048
121	0.00	21.980	6.098
122	0.00	21.980	6.148
123	0.00	21.980	6.198
124	0.00	21.980	6.248
125	0.00	21.980	6.298
126	0.00	21.980	6.348
127	0.00	21.980	6.398
128	0.00	21.980	6.448
129	0.00	21.980	6.498
130	0.00	21.980	6.548
131	0.00	21.980	6.598
132	0.00	21.980	6.648
