11/6/2022  8:40 PM
Units: N
Readings: Continuous
X-Axis: Travel
Travel Unit: mm
Reading	Load	Travel	Time
1	0.30	3.620	0.000
2	0.30	3.620	0.049
3	0.46	3.620	0.226
4	0.46	3.620	0.249
5	0.46	3.620	0.300
6	0.32	3.700	0.350
7	0.44	3.860	0.399
8	0.56	4.000	0.450
9	0.66	4.180	0.499
10	0.88	4.360	0.549
11	0.98	4.520	0.599
12	1.04	4.680	0.649
13	1.14	4.840	0.699
14	1.32	5.020	0.749
15	1.40	5.180	0.800
16	1.48	5.340	0.849
17	1.58	5.500	0.899
18	1.76	5.680	0.949
19	1.88	5.860	0.999
20	1.96	6.000	1.050
21	2.18	6.180	1.100
22	2.24	6.340	1.150
23	2.30	6.520	1.199
24	2.42	6.700	1.249
25	2.64	6.840	1.300
26	2.74	7.020	1.349
27	2.82	7.180	1.399
28	3.06	7.360	1.449
29	3.18	7.540	1.499
30	3.30	7.680	1.550
31	3.16	7.860	1.599
32	2.78	8.020	1.650
33	2.76	8.200	1.699
34	2.84	8.380	1.749
35	3.02	8.520	1.800
36	3.12	8.700	1.849
37	3.22	8.860	1.899
38	3.30	9.040	1.950
39	3.48	9.180	1.999
40	3.56	9.360	2.049
41	3.66	9.540	2.099
42	3.76	9.700	2.149
43	3.92	9.880	2.200
44	3.96	10.020	2.249
45	4.06	10.200	2.299
46	4.24	10.360	2.349
47	4.34	10.540	2.399
48	4.42	10.680	2.450
49	4.50	10.860	2.499
50	4.68	11.040	2.549
51	4.76	11.200	2.600
52	4.86	11.360	2.650
53	4.98	11.520	2.699
54	5.06	11.700	2.749
55	5.14	11.860	2.799
56	5.22	12.020	2.849
57	5.40	12.180	2.899
58	5.48	12.360	2.949
59	5.56	12.540	2.999
60	5.64	12.680	3.049
61	5.80	12.860	3.099
62	5.88	13.020	3.149
63	5.98	13.200	3.200
64	6.14	13.380	3.249
65	6.22	13.520	3.299
66	6.28	13.700	3.349
67	6.36	13.880	3.399
68	6.52	14.040	3.449
69	6.60	14.220	3.500
70	6.68	14.360	3.549
71	6.88	14.540	3.599
72	7.06	14.800	3.650
73	7.06	14.880	3.701
74	7.14	15.060	3.749
75	7.34	15.200	3.799
76	7.44	15.380	3.849
77	7.54	15.540	3.899
78	7.74	15.720	3.949
79	7.82	15.860	3.999
80	7.88	16.040	4.050
81	7.96	16.220	4.100
82	8.12	16.380	4.150
83	8.22	16.560	4.199
84	8.32	16.700	4.249
85	8.40	16.880	4.300
86	8.60	17.040	4.349
87	8.68	17.180	4.399
88	8.78	17.340	4.449
89	8.98	17.520	4.500
90	9.04	17.700	4.550
91	9.10	17.840	4.599
92	9.16	18.020	4.650
93	9.30	18.180	4.699
94	9.38	18.360	4.749
95	9.46	18.500	4.799
96	9.64	18.680	4.849
97	9.72	18.860	4.899
98	9.82	19.020	4.950
99	9.92	19.200	4.999
100	10.10	19.340	5.049
101	10.20	19.520	5.099
102	10.30	19.680	5.149
103	10.46	19.860	5.199
104	10.56	20.000	5.249
105	10.66	20.180	5.299
106	10.72	20.360	5.349
107	10.88	20.540	5.399
108	10.98	20.700	5.449
109	11.02	20.860	5.499
110	11.04	21.020	5.550
111	10.88	21.200	5.599
112	10.96	21.360	5.649
113	11.10	21.520	5.699
114	11.36	21.700	5.749
115	11.48	21.860	5.800
116	11.60	22.040	5.849
117	11.72	22.180	5.900
118	11.96	22.360	5.949
119	12.06	22.520	5.999
120	12.18	22.700	6.049
121	12.40	22.880	6.100
122	12.50	23.020	6.149
123	12.60	23.200	6.199
124	12.72	23.360	6.250
125	12.94	23.540	6.299
126	13.04	23.680	6.349
127	13.16	23.860	6.400
128	13.38	24.040	6.449
129	13.50	24.200	6.499
130	13.62	24.380	6.549
131	13.72	24.520	6.600
132	13.92	24.700	6.649
133	14.04	24.860	6.699
134	14.12	25.040	6.749
135	14.24	25.220	6.799
136	14.44	25.360	6.849
137	14.56	25.540	6.899
138	14.66	25.700	6.949
139	14.88	25.880	6.999
140	14.98	26.020	7.050
141	15.10	26.200	7.099
142	15.20	26.380	7.149
143	15.42	26.540	7.199
144	15.52	26.720	7.249
145	15.62	26.880	7.299
146	15.84	27.040	7.350
147	15.94	27.220	7.399
148	16.04	27.380	7.449
149	-0.58	27.540	7.499
150	0.16	27.700	7.550
151	0.04	27.700	7.599
152	0.02	27.700	7.649
153	0.02	27.700	7.699
154	0.00	27.700	7.750
155	0.00	27.700	7.799
156	0.02	27.700	7.849
157	0.00	27.700	7.899
158	0.02	27.700	7.949
159	0.00	27.700	7.999
160	0.02	27.700	8.049
161	0.02	27.700	8.099
162	0.00	27.700	8.149
163	0.00	27.700	8.200
164	0.02	27.700	8.249
165	0.00	27.700	8.300
166	0.02	27.700	8.349
167	0.00	27.700	8.399
168	0.02	27.700	8.449
