11/6/2022  8:45 PM
Units: N
Readings: Continuous
X-Axis: Travel
Travel Unit: mm
Reading	Load	Travel	Time
1	-0.36	1.440	0.000
2	-0.36	1.440	0.050
3	-0.34	1.440	0.100
4	0.06	1.440	0.262
5	0.06	1.440	0.301
6	0.06	1.440	0.351
7	-0.26	1.540	0.400
8	-0.06	1.700	0.450
9	0.16	1.860	0.500
10	0.50	2.040	0.550
11	0.62	2.200	0.600
12	0.74	2.380	0.650
13	0.86	2.520	0.701
14	1.02	2.700	0.751
15	1.10	2.880	0.800
16	1.20	3.040	0.850
17	1.28	3.220	0.900
18	1.44	3.360	0.951
19	1.52	3.540	1.001
20	1.60	3.720	1.050
21	1.76	3.880	1.100
22	1.86	4.060	1.150
23	1.94	4.200	1.200
24	2.04	4.380	1.251
25	2.22	4.560	1.300
26	2.30	4.720	1.350
27	2.40	4.900	1.400
28	2.60	5.040	1.451
29	2.68	5.220	1.501
30	2.84	5.500	1.550
31	2.84	5.560	1.600
32	2.96	5.700	1.651
33	3.06	5.880	1.700
34	3.18	6.060	1.750
35	3.38	6.220	1.800
36	3.48	6.400	1.850
37	3.60	6.540	1.901
38	3.70	6.720	1.950
39	3.80	6.880	2.000
40	3.94	7.060	2.050
41	4.08	7.220	2.101
42	4.20	7.380	2.150
43	4.40	7.560	2.200
44	4.48	7.720	2.251
45	4.48	7.880	2.300
46	4.06	8.040	2.350
47	4.10	8.220	2.400
48	4.24	8.400	2.451
49	4.40	8.540	2.500
50	4.68	8.720	2.550
51	4.80	8.880	2.600
52	4.94	9.060	2.650
53	5.08	9.220	2.700
54	5.22	9.380	2.750
55	5.34	9.540	2.800
56	5.44	9.720	2.850
57	5.70	9.900	2.900
58	5.76	10.040	2.950
59	5.88	10.220	3.001
60	6.14	10.400	3.050
61	6.28	10.560	3.101
62	6.42	10.740	3.151
63	6.50	10.880	3.200
64	6.72	11.060	3.250
65	6.86	11.220	3.300
66	7.00	11.400	3.350
67	7.12	11.580	3.400
68	7.34	11.720	3.450
69	7.34	11.900	3.501
70	7.10	12.060	3.550
71	6.56	12.240	3.601
72	6.76	12.420	3.650
73	6.96	12.560	3.700
74	7.16	12.740	3.750
75	7.50	12.900	3.800
76	7.66	13.080	3.850
77	7.82	13.220	3.900
78	8.14	13.400	3.951
79	8.28	13.560	4.000
80	8.34	13.740	4.050
81	8.46	13.900	4.100
82	8.74	14.060	4.150
83	8.86	14.240	4.200
84	8.96	14.400	4.250
85	9.12	14.560	4.300
86	9.14	14.720	4.350
87	9.08	14.900	4.400
88	9.10	15.060	4.450
89	9.26	15.220	4.500
90	9.34	15.400	4.550
91	9.38	15.560	4.600
92	9.42	15.740	4.650
93	9.36	15.900	4.700
94	6.56	16.060	4.750
95	6.72	16.240	4.800
96	6.84	16.420	4.850
97	6.96	16.580	4.900
98	7.10	16.760	4.950
99	7.24	16.900	5.000
100	7.50	17.060	5.051
101	7.64	17.220	5.100
102	7.78	17.360	5.150
103	8.06	17.540	5.200
104	8.20	17.720	5.251
105	8.34	17.900	5.300
106	8.48	18.040	5.350
107	8.76	18.220	5.400
108	8.88	18.380	5.451
109	9.02	18.560	5.500
110	9.30	18.700	5.550
111	9.44	18.880	5.600
112	9.56	19.040	5.650
113	9.70	19.220	5.701
114	9.96	19.400	5.750
115	10.08	19.540	5.800
116	10.22	19.720	5.850
117	10.34	19.880	5.901
118	10.60	20.060	5.950
119	10.74	20.200	6.001
120	10.86	20.380	6.050
121	11.10	20.560	6.100
122	11.24	20.720	6.151
123	11.32	20.900	6.200
124	11.42	21.040	6.250
125	11.66	21.220	6.300
126	11.78	21.380	6.350
127	11.90	21.560	6.400
128	12.16	21.700	6.450
129	12.28	21.880	6.500
130	12.40	22.060	6.550
131	12.52	22.220	6.600
132	12.74	22.400	6.650
133	12.88	22.540	6.700
134	13.00	22.720	6.750
135	13.12	22.900	6.800
136	13.36	23.060	6.850
137	13.46	23.240	6.900
138	13.56	23.400	6.950
139	0.02	23.560	7.000
140	0.02	23.720	7.050
141	0.12	23.900	7.101
142	0.04	24.060	7.150
143	0.00	24.100	7.200
144	0.00	24.100	7.250
145	0.02	24.100	7.300
146	0.02	24.100	7.350
147	0.00	24.100	7.400
148	0.00	24.100	7.451
149	0.00	24.100	7.501
150	0.02	24.100	7.550
151	0.02	24.100	7.600
152	0.02	24.100	7.651
153	0.00	24.100	7.700
154	0.00	24.100	7.750
155	0.00	24.100	7.801
156	0.00	24.100	7.850
157	0.02	24.100	7.900
158	0.02	24.100	7.950
159	0.00	24.100	8.001
160	0.00	24.100	8.050
161	0.00	24.100	8.100
162	0.00	24.100	8.151
163	0.02	24.100	8.200
164	0.00	24.100	8.250
165	0.00	24.100	8.300
166	0.00	24.100	8.350
167	0.02	24.100	8.400
168	0.02	24.100	8.450
169	0.02	24.100	8.501
170	0.00	24.100	8.550
171	0.02	24.100	8.600
172	0.00	24.100	8.651
173	0.00	24.100	8.700
174	0.00	24.100	8.750
175	0.00	24.100	8.801
176	0.00	24.100	8.851
177	0.00	24.100	8.900
178	0.00	24.100	8.950
179	0.00	24.100	9.001
180	0.02	24.100	9.050
181	0.00	24.100	9.100
182	0.00	24.100	9.150
183	0.00	24.100	9.201
184	0.00	24.100	9.251
185	0.02	24.100	9.300
186	0.02	24.100	9.350
187	0.00	24.100	9.401
188	0.00	24.100	9.451
189	0.00	24.100	9.500
190	0.02	24.100	9.550
191	0.00	24.100	9.600
192	0.00	24.100	9.650
193	0.00	24.100	9.700
194	0.02	24.100	9.750
195	0.02	24.100	9.801
196	0.00	24.100	9.851
197	0.00	24.100	9.900
198	0.00	24.100	9.950
199	0.02	24.100	10.000
