11/6/2022  8:50 PM
Units: N
Readings: Continuous
X-Axis: Travel
Travel Unit: mm
Reading	Load	Travel	Time
1	0.48	3.220	0.000
2	0.48	3.220	0.050
3	0.56	3.220	0.248
4	0.56	3.220	0.299
5	0.50	3.240	0.350
6	0.54	3.360	0.399
7	0.66	3.520	0.449
8	0.92	3.700	0.500
9	1.08	3.860	0.549
10	1.20	4.020	0.600
11	1.32	4.200	0.649
12	1.58	4.360	0.700
13	1.70	4.540	0.750
14	1.80	4.680	0.799
15	2.04	4.860	0.849
16	2.18	5.020	0.899
17	2.28	5.200	0.949
18	2.40	5.380	0.999
19	2.60	5.520	1.049
20	2.72	5.700	1.099
21	2.84	5.880	1.150
22	3.10	6.040	1.199
23	3.24	6.220	1.249
24	3.36	6.360	1.299
25	3.50	6.540	1.350
26	3.80	6.700	1.399
27	3.88	6.880	1.449
28	3.92	7.060	1.500
29	4.22	7.200	1.549
30	4.36	7.380	1.599
31	4.50	7.540	1.649
32	4.60	7.720	1.699
33	4.84	7.860	1.750
34	4.94	8.040	1.800
35	4.98	8.220	1.849
36	5.10	8.380	1.899
37	5.38	8.540	1.949
38	5.44	8.700	2.000
39	5.48	8.880	2.049
40	5.60	9.040	2.099
41	5.70	9.220	2.149
42	5.76	9.360	2.199
43	5.82	9.540	2.249
44	6.06	9.720	2.300
45	6.22	9.880	2.350
46	6.38	10.040	2.399
47	6.64	10.200	2.449
48	6.78	10.380	2.499
49	6.92	10.540	2.549
50	7.08	10.700	2.600
51	7.36	10.880	2.650
52	7.50	11.040	2.699
53	7.64	11.220	2.750
54	7.94	11.360	2.800
55	8.08	11.540	2.849
56	8.22	11.700	2.899
57	8.36	11.880	2.950
58	8.64	12.060	2.999
59	8.78	12.200	3.049
60	8.94	12.380	3.099
61	9.08	12.560	3.150
62	9.34	12.720	3.199
63	9.48	12.900	3.249
64	9.14	13.040	3.300
65	8.90	13.300	3.349
66	9.10	13.380	3.399
67	9.32	13.560	3.449
68	9.48	13.700	3.500
69	9.82	13.880	3.549
70	9.96	14.060	3.600
71	10.08	14.220	3.650
72	10.40	14.400	3.699
73	10.54	14.540	3.749
74	10.70	14.720	3.799
75	10.86	14.880	3.850
76	11.12	15.060	3.899
77	11.26	15.220	3.949
78	11.40	15.380	4.000
79	11.64	15.560	4.050
80	11.78	15.720	4.099
81	11.94	15.900	4.149
82	12.08	16.040	4.199
83	12.38	16.220	4.249
84	12.54	16.400	4.299
85	12.70	16.560	4.349
86	12.84	16.720	4.399
87	13.14	16.880	4.450
88	13.28	17.060	4.500
89	13.42	17.180	4.549
90	13.66	17.360	4.599
91	13.76	17.520	4.649
92	13.88	17.700	4.699
93	13.98	17.880	4.749
94	14.18	18.020	4.800
95	14.28	18.200	4.849
96	14.40	18.360	4.899
97	14.64	18.540	4.949
98	14.78	18.680	5.000
99	14.90	18.860	5.049
100	15.02	19.040	5.099
101	14.90	19.200	5.149
102	12.74	19.380	5.199
103	10.70	19.540	5.249
104	9.78	19.700	5.299
105	0.02	19.880	5.349
106	0.12	20.060	5.399
107	0.02	20.200	5.450
108	0.02	20.380	5.499
109	0.02	20.520	5.549
110	0.00	20.520	5.599
111	0.02	20.520	5.649
112	0.02	20.520	5.699
113	0.02	20.520	5.749
114	0.02	20.520	5.799
115	0.02	20.520	5.849
116	0.00	20.520	5.900
117	0.00	20.520	5.949
118	0.02	20.520	5.999
119	0.02	20.520	6.050
120	0.02	20.520	6.099
121	0.02	20.520	6.150
122	0.02	20.520	6.199
123	0.02	20.520	6.249
124	0.02	20.520	6.299
125	0.02	20.520	6.349
126	0.00	20.520	6.400
127	0.00	20.520	6.449
128	0.00	20.520	6.499
129	0.00	20.520	6.549
130	0.00	20.520	6.600
131	0.00	20.520	6.649
132	0.02	20.520	6.699
133	0.00	20.520	6.750
134	0.02	20.520	6.800
135	0.00	20.520	6.850
136	0.00	20.520	6.900
137	0.00	20.520	6.949
138	0.00	20.520	6.999
139	0.00	20.520	7.049
140	0.00	20.520	7.099
141	0.02	20.520	7.149
142	0.02	20.520	7.199
143	0.02	20.520	7.249
144	0.00	20.520	7.299
145	0.00	20.520	7.349
146	0.00	20.520	7.399
147	0.00	20.520	7.450
