11/6/2022  8:59 PM
Units: N
Readings: Continuous
X-Axis: Travel
Travel Unit: mm
Reading	Load	Travel	Time
1	-1.98	1.280	0.000
2	-1.96	1.280	0.051
3	-1.98	1.280	0.099
4	-0.70	1.280	0.292
5	-0.70	1.280	0.299
6	-0.70	1.280	0.348
7	-1.94	1.320	0.398
8	-1.86	1.440	0.448
9	-1.64	1.620	0.498
10	-1.12	1.800	0.548
11	-0.88	1.940	0.598
12	-0.66	2.120	0.648
13	-0.32	2.280	0.698
14	-0.20	2.460	0.748
15	-0.02	2.600	0.799
16	0.16	2.780	0.848
17	0.40	2.960	0.898
18	0.48	3.120	0.949
19	0.52	3.300	0.998
20	0.66	3.440	1.048
21	0.70	3.620	1.099
22	0.76	3.780	1.148
23	0.80	3.960	1.198
24	0.94	4.100	1.248
25	1.00	4.280	1.298
26	1.08	4.460	1.348
27	1.14	4.620	1.398
28	1.30	4.800	1.448
29	1.36	4.960	1.498
30	1.42	5.120	1.548
31	1.52	5.300	1.598
32	1.54	5.460	1.649
33	1.54	5.620	1.698
34	1.60	5.780	1.749
35	1.72	5.960	1.798
36	1.80	6.120	1.848
37	1.86	6.280	1.898
38	1.98	6.460	1.948
39	2.00	6.620	1.999
40	1.98	6.800	2.048
41	2.02	6.940	2.098
42	2.12	7.120	2.148
43	2.18	7.280	2.198
44	2.24	7.460	2.248
45	2.30	7.600	2.299
46	2.40	7.780	2.348
47	2.48	7.960	2.398
48	2.56	8.120	2.448
49	2.68	8.300	2.499
50	2.76	8.480	2.548
51	2.82	8.620	2.598
52	2.82	8.800	2.648
53	2.94	8.960	2.698
54	3.02	9.140	2.749
55	3.10	9.320	2.798
56	3.24	9.460	2.849
57	3.32	9.640	2.898
58	3.40	9.800	2.948
59	3.44	9.980	2.998
60	3.58	10.120	3.048
61	3.64	10.300	3.098
62	3.72	10.460	3.149
63	3.80	10.640	3.198
64	3.88	10.820	3.248
65	3.98	11.020	3.298
66	4.06	11.140	3.348
67	4.22	11.300	3.399
68	4.30	11.480	3.448
69	4.38	11.620	3.498
70	4.46	11.800	3.548
71	4.58	11.980	3.598
72	4.64	12.140	3.648
73	4.72	12.300	3.699
74	4.88	12.460	3.749
75	4.96	12.640	3.798
76	5.06	12.800	3.848
77	5.10	12.960	3.899
78	5.26	13.120	3.948
79	5.34	13.300	3.998
80	5.40	13.480	4.049
81	5.54	13.620	4.098
82	5.54	13.800	4.148
83	5.58	13.960	4.198
84	5.64	14.140	4.249
85	5.76	14.320	4.299
86	5.86	14.460	4.348
87	5.96	14.640	4.398
88	6.14	14.800	4.448
89	6.22	14.980	4.499
90	6.32	15.160	4.549
91	6.40	15.300	4.598
92	6.52	15.480	4.648
93	6.62	15.640	4.698
94	6.72	15.780	4.749
95	6.80	15.960	4.798
96	6.86	16.140	4.848
97	6.92	16.320	4.898
98	7.00	16.480	4.949
99	7.22	16.660	4.998
100	7.30	16.800	5.048
101	7.36	16.980	5.099
102	7.46	17.100	5.148
103	7.66	17.280	5.198
104	7.76	17.460	5.248
105	7.86	17.620	5.298
106	8.04	17.800	5.348
107	8.12	17.940	5.398
108	8.20	18.120	5.449
109	8.30	18.280	5.498
110	8.48	18.460	5.548
111	8.56	18.600	5.598
112	8.66	18.780	5.648
113	8.86	18.960	5.698
114	8.96	19.120	5.748
115	9.06	19.300	5.799
116	9.16	19.440	5.848
117	9.36	19.620	5.898
118	9.44	19.780	5.948
119	9.54	19.960	5.999
120	9.56	20.140	6.049
121	9.46	20.280	6.098
122	9.52	20.460	6.149
123	9.62	20.620	6.198
124	9.78	20.800	6.249
125	9.86	20.980	6.299
126	9.96	21.120	6.348
127	10.04	21.300	6.398
128	10.26	21.460	6.449
129	10.36	21.640	6.498
130	10.48	21.800	6.548
131	10.68	21.960	6.599
132	10.76	22.140	6.648
133	10.82	22.300	6.698
134	10.88	22.460	6.748
135	10.14	22.620	6.799
136	9.90	22.800	6.848
137	9.78	22.980	6.898
138	-0.18	23.120	6.949
139	0.52	23.300	6.998
140	0.08	23.460	7.049
141	0.02	23.640	7.099
142	0.00	23.680	7.148
143	0.02	23.680	7.198
144	0.02	23.680	7.249
145	0.02	23.680	7.298
146	0.00	23.680	7.348
147	0.02	23.680	7.398
148	0.02	23.680	7.449
