11/6/2022  9:03 PM
Units: N
Readings: Continuous
X-Axis: Travel
Travel Unit: mm
Reading	Load	Travel	Time
1	-1.46	1.700	0.000
2	-1.46	1.700	0.049
3	-0.36	1.700	0.218
4	-0.36	1.700	0.249
5	-0.36	1.700	0.300
6	-1.36	1.760	0.349
7	-1.14	1.920	0.399
8	-0.88	2.100	0.449
9	-0.62	2.260	0.499
10	-0.30	2.420	0.549
11	-0.28	2.580	0.599
12	-0.10	2.760	0.650
13	0.34	2.940	0.700
14	0.50	3.080	0.749
15	0.66	3.260	0.799
16	0.82	3.420	0.849
17	1.04	3.600	0.899
18	1.14	3.740	0.949
19	1.24	3.920	0.999
20	1.34	4.080	1.049
21	1.54	4.260	1.099
22	1.66	4.440	1.149
23	1.76	4.620	1.200
24	1.68	4.760	1.249
25	1.70	4.940	1.299
26	1.76	5.100	1.350
27	1.84	5.280	1.399
28	1.98	5.420	1.450
29	2.04	5.600	1.499
30	2.14	5.780	1.549
31	2.28	5.940	1.599
32	2.36	6.120	1.649
33	2.44	6.260	1.700
34	2.52	6.440	1.750
35	2.68	6.600	1.799
36	2.76	6.780	1.849
37	2.82	6.940	1.899
38	2.90	7.100	1.950
39	3.06	7.280	2.000
40	3.14	7.440	2.049
41	3.22	7.600	2.099
42	3.38	7.760	2.149
43	3.46	7.940	2.200
44	3.54	8.100	2.249
45	3.62	8.280	2.299
46	3.78	8.440	2.350
47	3.86	8.600	2.399
48	3.94	8.780	2.449
49	4.10	8.940	2.500
50	4.14	9.100	2.550
51	4.16	9.280	2.599
52	4.22	9.440	2.649
53	4.36	9.620	2.700
54	4.44	9.760	2.749
55	4.52	9.940	2.800
56	4.60	10.100	2.849
57	4.68	10.280	2.900
58	4.76	10.460	2.950
59	4.86	10.600	2.999
60	5.04	10.780	3.049
61	5.12	10.940	3.100
62	5.20	11.120	3.149
63	5.34	11.300	3.199
64	5.42	11.440	3.249
65	5.52	11.620	3.300
66	5.60	11.780	3.349
67	5.74	11.960	3.399
68	5.82	12.100	3.450
69	5.90	12.280	3.499
70	6.00	12.460	3.549
71	6.16	12.620	3.599
72	6.24	12.800	3.649
73	6.34	12.940	3.700
74	6.52	13.120	3.749
75	6.62	13.280	3.799
76	6.72	13.460	3.849
77	6.80	13.600	3.899
78	6.96	13.780	3.949
79	7.06	13.960	3.999
80	7.16	14.120	4.049
81	7.36	14.300	4.100
82	7.46	14.440	4.149
83	7.54	14.620	4.199
84	7.60	14.780	4.251
85	7.80	14.960	4.300
86	7.90	15.120	4.349
87	7.98	15.280	4.399
88	8.18	15.460	4.449
89	8.28	15.620	4.499
90	8.38	15.780	4.550
91	8.48	15.940	4.599
92	8.70	16.120	4.649
93	8.78	16.300	4.699
94	8.90	16.440	4.749
95	9.00	16.620	4.800
96	9.22	16.780	4.849
97	9.32	16.960	4.899
98	9.42	17.080	4.949
99	9.64	17.260	5.000
100	9.74	17.440	5.049
101	9.86	17.600	5.099
102	9.98	17.760	5.149
103	10.20	17.940	5.199
104	10.32	18.100	5.249
105	10.42	18.280	5.299
106	10.64	18.440	5.349
107	10.76	18.600	5.400
108	10.88	18.760	5.449
109	10.98	18.940	5.499
110	11.22	19.100	5.549
111	11.32	19.260	5.599
112	11.44	19.440	5.650
113	11.68	19.600	5.700
114	11.78	19.780	5.750
115	11.90	19.920	5.800
116	12.02	20.100	5.850
117	12.26	20.280	5.899
118	12.38	20.440	5.949
119	12.50	20.620	5.999
120	12.62	20.760	6.049
121	12.86	20.940	6.099
122	12.98	21.100	6.149
123	13.10	21.280	6.200
124	13.34	21.420	6.249
125	13.46	21.600	6.299
126	13.58	21.780	6.349
127	13.72	21.940	6.399
128	13.72	22.120	6.449
129	11.50	22.260	6.499
130	0.00	22.440	6.550
131	0.04	22.620	6.599
132	0.02	22.780	6.649
133	0.02	22.740	6.699
134	0.02	22.740	6.749
135	0.02	22.740	6.799
136	0.02	22.740	6.849
137	0.02	22.740	6.899
138	0.00	22.740	6.949
139	0.02	22.740	6.999
140	0.00	22.740	7.049
141	0.00	22.740	7.099
142	0.02	22.740	7.150
143	0.02	22.740	7.200
144	0.02	22.740	7.249
145	0.02	22.740	7.300
146	0.02	22.740	7.349
147	0.02	22.740	7.399
148	0.02	22.740	7.449
149	0.02	22.740	7.500
150	0.02	22.740	7.549
151	0.00	22.740	7.600
152	0.02	22.740	7.650
153	0.02	22.740	7.699
154	0.02	22.740	7.749
155	0.02	22.740	7.799
156	0.00	22.740	7.849
157	0.00	22.740	7.901
158	0.00	22.740	7.949
159	0.00	22.740	7.999
160	0.00	22.740	8.049
161	0.00	22.740	8.099
162	0.02	22.740	8.149
163	0.02	22.740	8.199
164	0.02	22.740	8.249
165	0.02	22.740	8.299
166	0.02	22.740	8.349
167	0.02	22.740	8.399
168	0.00	22.740	8.449
