11/3/2022  10:17 PM
Units: N
Readings: Continuous
X-Axis: Travel
Travel Unit: mm
Reading	Load	Travel	Time
1	-0.66	0.520	0.000
2	0.58	0.520	0.195
3	0.58	0.520	0.200
4	0.58	0.520	0.249
5	-0.66	0.540	0.299
6	-0.58	0.680	0.349
7	-0.40	0.820	0.399
8	-0.32	1.000	0.449
9	-0.26	1.160	0.499
10	-0.10	1.340	0.550
11	0.02	1.520	0.600
12	0.12	1.660	0.649
13	0.18	1.840	0.699
14	0.26	2.000	0.749
15	0.40	2.180	0.800
16	0.46	2.320	0.850
17	0.52	2.500	0.900
18	0.60	2.680	0.949
19	0.76	2.840	0.999
20	0.82	3.020	1.050
21	0.90	3.160	1.100
22	1.06	3.340	1.150
23	1.12	3.500	1.200
24	1.22	3.680	1.250
25	1.28	3.820	1.299
26	1.44	4.000	1.350
27	1.54	4.180	1.400
28	1.62	4.360	1.450
29	1.72	4.520	1.499
30	1.90	4.680	1.550
31	2.00	4.840	1.600
32	2.10	5.020	1.650
33	2.30	5.180	1.700
34	2.42	5.340	1.749
35	2.54	5.520	1.799
36	2.64	5.680	1.850
37	2.88	5.860	1.900
38	3.00	6.000	1.949
39	3.12	6.180	2.000
40	3.20	6.340	2.050
41	3.46	6.520	2.100
42	3.60	6.700	2.150
43	3.74	6.840	2.200
44	4.02	7.020	2.250
45	4.14	7.180	2.299
46	4.28	7.360	2.349
47	4.38	7.500	2.399
48	4.66	7.680	2.449
49	4.80	7.840	2.500
50	4.96	8.020	2.550
51	5.24	8.200	2.600
52	5.36	8.340	2.649
53	5.46	8.520	2.699
54	5.56	8.680	2.750
55	5.86	8.860	2.800
56	6.00	9.040	2.849
57	6.14	9.180	2.900
58	6.28	9.360	2.950
59	6.46	9.520	3.000
60	6.48	9.700	3.049
61	6.62	9.840	3.100
62	6.88	10.020	3.150
63	7.02	10.180	3.199
64	7.18	10.360	3.250
65	7.34	10.540	3.299
66	7.64	10.680	3.350
67	7.78	10.860	3.399
68	7.90	11.040	3.449
69	8.02	11.200	3.500
70	8.30	11.360	3.549
71	8.44	11.520	3.599
72	8.56	11.700	3.649
73	8.84	11.860	3.699
74	8.94	12.020	3.750
75	9.10	12.200	3.800
76	9.24	12.360	3.850
77	9.52	12.540	3.900
78	9.64	12.680	3.949
79	9.72	12.860	3.999
80	9.88	13.020	4.050
81	9.96	13.200	4.100
82	10.08	13.380	4.150
83	10.22	13.520	4.200
84	10.54	13.700	4.250
85	10.70	13.860	4.300
86	10.82	14.040	4.349
87	10.52	14.180	4.399
88	6.04	14.360	4.449
89	5.78	14.520	4.499
90	5.10	14.700	4.549
91	4.66	14.880	4.600
92	4.60	15.020	4.649
93	4.60	15.200	4.700
94	4.64	15.360	4.750
95	4.72	15.540	4.799
96	4.76	15.680	4.849
97	4.74	15.860	4.899
98	4.30	16.040	4.949
99	0.06	16.160	4.999
100	0.14	16.160	5.049
101	0.00	16.160	5.099
102	0.00	16.160	5.149
103	0.00	16.160	5.200
104	0.00	16.160	5.249
105	0.00	16.160	5.299
106	0.00	16.160	5.350
107	0.00	16.160	5.399
108	0.00	16.160	5.450
109	0.00	16.160	5.499
110	0.00	16.160	5.550
111	0.00	16.160	5.599
112	0.00	16.160	5.650
113	0.00	16.160	5.699
114	0.00	16.160	5.750
115	0.00	16.160	5.799
116	0.00	16.160	5.849
117	0.00	16.160	5.900
118	0.00	16.160	5.949
119	0.00	16.160	6.000
120	0.00	16.160	6.049
121	0.00	16.160	6.099
122	0.00	16.160	6.150
123	0.00	16.160	6.199
124	0.00	16.160	6.250
125	0.00	16.160	6.299
126	0.00	16.160	6.349
127	0.00	16.160	6.400
128	0.00	16.160	6.449
129	0.00	16.160	6.500
130	0.00	16.160	6.549
131	0.00	16.160	6.599
132	0.00	16.160	6.650
133	0.00	16.160	6.699
134	0.00	16.160	6.750
135	0.00	16.160	6.799
136	0.00	16.160	6.850
137	0.00	16.160	6.899
138	0.00	16.160	6.949
139	0.00	16.160	6.999
140	0.00	16.160	7.049
141	0.00	16.160	7.099
142	0.00	16.160	7.149
143	0.00	16.160	7.200
144	0.00	16.160	7.249
145	0.00	16.160	7.300
146	0.00	16.160	7.349
147	0.00	16.160	7.399
148	0.00	16.160	7.449
149	0.00	16.160	7.499
150	0.00	16.160	7.550
151	0.00	16.160	7.600
152	0.00	16.160	7.649
153	0.00	16.160	7.699
154	0.00	16.160	7.749
155	0.00	16.160	7.799
156	0.00	16.160	7.850
157	-0.02	16.160	7.900
158	0.00	16.160	7.949
159	-0.02	16.160	7.999
160	0.00	16.160	8.050
161	0.00	16.160	8.100
162	0.00	16.160	8.149
163	0.00	16.160	8.199
164	0.00	16.160	8.250
165	0.00	16.160	8.299
166	0.00	16.160	8.349
167	0.00	16.160	8.399
168	-0.02	16.160	8.450
169	0.00	16.160	8.499
170	0.00	16.160	8.550
171	0.00	16.160	8.600
172	0.00	16.160	8.649
173	0.00	16.160	8.699
174	0.00	16.160	8.749
175	0.00	16.160	8.799
176	0.00	16.160	8.849
177	0.00	16.160	8.899
178	0.00	16.160	8.950
179	0.00	16.160	8.999
180	0.00	16.160	9.049
181	-0.02	16.160	9.099
182	0.00	16.160	9.149
183	0.00	16.160	9.200
184	0.00	16.160	9.249
185	0.00	16.160	9.300
186	0.00	16.160	9.349
187	0.00	16.160	9.399
188	0.00	16.160	9.450
189	0.00	16.160	9.499
190	0.00	16.160	9.549
191	0.00	16.160	9.599
192	0.00	16.160	9.649
193	0.00	16.160	9.699
194	0.00	16.160	9.749
195	0.00	16.160	9.799
196	0.00	16.160	9.849
197	0.00	16.160	9.899
198	0.00	16.160	9.949
199	0.00	16.160	9.999
200	0.00	16.160	10.050
201	0.00	16.160	10.099
202	0.00	16.160	10.149
203	0.00	16.160	10.199
204	0.00	16.160	10.249
205	0.00	16.160	10.299
206	0.00	16.160	10.349
207	0.00	16.160	10.400
208	0.00	16.160	10.449
209	0.00	16.160	10.500
210	0.00	16.160	10.549
211	0.00	16.160	10.599
212	0.00	16.160	10.649
213	0.00	16.160	10.699
214	0.00	16.160	10.749
215	0.00	16.160	10.799
216	0.00	16.160	10.849
217	0.00	16.160	10.899
218	0.00	16.160	10.949
219	0.00	16.160	10.999
220	0.00	16.160	11.049
221	0.00	16.160	11.099
222	0.00	16.160	11.149
223	-0.02	16.160	11.199
224	0.00	16.160	11.249
225	0.00	16.160	11.299
226	0.00	16.160	11.349
227	0.00	16.160	11.399
228	0.00	16.160	11.449
229	0.00	16.160	11.499
230	0.00	16.160	11.549
231	0.00	16.160	11.599
232	-0.02	16.160	11.649
233	0.00	16.160	11.699
234	0.00	16.160	11.749
235	0.00	16.160	11.799
236	0.00	16.160	11.849
237	0.00	16.160	11.899
238	0.00	16.160	11.949
239	0.00	16.160	12.000
240	0.00	16.160	12.049
241	0.00	16.160	12.099
242	0.00	16.160	12.149
243	0.00	16.160	12.199
244	-0.02	16.160	12.249
245	0.00	16.160	12.299
246	0.00	16.160	12.349
247	0.00	16.160	12.399
248	0.00	16.160	12.449
249	0.00	16.160	12.499
250	0.00	16.160	12.549
