11/3/2022  10:33 PM
Units: N
Readings: Continuous
X-Axis: Travel
Travel Unit: mm
Reading	Load	Travel	Time
1	0.42	1.360	0.000
2	0.64	1.360	0.191
3	0.64	1.360	0.199
4	0.64	1.360	0.250
5	0.42	1.380	0.299
6	0.44	1.520	0.349
7	0.50	1.660	0.399
8	0.62	1.860	0.450
9	0.66	2.020	0.500
10	0.72	2.200	0.550
11	0.84	2.360	0.599
12	0.88	2.520	0.649
13	0.94	2.680	0.699
14	1.00	2.860	0.750
15	1.10	3.020	0.799
16	1.16	3.200	0.850
17	1.22	3.360	0.899
18	1.26	3.520	0.950
19	1.38	3.700	0.999
20	1.42	3.860	1.050
21	1.48	4.020	1.099
22	1.58	4.180	1.149
23	1.66	4.360	1.199
24	1.72	4.540	1.250
25	1.76	4.680	1.300
26	1.88	4.860	1.349
27	1.94	5.020	1.400
28	2.00	5.200	1.449
29	2.12	5.340	1.499
30	2.18	5.520	1.549
31	2.26	5.680	1.600
32	2.32	5.860	1.649
33	2.46	6.040	1.699
34	2.52	6.180	1.750
35	2.58	6.360	1.799
36	2.64	6.520	1.850
37	2.78	6.700	1.899
38	2.86	6.840	1.950
39	2.92	7.020	1.999
40	3.06	7.200	2.050
41	3.14	7.360	2.099
42	3.22	7.540	2.150
43	3.30	7.680	2.200
44	3.46	7.860	2.250
45	3.54	8.020	2.299
46	3.60	8.200	2.350
47	3.78	8.380	2.399
48	3.86	8.540	2.449
49	3.94	8.700	2.500
50	4.02	8.880	2.549
51	4.20	9.040	2.599
52	4.28	9.180	2.649
53	4.34	9.360	2.699
54	4.46	9.540	2.749
55	4.66	9.700	2.799
56	4.72	9.880	2.850
57	4.82	10.040	2.899
58	5.04	10.200	2.949
59	5.14	10.380	2.999
60	5.24	10.540	3.049
61	5.32	10.700	3.100
62	5.52	10.860	3.149
63	5.64	11.040	3.199
64	5.74	11.220	3.249
65	5.92	11.360	3.300
66	6.04	11.540	3.349
67	6.14	11.700	3.400
68	6.28	11.880	3.449
69	6.50	12.020	3.499
70	6.62	12.200	3.549
71	6.74	12.380	3.600
72	6.86	12.540	3.649
73	7.06	12.720	3.699
74	7.20	12.860	3.749
75	7.32	13.040	3.799
76	7.52	13.200	3.849
77	7.66	13.380	3.900
78	7.80	13.520	3.949
79	7.92	13.700	4.000
80	8.20	13.880	4.049
81	8.34	14.040	4.099
82	8.48	14.220	4.149
83	8.62	14.360	4.199
84	8.90	14.540	4.249
85	9.02	14.700	4.299
86	9.14	14.880	4.349
87	9.42	15.060	4.399
88	9.58	15.200	4.449
89	9.72	15.380	4.499
90	9.82	15.540	4.549
91	10.10	15.720	4.599
92	10.24	15.860	4.649
93	10.38	16.040	4.699
94	10.58	16.220	4.749
95	10.70	16.400	4.799
96	10.78	16.560	4.849
97	10.90	16.720	4.899
98	11.20	16.880	4.949
99	11.38	17.060	4.999
100	11.54	17.220	5.049
101	11.70	17.380	5.099
102	12.02	17.540	5.149
103	12.20	17.720	5.200
104	12.36	17.900	5.249
105	12.70	18.040	5.299
106	12.86	18.220	5.349
107	13.00	18.380	5.399
108	13.12	18.560	5.449
109	13.46	18.700	5.499
110	13.62	18.880	5.549
111	13.80	19.040	5.599
112	13.94	19.220	5.649
113	14.26	19.400	5.699
114	14.42	19.540	5.749
115	14.58	19.720	5.799
116	14.90	19.880	5.849
117	15.06	20.060	5.899
118	15.24	20.200	5.949
119	15.40	20.380	5.999
120	15.74	20.560	6.049
121	15.90	20.720	6.099
122	16.06	20.900	6.149
123	16.38	21.040	6.199
124	16.50	21.220	6.249
125	16.64	21.380	6.299
126	16.78	21.560	6.349
127	17.10	21.700	6.399
128	17.26	21.880	6.449
129	17.42	22.060	6.499
130	17.60	22.220	6.549
131	17.90	22.400	6.599
132	18.06	22.540	6.649
133	18.20	22.720	6.699
134	18.44	22.880	6.749
135	18.46	23.060	6.799
136	18.46	23.240	6.849
137	18.50	23.400	6.900
138	18.44	23.560	6.949
139	18.10	23.740	6.999
140	17.98	23.900	7.049
141	18.26	24.060	7.099
142	18.44	24.240	7.149
143	18.62	24.400	7.199
144	18.76	24.580	7.249
145	19.02	24.720	7.299
146	19.04	24.900	7.349
147	19.10	25.060	7.399
148	0.22	25.240	7.449
149	0.08	25.260	7.499
150	0.02	25.260	7.549
151	0.00	25.260	7.599
152	0.00	25.260	7.649
153	0.00	25.260	7.699
154	0.00	25.260	7.749
155	0.00	25.260	7.799
156	0.00	25.260	7.849
157	0.00	25.260	7.899
158	0.00	25.260	7.949
159	0.00	25.260	7.999
160	0.00	25.260	8.050
161	0.00	25.260	8.099
162	0.00	25.260	8.150
163	0.00	25.260	8.199
164	0.00	25.260	8.249
165	0.00	25.260	8.299
166	0.00	25.260	8.350
167	0.00	25.260	8.399
168	0.00	25.260	8.450
169	0.00	25.260	8.499
170	0.00	25.260	8.550
171	0.00	25.260	8.599
172	0.00	25.260	8.650
173	0.00	25.260	8.699
174	0.00	25.260	8.750
175	0.00	25.260	8.799
176	0.00	25.260	8.849
177	0.00	25.260	8.899
178	0.00	25.260	8.949
179	0.00	25.260	8.999
180	0.00	25.260	9.049
181	0.00	25.260	9.100
182	0.00	25.260	9.149
183	0.00	25.260	9.199
184	0.00	25.260	9.250
185	0.00	25.260	9.299
186	0.00	25.260	9.350
187	0.00	25.260	9.399
188	0.00	25.260	9.450
189	0.00	25.260	9.499
190	0.00	25.260	9.550
191	0.00	25.260	9.599
192	0.00	25.260	9.649
193	0.00	25.260	9.699
194	0.00	25.260	9.749
195	0.00	25.260	9.800
196	0.00	25.260	9.849
197	0.00	25.260	9.900
198	0.00	25.260	9.950
199	0.00	25.260	10.000
200	0.00	25.260	10.049
201	0.00	25.260	10.099
202	0.00	25.260	10.149
203	0.00	25.260	10.199
204	0.00	25.260	10.249
205	0.00	25.260	10.300
206	0.00	25.260	10.350
207	0.00	25.260	10.399
208	0.00	25.260	10.449
209	0.00	25.260	10.500
210	0.00	25.260	10.550
211	0.00	25.260	10.599
212	0.00	25.260	10.649
213	0.00	25.260	10.700
214	0.00	25.260	10.750
215	0.00	25.260	10.799
216	0.00	25.260	10.850
