11/6/2022  9:05 PM
Units: N
Readings: Continuous
X-Axis: Travel
Travel Unit: mm
Reading	Load	Travel	Time
1	-2.34	1.740	0.000
2	-2.34	1.740	0.050
3	-0.46	1.740	0.248
4	-0.46	1.740	0.300
5	-2.32	1.760	0.351
6	-2.24	1.900	0.400
7	-2.00	2.080	0.450
8	-1.44	2.220	0.500
9	-1.18	2.400	0.551
10	-0.96	2.560	0.600
11	-0.60	2.740	0.650
12	-0.46	2.880	0.701
13	-0.34	3.060	0.750
14	-0.30	3.240	0.801
15	0.06	3.400	0.850
16	0.24	3.580	0.900
17	0.38	3.720	0.950
18	0.50	3.900	1.000
19	0.68	4.060	1.051
20	0.78	4.240	1.100
21	0.88	4.400	1.150
22	1.06	4.560	1.201
23	1.12	4.740	1.250
24	1.18	4.900	1.300
25	1.22	5.060	1.350
26	1.38	5.220	1.400
27	1.46	5.400	1.451
28	1.54	5.560	1.500
29	1.72	5.740	1.551
30	1.78	5.900	1.601
31	1.84	6.060	1.650
32	1.90	6.240	1.700
33	2.04	6.400	1.751
34	2.12	6.560	1.800
35	2.18	6.720	1.850
36	2.36	6.900	1.901
37	2.44	7.080	1.950
38	2.52	7.220	2.000
39	2.60	7.400	2.051
40	2.76	7.560	2.100
41	2.84	7.740	2.150
42	2.94	7.880	2.201
43	3.02	8.060	2.250
44	3.12	8.220	2.301
45	3.14	8.420	2.350
46	3.18	8.580	2.400
47	3.36	8.760	2.450
48	3.46	8.900	2.500
49	3.56	9.080	2.551
50	3.64	9.240	2.600
51	3.82	9.420	2.650
52	3.86	9.560	2.700
53	3.92	9.740	2.750
54	4.12	9.920	2.801
55	4.20	10.080	2.850
56	4.30	10.260	2.900
57	4.36	10.400	2.951
58	4.54	10.580	3.000
59	4.64	10.740	3.050
60	4.74	10.920	3.101
61	4.94	11.080	3.150
62	4.98	11.240	3.200
63	5.04	11.420	3.250
64	5.14	11.580	3.300
65	5.36	11.760	3.350
66	5.46	11.900	3.400
67	5.56	12.080	3.451
68	5.62	12.260	3.500
69	5.82	12.420	3.550
70	5.92	12.580	3.600
71	6.12	12.840	3.651
72	6.18	12.920	3.700
73	6.26	13.080	3.750
74	6.36	13.240	3.800
75	6.48	13.400	3.851
76	6.68	13.580	3.900
77	6.78	13.760	3.950
78	6.86	13.900	4.001
79	7.06	14.080	4.051
80	7.12	14.240	4.101
81	7.22	14.420	4.150
82	7.32	14.560	4.200
83	7.56	14.740	4.251
84	7.66	14.920	4.301
85	7.76	15.080	4.350
86	7.96	15.260	4.400
87	8.08	15.400	4.451
88	8.20	15.580	4.500
89	8.30	15.760	4.550
90	8.52	15.920	4.600
91	8.62	16.100	4.650
92	8.74	16.240	4.700
93	8.84	16.420	4.751
94	9.02	16.600	4.800
95	9.14	16.760	4.850
96	9.24	16.940	4.901
97	9.48	17.060	4.950
98	9.58	17.240	5.000
99	9.70	17.380	5.050
100	9.80	17.560	5.100
101	10.04	17.720	5.150
102	10.18	17.900	5.200
103	10.30	18.080	5.250
104	10.52	18.220	5.300
105	10.64	18.400	5.350
106	10.74	18.560	5.400
107	10.86	18.740	5.450
108	11.08	18.880	5.500
109	11.20	19.060	5.550
110	11.32	19.240	5.601
111	11.56	19.400	5.650
112	11.66	19.580	5.700
113	11.78	19.720	5.751
114	11.90	19.900	5.801
115	12.12	20.060	5.850
116	12.20	20.240	5.901
117	12.32	20.420	5.950
118	12.44	20.560	6.000
119	12.68	20.740	6.050
120	12.80	20.900	6.101
121	12.92	21.080	6.150
122	13.18	21.220	6.200
123	13.30	21.400	6.250
124	13.42	21.560	6.301
125	13.54	21.760	6.351
126	13.78	21.920	6.400
127	13.86	22.080	6.450
128	13.96	22.240	6.500
129	14.14	22.420	6.552
130	14.18	22.580	6.601
131	14.02	22.740	6.650
132	14.02	22.900	6.701
133	14.34	23.080	6.750
134	14.50	23.240	6.800
135	14.66	23.400	6.850
136	14.82	23.580	6.901
137	15.12	23.740	6.950
138	15.24	23.920	7.000
139	15.38	24.060	7.050
140	15.64	24.240	7.100
141	0.24	24.420	7.150
142	0.02	24.580	7.200
143	0.12	24.660	7.250
144	0.02	24.660	7.301
145	0.02	24.660	7.350
146	0.02	24.660	7.401
147	0.02	24.660	7.450
148	0.02	24.660	7.500
149	0.02	24.660	7.550
150	0.02	24.660	7.600
151	0.02	24.660	7.650
152	0.02	24.660	7.700
153	0.02	24.660	7.750
154	0.02	24.660	7.800
155	0.02	24.660	7.850
156	0.00	24.660	7.900
157	0.02	24.660	7.950
158	0.02	24.660	8.000
159	0.02	24.660	8.050
160	0.02	24.660	8.100
161	0.02	24.660	8.150
162	0.02	24.660	8.200
163	0.02	24.660	8.250
164	0.02	24.660	8.300
165	0.02	24.660	8.350
166	0.02	24.660	8.400
167	0.02	24.660	8.450
168	0.02	24.660	8.500
169	0.02	24.660	8.551
170	0.02	24.660	8.600
171	0.02	24.660	8.650
172	0.02	24.660	8.701
173	0.00	24.660	8.750
174	0.02	24.660	8.800
175	0.02	24.660	8.850
176	0.02	24.660	8.900
177	0.02	24.660	8.950
178	0.02	24.660	9.001
179	0.02	24.660	9.050
180	0.02	24.660	9.100
181	0.02	24.660	9.150
182	0.02	24.660	9.200
183	0.02	24.660	9.251
184	0.02	24.660	9.300
185	0.02	24.660	9.350
186	0.02	24.660	9.401
187	0.02	24.660	9.450
188	0.02	24.660	9.500
189	0.02	24.660	9.550
190	0.02	24.660	9.600
191	0.02	24.660	9.650
192	0.00	24.660	9.700
193	0.02	24.660	9.750
194	0.00	24.660	9.800
195	0.00	24.660	9.851
196	0.02	24.660	9.901
197	0.02	24.660	9.950
198	0.02	24.660	10.001
199	0.02	24.660	10.050
200	0.02	24.660	10.101
201	0.02	24.660	10.150
202	0.00	24.660	10.200
203	0.02	24.660	10.251
204	0.00	24.660	10.300
205	0.00	24.660	10.350
206	0.00	24.660	10.401
207	0.02	24.660	10.451
208	0.02	24.660	10.501
