11/10/2022  9:38 PM
Units: N
Readings: Continuous
X-Axis: Travel
Travel Unit: mm
Reading	Load	Travel	Time
1	-1.34	-1.140	0.000
2	1.18	1.420	1.100
3	1.24	1.560	1.150
4	1.32	1.740	1.200
5	1.40	1.920	1.250
6	1.58	2.100	1.300
7	1.66	2.260	1.350
8	1.76	2.420	1.400
9	1.84	2.580	1.451
10	1.80	2.760	1.500
11	1.78	2.920	1.550
12	1.84	3.080	1.600
13	1.98	3.240	1.650
14	2.04	3.420	1.700
15	2.12	3.580	1.750
16	2.18	3.740	1.800
17	2.28	3.920	1.850
18	2.36	4.080	1.900
19	2.44	4.260	1.950
20	2.58	4.440	2.000
21	2.66	4.580	2.050
22	2.72	4.760	2.100
23	2.78	4.920	2.150
24	2.94	5.100	2.201
25	3.02	5.240	2.250
26	3.10	5.420	2.300
27	3.24	5.580	2.350
28	3.32	5.760	2.400
29	3.40	5.940	2.450
30	3.50	6.080	2.500
31	3.66	6.260	2.551
32	3.74	6.420	2.600
33	3.82	6.600	2.650
34	3.92	6.740	2.700
35	4.10	6.920	2.750
36	4.18	7.080	2.800
37	4.28	7.260	2.850
38	4.46	7.440	2.900
39	4.54	7.580	2.951
40	4.64	7.760	3.000
41	4.70	7.920	3.050
42	4.86	8.100	3.100
43	4.98	8.240	3.150
44	5.06	8.420	3.200
45	5.24	8.600	3.250
46	5.34	8.780	3.300
47	5.44	8.940	3.351
48	5.54	9.100	3.401
49	5.72	9.260	3.450
50	5.84	9.420	3.501
51	5.94	9.600	3.550
52	6.14	9.760	3.600
53	6.24	9.920	3.651
54	6.32	10.100	3.700
55	6.36	10.280	3.751
56	6.50	10.420	3.801
57	6.60	10.600	3.851
58	6.68	10.760	3.900
59	6.80	10.940	3.950
60	7.00	11.080	4.001
61	7.10	11.260	4.050
62	7.20	11.440	4.101
63	7.42	11.600	4.151
64	7.52	11.780	4.201
65	7.62	11.920	4.251
66	7.72	12.100	4.301
67	7.92	12.260	4.350
68	8.02	12.440	4.400
69	8.14	12.620	4.450
70	8.30	12.760	4.500
71	8.40	12.940	4.551
72	8.52	13.100	4.601
73	8.64	13.280	4.650
74	8.80	13.420	4.700
75	7.36	13.600	4.751
76	0.22	13.780	4.801
77	0.30	13.940	4.851
78	0.28	14.120	4.900
79	0.28	14.260	4.951
80	0.28	14.440	5.001
81	0.28	14.620	5.050
82	0.28	14.780	5.100
83	0.28	14.960	5.150
84	0.28	15.100	5.201
85	0.28	15.280	5.251
86	0.28	15.460	5.301
87	0.28	15.620	5.351
88	0.28	15.760	5.401
89	0.28	15.940	5.450
90	0.28	16.120	5.500
91	0.26	16.280	5.550
92	0.26	16.440	5.600
93	0.26	16.620	5.650
94	0.28	16.780	5.700
95	0.28	16.960	5.751
96	0.28	17.100	5.801
97	0.28	17.280	5.851
