11/10/2022  10:38 PM
Units: N
Readings: Continuous
X-Axis: Travel
Travel Unit: mm
Reading	Load	Travel	Time
1	-1.64	-0.660	0.000
2	-0.42	-0.660	0.201
3	-0.42	-0.660	0.250
4	-1.62	-0.660	0.300
5	-1.56	-0.520	0.350
6	-1.36	-0.380	0.400
7	-0.86	-0.200	0.450
8	-0.62	-0.020	0.501
9	-0.40	0.120	0.550
10	-0.32	0.300	0.600
11	-0.30	0.480	0.650
12	-0.20	0.620	0.700
13	0.02	0.800	0.750
14	0.42	0.960	0.800
15	0.58	1.140	0.851
16	0.72	1.280	0.901
17	0.88	1.460	0.950
18	0.96	1.620	1.000
19	1.00	1.800	1.050
20	1.08	1.980	1.100
21	1.22	2.120	1.150
22	1.30	2.300	1.201
23	1.40	2.460	1.250
24	1.48	2.640	1.300
25	1.64	2.780	1.350
26	1.72	2.960	1.401
27	1.82	3.120	1.450
28	1.90	3.300	1.501
29	2.08	3.460	1.550
30	2.16	3.620	1.601
31	2.26	3.800	1.651
32	2.44	3.980	1.700
33	2.52	4.140	1.750
34	2.62	4.300	1.800
35	2.72	4.460	1.851
36	2.92	4.640	1.900
37	3.00	4.800	1.951
38	3.10	4.960	2.000
39	3.28	5.140	2.050
40	3.38	5.300	2.100
41	3.48	5.480	2.150
42	3.56	5.620	2.200
43	3.48	5.800	2.251
44	3.54	5.960	2.300
45	3.66	6.140	2.350
46	3.78	6.320	2.400
47	4.02	6.460	2.451
48	4.14	6.640	2.500
49	4.26	6.800	2.550
50	4.50	6.980	2.600
51	4.62	7.120	2.650
52	4.64	7.300	2.700
53	4.72	7.460	2.751
54	5.00	7.640	2.800
55	5.12	7.820	2.850
56	5.24	7.960	2.900
57	5.50	8.140	2.950
58	5.62	8.300	3.000
59	5.74	8.480	3.051
60	5.86	8.660	3.101
61	6.04	8.800	3.151
62	6.16	8.980	3.200
63	6.18	9.140	3.250
64	6.44	9.320	3.300
65	6.56	9.460	3.350
66	6.68	9.640	3.401
67	6.82	9.820	3.451
68	7.00	9.980	3.501
69	7.10	10.140	3.550
70	7.06	10.300	3.601
71	7.10	10.480	3.650
72	7.22	10.660	3.700
73	7.34	10.820	3.751
74	7.48	10.980	3.800
75	7.72	11.140	3.851
76	7.82	11.320	3.900
77	7.90	11.480	3.950
78	8.02	11.640	4.001
79	8.32	11.820	4.050
80	8.46	11.980	4.100
81	8.60	12.160	4.151
82	8.90	12.300	4.200
83	9.04	12.480	4.251
84	9.06	12.660	4.300
85	9.20	12.820	4.350
86	9.52	13.000	4.400
87	9.66	13.140	4.450
88	9.76	13.320	4.500
89	10.06	13.480	4.550
90	10.22	13.660	4.601
91	10.38	13.800	4.651
92	10.54	13.980	4.701
93	10.86	14.160	4.750
94	11.02	14.320	4.801
95	11.16	14.500	4.851
96	11.24	14.640	4.900
97	11.50	14.820	4.951
98	11.68	14.980	5.001
99	11.84	15.160	5.051
100	12.16	15.300	5.101
101	12.34	15.480	5.150
102	12.50	15.640	5.201
103	12.60	15.820	5.250
104	12.92	16.000	5.300
105	13.10	16.140	5.350
106	13.26	16.320	5.400
107	13.52	16.480	5.450
108	13.68	16.660	5.500
109	13.86	16.840	5.551
110	14.04	17.000	5.601
111	14.38	17.160	5.650
112	14.52	17.340	5.700
113	14.64	17.500	5.751
114	14.98	17.660	5.801
115	15.04	17.820	5.850
116	15.00	18.000	5.900
117	15.04	18.180	5.950
118	15.30	18.320	6.000
119	15.46	18.500	6.051
120	15.64	18.660	6.100
121	15.80	18.840	6.151
122	16.10	18.980	6.200
123	16.28	19.160	6.251
124	16.14	19.320	6.301
125	14.30	19.500	6.350
126	13.74	19.640	6.401
127	13.52	19.820	6.450
128	12.80	20.000	6.500
129	0.02	20.160	6.551
130	0.26	20.340	6.600
131	0.06	20.420	6.651
132	0.02	20.420	6.700
133	0.02	20.420	6.751
134	0.02	20.420	6.801
135	0.02	20.420	6.851
136	0.02	20.420	6.900
137	0.02	20.420	6.951
138	0.02	20.440	7.000
139	0.02	20.440	7.050
140	0.02	20.440	7.100
141	0.02	20.440	7.151
142	0.02	20.440	7.201
143	0.02	20.440	7.251
144	0.02	20.440	7.300
145	0.02	20.440	7.350
146	0.02	20.440	7.400
147	0.02	20.440	7.450
148	0.02	20.440	7.500
149	0.02	20.440	7.551
150	0.02	20.440	7.600
