11/10/2022  9:44 PM
Units: N
Readings: Continuous
X-Axis: Travel
Travel Unit: mm
Reading	Load	Travel	Time
1	-0.82	-0.380	0.000
2	-0.70	-0.380	0.190
3	-0.70	-0.380	0.200
4	-0.80	-0.340	0.251
5	-0.80	-0.340	0.300
6	-0.74	-0.200	0.350
7	-0.38	-0.020	0.400
8	-0.34	0.120	0.450
9	-0.32	0.300	0.500
10	-0.24	0.480	0.550
11	0.02	0.620	0.601
12	0.12	0.800	0.650
13	0.24	0.960	0.701
14	0.44	1.140	0.750
15	0.50	1.280	0.800
16	0.56	1.460	0.850
17	0.64	1.620	0.901
18	0.78	1.800	0.950
19	0.84	1.980	1.000
20	0.92	2.120	1.051
21	1.04	2.300	1.101
22	1.12	2.460	1.150
23	1.20	2.640	1.200
24	1.26	2.780	1.251
25	1.42	2.960	1.301
26	1.48	3.120	1.350
27	1.56	3.300	1.400
28	1.64	3.460	1.451
29	1.78	3.620	1.501
30	1.86	3.800	1.551
31	1.92	3.980	1.601
32	2.04	4.140	1.650
33	2.12	4.300	1.700
34	2.20	4.460	1.750
35	2.28	4.640	1.800
36	2.40	4.820	1.851
37	2.48	4.960	1.901
38	2.56	5.140	1.951
39	2.70	5.300	2.001
40	2.76	5.480	2.051
41	2.84	5.620	2.101
42	2.90	5.800	2.150
43	3.06	5.980	2.200
44	3.12	6.140	2.250
45	3.16	6.320	2.300
46	3.26	6.460	2.351
47	3.34	6.640	2.401
48	3.44	6.800	2.450
49	3.54	6.980	2.501
50	3.74	7.120	2.551
51	3.82	7.300	2.600
52	3.92	7.480	2.650
53	4.02	7.640	2.701
54	4.22	7.820	2.750
55	4.30	7.960	2.800
56	4.40	8.140	2.851
57	4.60	8.320	2.901
58	4.70	8.480	2.950
59	4.80	8.660	3.000
60	4.90	8.800	3.051
61	5.10	8.980	3.100
62	5.20	9.140	3.151
63	5.30	9.320	3.201
64	5.52	9.460	3.251
65	5.62	9.640	3.301
66	5.72	9.820	3.350
67	5.82	9.980	3.400
68	5.98	10.140	3.451
69	6.06	10.320	3.501
70	6.00	10.480	3.551
71	5.18	10.660	3.600
72	5.28	10.820	3.650
73	5.40	10.980	3.701
74	5.52	11.140	3.751
75	5.76	11.320	3.800
76	5.88	11.480	3.850
77	5.98	11.640	3.900
78	6.10	11.820	3.951
79	6.30	11.980	4.000
80	6.40	12.160	4.050
81	6.52	12.300	4.101
82	6.70	12.480	4.151
83	6.80	12.660	4.200
84	6.88	12.820	4.250
85	6.64	13.000	4.301
86	0.80	13.140	4.350
87	0.10	13.320	4.400
88	0.02	13.480	4.451
89	0.00	13.660	4.500
90	0.00	13.840	4.550
91	0.00	13.980	4.600
92	0.02	14.160	4.651
93	0.00	14.320	4.701
94	0.00	14.500	4.750
95	0.00	14.640	4.800
96	0.00	14.820	4.850
97	0.00	14.980	4.900
98	0.00	15.160	4.950
99	0.00	15.340	5.000
100	0.00	15.480	5.050
101	0.00	15.660	5.101
102	0.00	15.820	5.150
103	0.00	16.000	5.200
104	0.00	16.140	5.251
105	0.00	16.320	5.300
106	0.00	16.500	5.351
107	0.00	16.680	5.400
108	0.00	16.840	5.450
109	0.00	17.000	5.501
110	0.00	17.160	5.550
111	0.00	17.340	5.600
112	0.00	17.500	5.650
113	0.00	17.660	5.700
114	0.00	17.840	5.751
115	0.00	18.000	5.801
116	0.02	18.180	5.851
117	0.02	18.320	5.901
118	0.00	18.600	5.950
119	0.00	18.660	6.000
120	0.00	18.840	6.050
121	0.00	18.980	6.101
122	0.00	19.160	6.150
123	0.00	19.340	6.200
124	0.00	19.500	6.251
125	0.00	19.680	6.300
126	0.00	19.820	6.350
127	0.00	20.000	6.401
128	0.00	20.160	6.451
129	0.00	20.340	6.500
130	0.00	20.520	6.551
131	0.00	20.660	6.601
132	0.00	20.840	6.650
133	0.00	21.000	6.700
134	0.00	21.180	6.751
135	0.00	21.360	6.800
136	0.00	21.500	6.850
137	0.00	21.660	6.900
138	0.00	21.840	6.951
139	0.00	22.020	7.000
140	0.00	22.160	7.051
141	0.00	22.340	7.100
142	0.00	22.500	7.150
