11/10/2022  9:47 PM
Units: N
Readings: Continuous
X-Axis: Travel
Travel Unit: mm
Reading	Load	Travel	Time
1	-3.68	-3.220	0.000
2	-3.68	-3.220	0.044
3	-3.68	-3.220	0.094
4	-3.20	-3.220	0.276
5	-3.20	-3.220	0.294
6	-3.20	-3.220	0.345
7	-3.66	-3.160	0.395
8	-3.38	-3.020	0.444
9	-3.16	-2.860	0.494
10	-2.94	-2.680	0.544
11	-2.76	-2.500	0.595
12	-2.44	-2.360	0.645
13	-2.34	-2.180	0.694
14	-2.20	-2.020	0.744
15	-2.04	-1.840	0.795
16	-1.96	-1.660	0.844
17	-1.80	-1.520	0.894
18	-1.64	-1.340	0.944
19	-1.34	-1.180	0.995
20	-1.16	-1.000	1.044
21	-0.98	-0.860	1.095
22	-0.64	-0.680	1.145
23	-0.32	-0.400	1.195
24	-0.32	-0.340	1.245
25	-0.22	-0.160	1.294
26	0.04	-0.020	1.344
27	0.16	0.140	1.395
28	0.26	0.300	1.444
29	0.36	0.480	1.494
30	0.50	0.660	1.544
31	0.58	0.800	1.595
32	0.64	0.980	1.644
33	0.76	1.140	1.695
34	0.80	1.320	1.745
35	0.90	1.480	1.794
36	0.94	1.640	1.845
37	1.04	1.800	1.894
38	1.08	1.980	1.944
39	1.12	2.120	1.994
40	1.18	2.300	2.044
41	1.26	2.480	2.094
42	1.30	2.640	2.144
43	1.36	2.800	2.195
44	1.46	2.980	2.245
45	1.52	3.140	2.294
46	1.58	3.320	2.344
47	1.64	3.460	2.395
48	1.74	3.640	2.444
49	1.76	3.800	2.494
50	1.80	3.980	2.545
51	1.92	4.160	2.594
52	1.98	4.300	2.644
53	2.04	4.480	2.695
54	2.12	4.640	2.745
55	2.22	4.820	2.795
56	2.18	5.000	2.844
57	2.22	5.140	2.894
58	2.38	5.320	2.944
59	2.44	5.480	2.994
60	2.52	5.660	3.044
61	2.56	5.800	3.095
62	2.68	5.980	3.144
63	2.76	6.140	3.195
64	2.82	6.320	3.244
65	2.88	6.500	3.295
66	2.64	6.640	3.344
67	2.72	6.820	3.394
68	2.80	6.980	3.444
69	2.98	7.160	3.494
70	3.04	7.300	3.544
71	3.12	7.480	3.594
72	3.18	7.660	3.644
73	3.36	7.820	3.695
74	3.44	8.000	3.744
75	3.50	8.140	3.794
76	3.62	8.320	3.844
77	3.70	8.500	3.894
78	3.78	8.660	3.944
79	3.86	8.820	3.995
80	4.00	9.000	4.044
81	4.06	9.160	4.095
82	4.14	9.340	4.144
83	4.32	9.480	4.195
84	4.40	9.660	4.244
85	4.50	9.820	4.294
86	4.58	10.000	4.345
87	4.74	10.140	4.395
88	4.82	10.320	4.445
89	4.90	10.500	4.494
90	5.00	10.660	4.545
91	5.14	10.840	4.594
92	5.22	10.980	4.644
93	5.32	11.160	4.695
94	5.48	11.320	4.745
95	5.58	11.500	4.794
96	5.64	11.640	4.845
97	5.72	11.820	4.895
98	5.90	12.000	4.944
99	5.98	12.160	4.994
100	6.06	12.340	5.044
101	6.24	12.480	5.095
102	6.32	12.660	5.145
103	6.40	12.840	5.194
104	6.44	13.000	5.244
105	6.44	13.180	5.294
106	6.54	13.320	5.344
107	6.64	13.500	5.394
108	6.84	13.660	5.444
109	6.94	13.840	5.494
110	7.04	14.020	5.544
111	7.14	14.160	5.595
112	7.34	14.340	5.645
113	7.44	14.500	5.694
114	7.54	14.680	5.745
115	7.72	14.820	5.794
116	7.82	15.000	5.844
117	7.90	15.160	5.895
118	7.98	15.340	5.945
119	8.16	15.480	5.994
120	8.22	15.660	6.045
121	8.28	15.840	6.095
122	8.36	16.020	6.145
123	7.88	16.160	6.194
124	7.46	16.340	6.244
125	6.74	16.500	6.294
126	3.34	16.680	6.345
127	0.60	16.860	6.395
128	0.08	17.000	6.445
129	0.02	17.180	6.494
130	0.00	17.340	6.544
131	0.00	17.520	6.594
132	0.00	17.660	6.644
133	0.00	17.840	6.695
134	0.02	18.020	6.745
135	0.02	18.180	6.795
136	0.02	18.360	6.845
137	0.00	18.500	6.895
138	0.00	18.680	6.945
139	0.00	18.840	6.994
140	0.00	19.020	7.045
141	0.00	19.160	7.094
142	0.00	19.340	7.145
143	0.02	19.520	7.195
144	0.00	19.680	7.244
145	0.00	19.860	7.294
146	0.00	20.000	7.344
