11/10/2022  10:07 PM
Units: N
Readings: Continuous
X-Axis: Travel
Travel Unit: mm
Reading	Load	Travel	Time
1	-1.40	-0.980	0.000
2	-1.40	-0.980	0.051
3	-1.34	-0.980	0.245
4	-1.34	-0.980	0.250
5	-1.34	-0.980	0.300
6	-1.38	-0.960	0.351
7	-1.32	-0.820	0.400
8	-1.08	-0.680	0.450
9	-0.60	-0.500	0.501
10	-0.40	-0.340	0.550
11	-0.34	-0.160	0.600
12	-0.30	0.000	0.651
13	-0.22	0.140	0.700
14	-0.02	0.320	0.750
15	0.18	0.500	0.800
16	0.56	0.660	0.850
17	0.74	0.820	0.900
18	0.90	0.980	0.951
19	1.20	1.160	1.001
20	1.32	1.320	1.050
21	1.44	1.480	1.101
22	1.56	1.640	1.151
23	1.80	1.820	1.200
24	1.90	2.000	1.250
25	2.02	2.140	1.300
26	2.14	2.320	1.351
27	2.36	2.480	1.400
28	2.48	2.660	1.451
29	2.52	2.840	1.501
30	2.74	2.980	1.551
31	2.86	3.160	1.600
32	2.98	3.320	1.651
33	3.12	3.500	1.700
34	3.40	3.640	1.751
35	3.54	3.820	1.800
36	3.70	3.980	1.850
37	3.90	4.160	1.900
38	4.04	4.340	1.950
39	4.22	4.480	2.001
40	4.38	4.660	2.050
41	4.72	4.820	2.101
42	4.88	5.000	2.150
43	5.04	5.140	2.200
44	5.30	5.320	2.250
45	5.48	5.500	2.301
46	5.66	5.660	2.351
47	5.84	5.840	2.401
48	6.14	5.980	2.451
49	6.28	6.160	2.500
50	6.46	6.320	2.551
51	6.64	6.500	2.600
52	6.90	6.640	2.651
53	7.06	6.820	2.700
54	7.24	7.000	2.750
55	7.56	7.160	2.801
56	7.74	7.340	2.850
57	7.92	7.500	2.901
58	8.12	7.660	2.951
59	8.44	7.840	3.000
60	8.64	8.000	3.050
61	8.82	8.140	3.100
62	9.12	8.320	3.151
63	9.26	8.500	3.201
64	9.42	8.680	3.251
65	9.58	8.820	3.300
66	9.86	9.000	3.350
67	10.02	9.160	3.400
68	10.12	9.340	3.450
69	10.20	9.480	3.500
70	10.26	9.660	3.550
71	10.30	9.820	3.601
72	10.30	10.000	3.650
73	10.54	10.180	3.700
74	10.62	10.320	3.751
75	10.66	10.500	3.801
76	10.74	10.660	3.851
77	10.90	10.840	3.900
78	11.04	10.980	3.951
79	11.12	11.160	4.000
80	11.18	11.340	4.050
81	11.30	11.500	4.100
82	11.40	11.680	4.151
83	11.42	11.820	4.200
84	10.44	12.000	4.250
85	10.36	12.160	4.301
86	10.48	12.340	4.351
87	10.80	12.520	4.400
88	10.96	12.660	4.451
89	11.10	12.840	4.501
90	11.20	13.000	4.551
91	11.10	13.180	4.600
92	8.88	13.320	4.651
93	8.38	13.500	4.701
94	8.24	13.680	4.750
95	8.22	13.860	4.800
96	7.94	14.020	4.851
97	6.80	14.180	4.900
98	4.28	14.340	4.951
99	3.86	14.520	5.000
100	3.74	14.680	5.050
101	3.44	14.840	5.101
102	0.12	15.020	5.150
103	0.02	15.180	5.200
104	0.02	15.260	5.250
105	0.00	15.260	5.301
106	0.00	15.260	5.350
107	0.00	15.260	5.400
108	0.00	15.260	5.450
109	0.02	15.260	5.500
110	0.02	15.260	5.551
111	0.02	15.260	5.601
112	0.02	15.260	5.650
113	0.02	15.260	5.700
114	0.02	15.260	5.751
115	0.00	15.260	5.800
116	0.02	15.260	5.850
117	0.00	15.260	5.900
118	0.02	15.260	5.950
119	0.02	15.260	6.001
120	0.02	15.260	6.050
121	0.00	15.260	6.100
122	0.00	15.260	6.151
123	0.00	15.260	6.200
124	0.00	15.260	6.250
125	0.00	15.260	6.300
126	0.02	15.260	6.351
127	0.00	15.260	6.400
128	0.00	15.260	6.451
129	0.02	15.260	6.501
130	0.00	15.260	6.551
131	0.00	15.260	6.600
132	0.02	15.260	6.650
133	0.00	15.260	6.700
134	0.02	15.260	6.751
135	0.02	15.260	6.800
136	0.00	15.260	6.850
137	0.02	15.260	6.900
