11/10/2022  10:17 PM
Units: N
Readings: Continuous
X-Axis: Travel
Travel Unit: mm
Reading	Load	Travel	Time
1	-0.40	0.120	0.000
2	-0.34	0.120	0.200
3	-0.34	0.120	0.250
4	-0.40	0.120	0.300
5	-0.34	0.240	0.350
6	-0.32	0.420	0.400
7	-0.28	0.580	0.450
8	-0.16	0.760	0.500
9	0.04	0.900	0.550
10	0.20	1.080	0.600
11	0.48	1.240	0.650
12	0.60	1.420	0.700
13	0.72	1.560	0.750
14	0.92	1.740	0.800
15	1.02	1.920	0.851
16	1.12	2.100	0.900
17	1.22	2.260	0.950
18	1.42	2.420	1.000
19	1.52	2.580	1.051
20	1.62	2.760	1.101
21	1.72	2.920	1.150
22	1.92	3.080	1.201
23	2.02	3.260	1.251
24	2.12	3.420	1.300
25	2.04	3.600	1.350
26	1.94	3.740	1.400
27	2.00	3.920	1.450
28	2.12	4.080	1.500
29	2.40	4.380	1.550
30	2.40	4.440	1.601
31	2.52	4.580	1.651
32	2.68	4.760	1.701
33	2.80	4.920	1.751
34	2.94	5.100	1.801
35	3.04	5.240	1.850
36	3.26	5.420	1.901
37	3.38	5.580	1.950
38	3.52	5.760	2.000
39	3.74	5.940	2.050
40	3.88	6.080	2.100
41	4.02	6.260	2.150
42	4.14	6.420	2.200
43	4.40	6.600	2.250
44	4.54	6.740	2.300
45	4.68	6.920	2.350
46	4.80	7.080	2.401
47	5.08	7.260	2.451
48	5.22	7.440	2.501
49	5.38	7.580	2.551
50	5.66	7.760	2.600
51	5.80	7.920	2.651
52	5.94	8.100	2.700
53	6.08	8.280	2.750
54	6.38	8.440	2.800
55	6.52	8.600	2.850
56	6.66	8.780	2.900
57	6.98	8.940	2.950
58	7.12	9.100	3.000
59	7.28	9.260	3.051
60	7.44	9.440	3.100
61	7.74	9.600	3.150
62	7.88	9.760	3.200
63	8.04	9.940	3.251
64	8.36	10.100	3.301
65	8.50	10.280	3.350
66	8.64	10.420	3.401
67	8.78	10.600	3.451
68	8.94	10.760	3.500
69	8.44	10.940	3.550
70	8.42	11.080	3.600
71	8.84	11.260	3.650
72	9.04	11.440	3.700
73	9.20	11.600	3.750
74	9.36	11.780	3.800
75	9.68	11.920	3.850
76	9.82	12.100	3.901
77	9.82	12.280	3.951
78	9.84	12.440	4.000
79	10.14	12.620	4.050
80	10.28	12.760	4.101
81	10.42	12.940	4.150
82	10.74	13.100	4.200
83	10.86	13.280	4.251
84	10.78	13.420	4.301
85	9.94	13.600	4.351
86	8.90	13.780	4.401
87	8.92	13.940	4.451
88	8.88	14.120	4.501
89	6.32	14.260	4.551
90	-0.04	14.440	4.600
91	0.16	14.540	4.650
92	0.04	14.540	4.700
93	0.02	14.540	4.751
94	0.02	14.540	4.800
95	0.02	14.540	4.850
96	0.00	14.540	4.900
97	0.02	14.540	4.951
98	0.00	14.540	5.000
99	0.02	14.540	5.050
100	0.02	14.540	5.100
101	0.02	14.540	5.150
102	0.02	14.540	5.200
103	0.02	14.540	5.250
104	0.02	14.540	5.300
105	0.00	14.540	5.351
106	0.02	14.540	5.400
107	0.02	14.540	5.450
108	0.02	14.540	5.501
109	0.02	14.540	5.550
110	0.02	14.540	5.600
111	0.02	14.540	5.650
112	0.00	14.540	5.701
113	0.02	14.540	5.750
114	0.02	14.540	5.800
115	0.02	14.540	5.851
116	0.02	14.540	5.900
