11/10/2022  10:22 PM
Units: N
Readings: Continuous
X-Axis: Travel
Travel Unit: mm
Reading	Load	Travel	Time
1	-0.30	-1.180	0.000
2	-0.32	-1.180	0.050
3	-0.32	-1.180	0.100
4	-0.14	-1.180	0.276
5	-0.14	-1.180	0.300
6	-0.14	-1.160	0.350
7	-0.32	-1.100	0.400
8	-0.16	-0.960	0.450
9	0.04	-0.780	0.500
10	0.22	-0.620	0.550
11	0.52	-0.440	0.600
12	0.62	-0.300	0.650
13	0.70	-0.120	0.700
14	0.80	0.040	0.751
15	0.88	0.220	0.800
16	0.96	0.380	0.851
17	1.02	0.540	0.900
18	1.10	0.700	0.950
19	1.26	0.880	1.001
20	1.34	1.060	1.051
21	1.44	1.200	1.100
22	1.60	1.360	1.150
23	1.70	1.540	1.200
24	1.78	1.700	1.250
25	1.86	1.860	1.300
26	2.02	2.040	1.350
27	2.06	2.200	1.400
28	2.02	2.380	1.450
29	2.08	2.560	1.500
30	2.14	2.700	1.550
31	2.20	2.880	1.600
32	2.28	3.040	1.650
33	2.42	3.220	1.700
34	2.50	3.360	1.750
35	2.50	3.540	1.800
36	2.56	3.700	1.850
37	2.56	3.880	1.900
38	2.48	4.060	1.951
39	2.50	4.200	2.000
40	2.66	4.380	2.050
41	2.74	4.540	2.101
42	2.82	4.720	2.150
43	2.90	4.900	2.201
44	3.08	5.040	2.250
45	3.14	5.200	2.300
46	3.22	5.380	2.350
47	3.38	5.560	2.400
48	3.46	5.700	2.451
49	3.54	5.880	2.500
50	3.62	6.040	2.551
51	3.80	6.220	2.600
52	3.88	6.400	2.650
53	3.98	6.540	2.700
54	4.14	6.720	2.750
55	4.22	6.880	2.800
56	4.30	7.060	2.852
57	4.38	7.220	2.900
58	4.56	7.380	2.951
59	4.64	7.540	3.000
60	4.74	7.720	3.050
61	4.92	7.880	3.101
62	5.02	8.060	3.150
63	5.10	8.220	3.200
64	5.20	8.400	3.250
65	5.38	8.540	3.300
66	5.48	8.720	3.350
67	5.56	8.900	3.401
68	5.74	9.060	3.450
69	5.84	9.220	3.500
70	5.94	9.380	3.550
71	6.02	9.560	3.601
72	6.22	9.720	3.651
73	6.32	9.900	3.700
74	6.42	10.040	3.750
75	6.52	10.220	3.800
76	6.72	10.400	3.850
77	6.82	10.560	3.900
78	6.92	10.740	3.951
79	7.12	10.880	4.000
80	7.22	11.060	4.050
81	7.30	11.220	4.100
82	7.22	11.400	4.150
83	6.78	11.540	4.200
84	6.78	11.720	4.250
85	6.80	11.900	4.300
86	6.10	12.060	4.350
87	3.70	12.240	4.400
88	0.66	12.380	4.450
89	0.10	12.560	4.500
90	0.02	12.740	4.550
91	0.02	12.900	4.601
92	0.02	13.080	4.650
93	0.00	13.220	4.700
94	0.02	13.400	4.750
95	0.02	13.560	4.801
96	0.02	13.740	4.850
97	0.02	13.900	4.900
98	0.02	14.060	4.951
99	0.02	14.240	5.001
100	0.02	14.420	5.050
101	0.02	14.560	5.100
102	0.02	14.740	5.151
103	0.02	14.900	5.200
104	0.02	15.080	5.251
105	0.02	15.220	5.300
106	0.02	15.400	5.350
107	0.02	15.560	5.400
108	0.02	15.740	5.450
109	0.02	15.920	5.501
110	0.02	16.060	5.550
111	0.02	16.240	5.601
112	0.02	16.420	5.651
113	0.02	16.580	5.701
114	0.02	16.760	5.751
115	0.02	16.900	5.800
116	0.02	17.080	5.850
117	0.02	17.240	5.900
118	0.02	17.420	5.951
119	0.02	17.560	6.001
120	0.00	17.740	6.051
121	0.02	17.920	6.101
122	0.02	18.080	6.150
123	0.02	18.260	6.200
124	0.02	18.400	6.250
125	0.02	18.580	6.300
126	0.00	18.740	6.350
127	0.02	18.920	6.400
128	0.02	19.060	6.451
129	0.02	19.240	6.500
130	0.02	19.420	6.550
131	0.00	19.580	6.601
132	0.02	19.760	6.651
133	0.00	19.900	6.700
134	0.02	20.080	6.751
135	0.00	20.260	6.801
136	0.00	20.420	6.850
137	0.02	20.580	6.900
138	0.02	20.760	6.951
139	0.02	20.920	7.001
140	0.02	21.100	7.050
