11/3/2022  10:19 PM
Units: N
Readings: Continuous
X-Axis: Travel
Travel Unit: mm
Reading	Load	Travel	Time
1	-0.82	-0.220	0.000
2	-0.84	-0.220	0.049
3	0.12	-0.220	0.211
4	0.12	-0.220	0.249
5	0.12	-0.220	0.299
6	-0.74	-0.120	0.349
7	-0.52	0.020	0.399
8	-0.34	0.160	0.449
9	-0.06	0.340	0.499
10	0.06	0.520	0.549
11	0.22	0.680	0.599
12	0.32	0.860	0.649
13	0.50	1.000	0.699
14	0.60	1.180	0.749
15	0.70	1.340	0.799
16	0.80	1.520	0.849
17	0.96	1.660	0.899
18	1.06	1.840	0.949
19	1.16	2.020	1.000
20	1.34	2.200	1.049
21	1.42	2.360	1.099
22	1.50	2.520	1.149
23	1.58	2.680	1.199
24	1.78	2.840	1.249
25	1.86	3.020	1.299
26	1.96	3.160	1.349
27	2.18	3.340	1.399
28	2.28	3.520	1.449
29	2.40	3.680	1.500
30	2.50	3.860	1.549
31	2.66	4.020	1.599
32	2.70	4.180	1.649
33	2.72	4.360	1.699
34	2.76	4.520	1.750
35	2.38	4.680	1.799
36	2.42	4.860	1.849
37	2.48	5.020	1.899
38	2.66	5.200	1.949
39	2.74	5.340	1.999
40	2.82	5.520	2.049
41	2.92	5.680	2.099
42	3.08	5.860	2.149
43	3.14	6.040	2.200
44	3.22	6.180	2.249
45	3.22	6.360	2.299
46	3.34	6.520	2.349
47	3.44	6.700	2.399
48	3.50	6.840	2.449
49	3.66	7.020	2.499
50	3.74	7.180	2.549
51	3.84	7.360	2.599
52	3.92	7.540	2.649
53	4.06	7.680	2.699
54	4.14	7.860	2.749
55	4.22	8.020	2.799
56	4.36	8.200	2.849
57	4.46	8.380	2.899
58	4.56	8.520	2.949
59	4.66	8.700	3.000
60	4.84	8.880	3.049
61	4.90	9.040	3.099
62	5.02	9.180	3.149
63	5.12	9.360	3.199
64	5.34	9.520	3.250
65	5.44	9.700	3.299
66	5.54	9.880	3.349
67	5.74	10.040	3.399
68	5.84	10.200	3.449
69	5.92	10.380	3.499
70	5.98	10.540	3.550
71	6.22	10.700	3.599
72	6.34	10.860	3.649
73	6.44	11.040	3.699
74	6.68	11.200	3.749
75	6.80	11.360	3.800
76	6.90	11.540	3.849
77	7.02	11.700	3.899
78	7.20	11.880	3.949
79	7.30	12.020	4.000
80	7.42	12.200	4.049
81	7.56	12.360	4.100
82	7.80	12.540	4.149
83	7.92	12.720	4.199
84	8.04	12.860	4.249
85	8.26	13.040	4.299
86	8.38	13.200	4.350
87	8.52	13.380	4.399
88	8.60	13.520	4.449
89	8.86	13.700	4.500
90	8.98	13.880	4.549
91	9.12	14.040	4.599
92	9.26	14.220	4.649
93	9.52	14.360	4.699
94	9.66	14.540	4.750
95	9.80	14.700	4.799
96	10.02	14.880	4.849
97	10.18	15.020	4.900
98	10.32	15.200	4.950
99	10.46	15.360	4.999
100	10.68	15.540	5.050
101	10.82	15.720	5.099
102	10.96	15.860	5.149
103	11.26	16.040	5.200
104	11.40	16.200	5.249
105	11.52	16.380	5.299
106	11.82	16.620	5.349
107	11.96	16.700	5.399
108	12.10	16.880	5.450
109	12.24	17.060	5.500
110	12.40	17.220	5.549
111	12.66	17.380	5.599
112	12.78	17.540	5.650
113	12.88	17.720	5.699
114	12.46	17.880	5.750
115	12.48	18.040	5.799
116	12.60	18.220	5.850
117	12.72	18.380	5.899
118	11.36	18.560	5.949
119	7.54	18.700	5.999
120	-0.02	18.880	6.049
121	0.02	19.040	6.100
122	0.00	19.060	6.149
123	0.00	19.060	6.199
124	0.00	19.060	6.249
125	0.00	19.060	6.299
126	0.00	19.060	6.349
127	0.00	19.060	6.399
128	0.00	19.060	6.449
129	0.00	19.060	6.499
130	0.00	19.060	6.550
131	0.00	19.060	6.599
132	0.00	19.060	6.649
133	0.00	19.060	6.699
134	0.00	19.060	6.750
135	0.00	19.060	6.799
136	0.00	19.060	6.849
137	0.00	19.060	6.899
138	0.00	19.060	6.949
139	0.00	19.060	7.000
140	0.00	19.060	7.049
141	0.00	19.060	7.099
142	0.00	19.060	7.150
143	0.00	19.060	7.200
144	0.00	19.060	7.250
145	0.00	19.060	7.300
146	0.00	19.060	7.350
147	0.00	19.060	7.399
148	0.00	19.060	7.449
149	0.00	19.060	7.499
150	0.00	19.060	7.549
151	0.00	19.060	7.599
152	0.00	19.060	7.649
153	0.00	19.060	7.699
154	0.00	19.060	7.750
155	0.00	19.060	7.799
156	0.00	19.060	7.850
157	0.00	19.060	7.899
158	0.00	19.060	7.949
159	0.00	19.060	8.000
160	0.00	19.060	8.050
161	0.00	19.060	8.100
162	0.00	19.060	8.149
163	0.00	19.060	8.200
164	0.00	19.060	8.250
165	0.00	19.060	8.299
166	0.00	19.060	8.349
167	0.00	19.060	8.399
168	0.00	19.060	8.449
169	0.00	19.060	8.499
170	0.00	19.060	8.550
171	0.00	19.060	8.600
172	0.00	19.060	8.649
173	0.00	19.060	8.699
174	0.00	19.060	8.750
175	0.00	19.060	8.799
176	0.00	19.060	8.849
177	0.00	19.060	8.899
178	0.00	19.060	8.950
179	0.00	19.060	9.000
180	0.00	19.060	9.049
181	0.00	19.060	9.099
182	0.00	19.060	9.149
183	0.00	19.060	9.199
184	0.00	19.060	9.250
185	0.00	19.060	9.299
186	0.00	19.060	9.349
187	0.00	19.060	9.400
188	0.00	19.060	9.449
189	0.00	19.060	9.499
190	0.00	19.060	9.549
191	0.00	19.060	9.599
192	0.00	19.060	9.649
193	0.00	19.060	9.699
194	0.00	19.060	9.750
195	0.00	19.060	9.800
196	0.00	19.060	9.850
197	0.00	19.060	9.899
198	0.00	19.060	9.950
199	0.00	19.060	10.000
200	0.00	19.060	10.050
201	0.00	19.060	10.099
202	0.00	19.060	10.149
203	0.00	19.060	10.200
204	0.00	19.060	10.249
205	0.00	19.060	10.300
206	0.00	19.060	10.349
207	0.00	19.060	10.399
208	0.00	19.060	10.450
209	0.00	19.060	10.499
210	0.00	19.060	10.550
211	0.00	19.060	10.601
