11/3/2022  10:41 PM
Units: N
Readings: Continuous
X-Axis: Travel
Travel Unit: mm
Reading	Load	Travel	Time
1	-0.92	-0.440	0.000
2	-0.92	-0.440	0.050
3	0.42	-0.440	0.218
4	0.42	-0.440	0.250
5	0.42	-0.440	0.299
6	-0.90	-0.380	0.350
7	-0.66	-0.220	0.399
8	-0.46	-0.040	0.450
9	-0.34	0.100	0.499
10	-0.12	0.240	0.550
11	0.04	0.420	0.599
12	0.20	0.600	0.649
13	0.34	0.760	0.700
14	0.52	0.920	0.749
15	0.56	1.080	0.799
16	0.50	1.260	0.849
17	0.62	1.420	0.899
18	0.66	1.600	0.950
19	0.72	1.760	0.999
20	0.72	1.920	1.050
21	0.78	2.100	1.099
22	0.84	2.260	1.149
23	0.90	2.420	1.199
24	0.96	2.580	1.249
25	1.10	2.760	1.299
26	1.18	2.940	1.350
27	1.24	3.080	1.399
28	1.36	3.260	1.449
29	1.42	3.420	1.499
30	1.48	3.600	1.550
31	1.54	3.740	1.599
32	1.64	3.920	1.649
33	1.72	4.080	1.699
34	1.80	4.260	1.750
35	1.52	4.540	1.799
36	1.62	4.580	1.849
37	1.72	4.760	1.899
38	1.76	4.920	1.949
39	1.96	5.100	1.999
40	2.04	5.280	2.049
41	2.14	5.420	2.099
42	2.18	5.600	2.149
43	2.38	5.760	2.199
44	2.46	5.940	2.249
45	2.56	6.080	2.299
46	2.70	6.260	2.349
47	2.78	6.440	2.399
48	2.88	6.600	2.450
49	2.96	6.780	2.499
50	3.14	6.920	2.549
51	3.24	7.100	2.599
52	3.32	7.280	2.650
53	3.40	7.440	2.699
54	3.62	7.600	2.749
55	3.72	7.760	2.799
56	3.78	7.920	2.849
57	4.04	8.100	2.899
58	4.10	8.280	2.949
59	4.22	8.440	2.999
60	4.34	8.600	3.049
61	4.62	8.780	3.099
62	4.72	8.940	3.149
63	4.82	9.100	3.199
64	5.04	9.260	3.249
65	5.18	9.440	3.299
66	5.32	9.600	3.349
67	5.44	9.760	3.399
68	5.72	9.940	3.449
69	5.80	10.100	3.499
70	5.94	10.280	3.549
71	6.08	10.420	3.599
72	6.30	10.600	3.649
73	6.44	10.780	3.699
74	6.58	10.940	3.749
75	6.82	11.120	3.799
76	6.96	11.260	3.849
77	7.10	11.440	3.899
78	7.24	11.600	3.949
79	7.48	11.780	3.999
80	7.58	11.920	4.049
81	7.68	12.100	4.099
82	7.82	12.280	4.149
83	8.12	12.440	4.199
84	8.24	12.620	4.249
85	8.36	12.760	4.300
86	8.60	12.940	4.349
87	8.74	13.100	4.399
88	8.84	13.280	4.449
89	8.96	13.460	4.499
90	9.20	13.600	4.549
91	9.34	13.780	4.599
92	9.46	13.960	4.649
93	9.72	14.120	4.699
94	9.82	14.260	4.749
95	9.92	14.440	4.799
96	10.06	14.600	4.849
97	10.28	14.780	4.899
98	10.40	14.960	4.949
99	10.52	15.100	4.999
100	10.64	15.280	5.049
101	10.86	15.460	5.099
102	10.96	15.620	5.149
103	11.06	15.780	5.199
104	11.28	15.940	5.249
105	11.40	16.120	5.299
106	11.50	16.300	5.349
107	11.58	16.440	5.399
108	11.78	16.620	5.449
109	11.86	16.780	5.499
110	11.94	16.960	5.549
111	12.08	17.100	5.599
112	12.14	17.280	5.649
113	12.20	17.440	5.700
114	12.28	17.620	5.749
115	12.30	17.800	5.799
116	12.30	17.940	5.849
117	12.34	18.120	5.899
118	12.12	18.280	5.949
119	10.28	18.460	5.999
120	-0.16	18.560	6.049
121	0.62	18.560	6.099
122	0.02	18.560	6.149
123	0.00	18.560	6.199
124	0.00	18.560	6.249
125	0.00	18.560	6.299
126	0.00	18.560	6.349
127	0.00	18.560	6.399
128	0.00	18.560	6.449
129	0.00	18.560	6.499
130	0.00	18.560	6.549
131	0.00	18.560	6.599
132	0.00	18.560	6.649
133	0.00	18.560	6.699
134	0.00	18.560	6.749
135	0.00	18.560	6.799
136	0.00	18.560	6.849
137	0.00	18.560	6.899
138	0.00	18.560	6.949
139	0.00	18.560	6.999
140	0.00	18.560	7.049
141	0.00	18.560	7.100
142	0.00	18.560	7.150
143	0.00	18.560	7.200
144	0.00	18.560	7.249
145	0.00	18.560	7.299
146	0.00	18.560	7.349
147	0.00	18.560	7.400
148	0.00	18.560	7.449
149	0.00	18.560	7.500
150	0.00	18.560	7.550
