11/10/2022  10:24 PM
Units: N
Readings: Continuous
X-Axis: Travel
Travel Unit: mm
Reading	Load	Travel	Time
1	0.56	1.360	0.000
2	2.52	4.000	1.099
3	2.58	4.160	1.150
4	2.58	4.300	1.199
5	2.70	4.480	1.249
6	2.82	4.660	1.300
7	2.92	4.820	1.349
8	3.20	5.000	1.400
9	3.36	5.140	1.449
10	3.46	5.320	1.500
11	3.76	5.480	1.550
12	3.90	5.660	1.600
13	4.18	5.900	1.649
14	4.18	5.980	1.699
15	4.52	6.140	1.750
16	4.64	6.320	1.799
17	4.78	6.500	1.849
18	5.08	6.640	1.899
19	5.26	6.820	1.950
20	5.44	7.000	2.000
21	5.58	7.160	2.049
22	5.90	7.340	2.100
23	6.08	7.480	2.150
24	6.26	7.660	2.200
25	6.42	7.840	2.249
26	6.76	8.000	2.299
27	6.92	8.140	2.350
28	7.10	8.320	2.400
29	7.42	8.500	2.449
30	7.60	8.660	2.499
31	7.78	8.820	2.549
32	7.94	9.000	2.600
33	8.28	9.160	2.649
34	8.42	9.340	2.700
35	8.60	9.480	2.749
36	8.84	9.660	2.799
37	8.92	9.820	2.850
38	8.92	10.000	2.900
39	8.64	10.180	2.950
40	8.18	10.320	3.000
41	8.22	10.500	3.049
42	8.20	10.660	3.100
43	7.76	10.840	3.149
44	7.48	10.980	3.199
45	7.42	11.160	3.250
46	7.24	11.340	3.300
47	1.24	11.500	3.349
48	0.30	11.680	3.399
49	0.04	11.820	3.450
50	0.02	12.000	3.499
51	0.02	12.160	3.550
52	0.02	12.340	3.599
53	0.02	12.520	3.649
54	0.02	12.660	3.700
55	0.00	12.840	3.750
56	0.02	13.000	3.800
57	0.02	13.180	3.850
58	0.02	13.320	3.899
59	0.02	13.500	3.949
60	0.02	13.660	4.000
61	0.02	13.840	4.049
62	0.00	14.020	4.099
63	0.02	14.180	4.150
64	0.02	14.340	4.200
65	0.00	14.500	4.250
66	0.02	14.680	4.299
67	0.02	14.840	4.350
68	0.02	15.000	4.399
69	0.02	15.180	4.449
70	0.02	15.340	4.499
71	0.02	15.500	4.549
72	0.00	15.680	4.599
73	0.00	15.840	4.650
74	0.02	16.020	4.700
75	0.02	16.160	4.749
76	0.02	16.340	4.799
77	0.02	16.520	4.850
78	0.02	16.680	4.900
79	0.02	16.860	4.949
80	0.02	17.000	4.999
81	0.02	17.180	5.050
82	0.02	17.340	5.100
83	0.02	17.520	5.149
84	0.02	17.660	5.199
85	0.02	17.840	5.250
86	0.02	18.020	5.300
87	0.02	18.180	5.349
88	0.00	18.360	5.399
89	0.00	18.500	5.450
90	0.02	18.680	5.500
91	0.02	18.840	5.549
92	0.02	19.020	5.599
93	0.02	19.200	5.649
94	0.02	19.340	5.700
95	0.02	19.520	5.749
96	0.02	19.680	5.799
97	0.02	19.860	5.850
98	0.02	20.000	5.899
99	0.02	20.180	5.949
100	0.02	20.360	6.000
101	0.02	20.540	6.049
102	0.02	20.700	6.100
103	0.02	20.840	6.149
104	0.02	21.020	6.200
105	0.02	21.180	6.249
106	0.02	21.360	6.299
107	0.02	21.520	6.350
108	0.02	21.680	6.399
109	0.02	21.860	6.450
110	0.02	22.040	6.499
111	0.02	22.180	6.549
112	0.02	22.360	6.599
113	0.02	22.520	6.649
114	0.02	22.700	6.699
115	0.02	22.840	6.749
116	0.02	23.020	6.800
117	0.02	23.200	6.849
118	0.02	23.360	6.899
119	0.02	23.540	6.950
120	0.00	23.680	6.999
121	0.00	23.860	7.050
122	0.02	24.020	7.099
123	0.02	24.200	7.150
124	0.02	24.380	7.199
125	0.02	24.520	7.250
126	0.02	24.680	7.300
127	0.02	24.840	7.349
128	0.02	25.000	7.399
129	0.02	25.160	7.450
130	0.02	25.340	7.499
131	0.00	25.520	7.549
132	0.02	25.660	7.599
133	0.02	25.840	7.650
134	0.02	26.000	7.699
135	0.02	26.180	7.749
136	0.02	26.320	7.800
137	0.02	26.500	7.849
138	0.00	26.680	7.899
139	0.02	26.840	7.950
140	0.02	27.020	7.999
141	0.02	27.160	8.050
142	0.02	27.340	8.099
143	0.02	27.500	8.150
144	0.02	27.680	8.199
145	0.02	27.860	8.249
146	0.02	28.000	8.299
147	0.02	28.180	8.350
