11/10/2022  10:26 PM
Units: N
Readings: Continuous
X-Axis: Travel
Travel Unit: mm
Reading	Load	Travel	Time
1	-4.72	-3.680	0.000
2	-2.78	-3.640	0.210
3	-2.78	-3.640	0.250
4	-2.78	-3.640	0.300
5	-4.58	-3.540	0.350
6	-4.28	-3.400	0.401
7	-3.92	-3.220	0.450
8	-3.34	-3.060	0.500
9	-3.10	-2.880	0.551
10	-2.86	-2.740	0.600
11	-2.62	-2.560	0.650
12	-2.18	-2.400	0.700
13	-1.98	-2.220	0.750
14	-1.78	-2.080	0.801
15	-1.40	-1.900	0.851
16	-1.22	-1.720	0.900
17	-1.04	-1.560	0.950
18	-0.86	-1.380	1.001
19	-0.56	-1.240	1.050
20	-0.38	-1.060	1.101
21	-0.32	-0.880	1.150
22	-0.26	-0.720	1.200
23	-0.08	-0.540	1.251
24	0.10	-0.400	1.301
25	0.26	-0.220	1.350
26	0.50	-0.060	1.400
27	0.58	0.100	1.451
28	0.62	0.260	1.501
29	0.66	0.420	1.551
30	0.76	0.600	1.601
31	0.82	0.780	1.650
32	0.88	0.920	1.700
33	0.96	1.100	1.750
34	1.00	1.260	1.801
35	1.02	1.440	1.850
36	1.08	1.600	1.900
37	1.20	1.760	1.950
38	1.24	1.920	2.001
39	1.30	2.100	2.050
40	1.38	2.280	2.100
41	1.42	2.420	2.151
42	1.48	2.600	2.200
43	1.54	2.760	2.250
44	1.68	2.940	2.300
45	1.74	3.080	2.350
46	1.80	3.260	2.400
47	1.88	3.420	2.451
48	2.02	3.600	2.500
49	2.10	3.780	2.551
50	2.18	3.920	2.600
51	2.32	4.100	2.650
52	2.40	4.260	2.701
53	2.46	4.440	2.750
54	2.56	4.620	2.800
55	2.70	4.760	2.851
56	2.78	4.940	2.900
57	2.84	5.100	2.951
58	2.96	5.280	3.000
59	3.02	5.420	3.050
60	3.06	5.600	3.101
61	3.14	5.760	3.150
62	3.26	5.940	3.201
63	3.32	6.120	3.250
64	3.38	6.260	3.300
65	3.52	6.440	3.351
66	3.60	6.600	3.400
67	3.70	6.780	3.451
68	3.78	6.920	3.500
69	3.96	7.100	3.550
70	4.04	7.260	3.601
71	4.14	7.460	3.650
72	4.22	7.600	3.701
73	4.34	7.780	3.751
74	4.38	7.940	3.800
75	4.40	8.120	3.850
76	4.52	8.280	3.901
77	4.62	8.440	3.951
78	4.72	8.620	4.000
79	4.80	8.780	4.050
80	5.00	8.960	4.101
81	5.10	9.100	4.151
82	5.20	9.280	4.200
83	5.40	9.440	4.251
84	5.50	9.620	4.301
85	5.60	9.760	4.350
86	5.68	9.940	4.400
87	5.86	10.120	4.451
88	5.96	10.280	4.500
89	6.06	10.460	4.550
90	6.26	10.600	4.600
91	6.36	10.780	4.651
92	6.48	10.940	4.701
93	6.56	11.120	4.751
94	6.78	11.300	4.800
95	6.88	11.440	4.850
96	6.98	11.600	4.901
97	7.18	11.780	4.950
98	7.30	11.960	5.001
99	7.40	12.100	5.050
100	7.50	12.280	5.100
101	7.72	12.460	5.151
102	7.82	12.620	5.201
103	7.92	12.800	5.251
104	8.02	12.940	5.300
105	8.24	13.120	5.350
106	8.34	13.280	5.400
107	8.44	13.460	5.451
108	8.66	13.600	5.501
109	8.78	13.780	5.550
110	8.88	13.960	5.600
111	8.94	14.120	5.651
112	7.18	14.300	5.700
113	7.36	14.460	5.750
114	7.54	14.620	5.800
115	7.72	14.800	5.851
116	8.10	14.960	5.900
117	8.28	15.120	5.951
118	8.44	15.280	6.001
119	8.78	15.460	6.050
120	8.92	15.620	6.100
121	9.06	15.780	6.151
122	9.18	15.960	6.201
123	9.42	16.120	6.250
124	9.54	16.300	6.300
125	9.66	16.440	6.351
126	9.90	16.620	6.400
127	10.00	16.800	6.450
128	10.12	16.960	6.500
129	10.22	17.140	6.551
130	10.44	17.280	6.600
131	10.54	17.460	6.650
132	10.64	17.620	6.701
133	10.86	17.800	6.751
134	10.96	17.980	6.800
135	11.08	18.120	6.850
136	11.16	18.300	6.900
137	11.36	18.460	6.950
138	11.46	18.640	7.000
139	11.54	18.780	7.051
140	11.62	18.960	7.100
141	11.76	19.120	7.150
142	-0.18	19.300	7.201
143	0.26	19.480	7.250
144	0.02	19.620	7.300
145	0.02	19.800	7.351
146	0.02	19.900	7.401
147	0.02	19.900	7.450
148	0.02	19.900	7.500
149	0.02	19.900	7.551
150	0.02	19.900	7.601
151	0.02	19.900	7.650
152	0.02	19.900	7.701
153	0.02	19.880	7.751
154	0.02	19.880	7.801
155	0.02	19.880	7.850
156	0.02	19.880	7.901
157	0.02	19.880	7.950
158	0.02	19.880	8.000
159	0.02	19.880	8.050
160	0.02	19.880	8.100
161	0.02	19.880	8.150
162	0.02	19.880	8.201
163	0.02	19.880	8.251
164	0.02	19.880	8.300
165	0.02	19.880	8.351
166	0.02	19.880	8.400
167	0.02	19.880	8.450
168	0.02	19.880	8.500
169	0.02	19.880	8.550
170	0.02	19.880	8.601
171	0.02	19.880	8.650
172	0.02	19.880	8.700
173	0.02	19.880	8.751
174	0.02	19.880	8.800
175	0.02	19.880	8.850
176	0.02	19.880	8.901
177	0.02	19.880	8.950
178	0.02	19.880	9.000
179	0.02	19.880	9.050
180	0.02	19.880	9.100
181	0.02	19.880	9.150
182	0.02	19.880	9.200
183	0.00	19.880	9.250
184	0.02	19.880	9.300
185	0.02	19.880	9.350
186	0.02	19.880	9.400
187	0.02	19.880	9.450
188	0.02	19.880	9.500
189	0.02	19.880	9.551
190	0.02	19.880	9.601
191	0.02	19.880	9.650
192	0.02	19.880	9.700
193	0.00	19.880	9.750
194	0.02	19.880	9.801
195	0.02	19.880	9.850
196	0.02	19.880	9.900
197	0.02	19.880	9.950
198	0.02	19.880	10.000
199	0.02	19.880	10.050
200	0.02	19.880	10.100
201	0.02	19.880	10.151
202	0.00	19.880	10.200
203	0.02	19.880	10.251
204	0.02	19.880	10.301
205	0.02	19.880	10.351
206	0.02	19.880	10.400
207	0.02	19.880	10.451
208	0.02	19.880	10.501
209	0.00	19.880	10.550
210	0.00	19.880	10.600
211	0.02	19.880	10.651
212	0.02	19.880	10.700
213	0.02	19.880	10.751
214	0.02	19.880	10.800
215	0.02	19.880	10.850
216	0.02	19.880	10.900
217	0.00	19.880	10.950
218	0.02	19.880	11.000
219	0.02	19.880	11.050
220	0.02	19.880	11.100
221	0.02	19.880	11.150
222	-0.04	19.880	11.200
223	0.02	19.880	11.250
224	0.00	19.880	11.300
225	0.00	19.880	11.351
226	0.02	19.880	11.401
227	0.02	19.880	11.451
228	0.02	19.880	11.500
229	0.02	19.880	11.551
230	0.02	19.880	11.601
231	0.02	19.880	11.650
232	0.02	19.880	11.700
233	0.02	19.880	11.750
234	0.02	19.880	11.800
235	0.02	19.880	11.850
236	0.02	19.880	11.900
237	0.02	19.880	11.950
238	0.02	19.880	12.000
239	0.02	19.880	12.050
240	0.02	19.880	12.100
241	0.02	19.880	12.150
242	0.02	19.880	12.200
243	0.02	19.880	12.250
244	0.02	19.880	12.301
245	0.02	19.880	12.350
246	0.02	19.880	12.401
247	0.02	19.880	12.450
248	0.02	19.880	12.501
249	0.02	19.880	12.550
250	0.02	19.880	12.600
251	0.02	19.880	12.651
252	0.02	19.880	12.700
253	0.00	19.880	12.750
254	0.02	19.880	12.800
255	0.02	19.880	12.850
256	0.02	19.880	12.901
257	0.02	19.880	12.950
258	0.02	19.880	13.001
259	0.02	19.880	13.050
260	0.02	19.880	13.101
261	0.02	19.880	13.151
262	0.00	19.880	13.201
263	0.02	19.880	13.250
264	0.02	19.880	13.301
265	0.02	19.880	13.350
