11/10/2022  10:28 PM
Units: N
Readings: Continuous
X-Axis: Travel
Travel Unit: mm
Reading	Load	Travel	Time
1	-1.78	-1.620	0.000
2	-0.30	-1.620	0.172
3	-0.30	-1.620	0.199
4	-0.30	-1.620	0.249
5	-1.76	-1.540	0.299
6	-1.52	-1.380	0.349
7	-1.34	-1.240	0.399
8	-1.16	-1.040	0.449
9	-0.84	-0.880	0.499
10	-0.70	-0.720	0.550
11	-0.54	-0.540	0.599
12	-0.42	-0.400	0.649
13	-0.30	-0.220	0.699
14	-0.30	-0.040	0.749
15	-0.26	0.100	0.799
16	0.00	0.260	0.850
17	0.14	0.440	0.899
18	0.28	0.600	0.949
19	0.46	0.860	0.999
20	0.52	0.960	1.049
21	0.56	1.100	1.100
22	0.62	1.280	1.149
23	0.68	1.440	1.199
24	0.80	1.600	1.249
25	0.86	1.760	1.300
26	0.90	1.940	1.349
27	0.98	2.100	1.399
28	1.04	2.280	1.449
29	1.10	2.460	1.499
30	1.16	2.600	1.550
31	1.24	2.780	1.599
32	1.30	2.940	1.649
33	1.36	3.120	1.700
34	1.48	3.260	1.749
35	1.54	3.440	1.799
36	1.62	3.600	1.849
37	1.68	3.780	1.899
38	1.80	3.960	1.949
39	1.86	4.100	1.999
40	1.92	4.280	2.049
41	2.04	4.440	2.099
42	2.10	4.620	2.149
43	2.16	4.760	2.199
44	2.20	4.940	2.250
45	2.34	5.120	2.299
46	2.42	5.280	2.349
47	2.50	5.460	2.399
48	2.56	5.600	2.449
49	2.70	5.780	2.500
50	2.74	5.940	2.549
51	2.80	6.120	2.600
52	2.92	6.280	2.650
53	2.98	6.440	2.700
54	3.06	6.620	2.749
55	3.14	6.800	2.799
56	3.34	6.940	2.849
57	3.42	7.120	2.899
58	3.52	7.280	2.949
59	3.70	7.460	3.000
60	3.78	7.600	3.049
61	3.88	7.780	3.100
62	3.98	7.960	3.150
63	4.16	8.120	3.199
64	4.26	8.300	3.249
65	4.36	8.440	3.299
66	4.56	8.620	3.350
67	4.66	8.800	3.399
68	4.76	8.960	3.449
69	4.84	9.100	3.500
70	5.06	9.280	3.549
71	5.16	9.460	3.599
72	5.26	9.620	3.650
73	5.48	9.800	3.699
74	5.60	9.940	3.749
75	5.70	10.120	3.799
76	5.78	10.280	3.849
77	6.02	10.460	3.899
78	6.14	10.600	3.949
79	6.24	10.780	3.999
80	6.36	10.960	4.049
81	6.60	11.120	4.099
82	6.70	11.300	4.149
83	6.82	11.440	4.199
84	7.04	11.620	4.249
85	7.16	11.780	4.299
86	7.30	11.960	4.349
87	7.40	12.140	4.400
88	7.64	12.280	4.450
89	7.76	12.460	4.499
90	7.88	12.620	4.550
91	8.14	12.800	4.599
92	8.28	12.960	4.649
93	8.40	13.120	4.700
94	8.52	13.300	4.750
95	8.78	13.480	4.799
96	8.90	13.620	4.850
97	9.04	13.800	4.900
98	9.16	13.960	4.950
99	9.44	14.140	4.999
100	9.56	14.300	5.049
101	9.70	14.460	5.100
102	10.00	14.620	5.150
103	10.14	14.800	5.199
104	10.28	14.980	5.249
105	10.40	15.120	5.299
106	10.66	15.300	5.349
107	10.80	15.460	5.399
108	10.94	15.640	5.449
109	11.22	15.780	5.499
110	11.38	15.960	5.549
111	11.52	16.120	5.599
112	11.66	16.300	5.649
113	11.94	16.480	5.699
114	12.08	16.620	5.750
115	12.20	16.800	5.800
116	12.28	16.980	5.850
117	12.18	17.140	5.899
118	10.32	17.320	5.950
119	6.52	17.460	6.000
120	1.46	17.640	6.049
121	0.48	17.800	6.099
122	0.08	17.980	6.149
123	0.04	18.120	6.199
124	0.02	18.180	6.249
125	0.02	18.180	6.300
126	0.02	18.180	6.350
127	0.02	18.180	6.400
128	0.02	18.180	6.450
129	0.02	18.180	6.499
130	0.02	18.180	6.550
131	0.02	18.180	6.600
132	0.02	18.180	6.649
133	0.02	18.180	6.700
134	0.02	18.180	6.749
135	0.02	18.180	6.799
136	0.02	18.180	6.850
137	0.02	18.180	6.900
138	0.02	18.180	6.949
139	0.02	18.180	6.999
140	0.02	18.180	7.049
141	0.02	18.180	7.100
142	0.02	18.180	7.149
143	0.00	18.180	7.199
144	0.02	18.180	7.249
145	0.02	18.180	7.300
146	0.02	18.180	7.349
147	0.02	18.180	7.399
148	0.02	18.180	7.449
149	0.02	18.180	7.499
150	0.02	18.180	7.549
151	0.02	18.180	7.599
152	0.02	18.180	7.649
153	0.02	18.180	7.699
154	0.02	18.180	7.749
155	0.02	18.180	7.799
156	0.02	18.180	7.849
157	0.02	18.180	7.899
