11/3/2022  10:35 PM
Units: N
Readings: Continuous
X-Axis: Travel
Travel Unit: mm
Reading	Load	Travel	Time
1	-2.10	-0.780	0.000
2	-0.34	-0.780	0.198
3	-0.34	-0.780	0.250
4	-2.08	-0.760	0.299
5	-2.00	-0.620	0.349
6	-1.78	-0.480	0.400
7	-1.30	-0.300	0.449
8	-1.08	-0.140	0.500
9	-0.86	0.000	0.549
10	-0.68	0.140	0.599
11	-0.36	0.320	0.649
12	-0.32	0.500	0.700
13	-0.32	0.660	0.749
14	-0.12	0.820	0.799
15	0.00	0.980	0.849
16	0.12	1.160	0.900
17	0.20	1.320	0.949
18	0.44	1.480	0.999
19	0.52	1.640	1.049
20	0.56	1.820	1.100
21	0.66	2.000	1.149
22	0.82	2.140	1.199
23	0.86	2.320	1.249
24	0.92	2.480	1.300
25	1.08	2.660	1.349
26	1.14	2.840	1.399
27	1.22	2.980	1.449
28	1.28	3.160	1.500
29	1.40	3.320	1.550
30	1.48	3.500	1.599
31	1.54	3.640	1.650
32	1.62	3.820	1.699
33	1.74	3.980	1.749
34	1.80	4.160	1.799
35	1.88	4.340	1.850
36	2.02	4.480	1.899
37	2.10	4.660	1.949
38	2.16	4.820	1.999
39	2.24	5.000	2.049
40	2.40	5.140	2.100
41	2.46	5.320	2.149
42	2.54	5.500	2.199
43	2.66	5.660	2.249
44	2.72	5.840	2.299
45	2.80	6.000	2.349
46	2.88	6.160	2.400
47	3.06	6.340	2.449
48	3.16	6.500	2.499
49	3.24	6.680	2.549
50	3.24	6.820	2.599
51	3.42	7.000	2.650
52	3.52	7.180	2.700
53	3.60	7.340	2.750
54	3.80	7.500	2.799
55	3.88	7.660	2.849
56	3.98	7.840	2.900
57	4.04	8.000	2.949
58	4.22	8.160	3.000
59	4.30	8.340	3.049
60	4.40	8.500	3.100
61	4.52	8.680	3.149
62	4.62	8.820	3.199
63	4.74	9.000	3.250
64	4.84	9.160	3.299
65	5.02	9.340	3.350
66	5.10	9.520	3.399
67	5.20	9.660	3.450
68	5.30	9.840	3.499
69	5.50	10.000	3.550
70	5.62	10.180	3.599
71	5.72	10.320	3.650
72	5.88	10.500	3.699
73	5.98	10.660	3.749
74	6.08	10.840	3.800
75	6.18	11.020	3.849
76	6.38	11.160	3.899
77	6.42	11.340	3.949
78	6.50	11.500	3.999
79	6.70	11.680	4.050
80	6.80	11.820	4.099
81	6.88	12.000	4.149
82	6.94	12.180	4.200
83	7.12	12.360	4.249
84	7.20	12.520	4.300
85	7.22	12.680	4.349
86	7.16	12.840	4.400
87	7.30	13.020	4.449
88	7.40	13.180	4.499
89	7.48	13.360	4.550
90	7.72	13.500	4.599
91	7.80	13.680	4.650
92	7.86	13.860	4.699
93	7.98	14.020	4.750
94	8.22	14.180	4.799
95	8.32	14.340	4.850
96	8.44	14.520	4.899
97	8.56	14.680	4.950
98	8.80	14.840	4.999
99	8.90	15.020	5.050
100	9.02	15.180	5.099
101	9.18	15.360	5.150
102	9.30	15.500	5.199
103	9.42	15.680	5.250
104	9.54	15.840	5.299
105	9.78	16.020	5.350
106	9.88	16.200	5.399
107	10.00	16.340	5.449
108	10.26	16.520	5.500
109	10.36	16.680	5.549
110	10.48	16.860	5.599
111	10.58	17.000	5.649
112	10.76	17.180	5.699
113	10.88	17.360	5.750
114	11.00	17.520	5.799
115	11.12	17.700	5.849
116	11.36	17.840	5.899
117	11.48	18.020	5.950
118	11.60	18.180	5.999
119	11.84	18.360	6.050
120	11.96	18.500	6.099
121	12.06	18.680	6.149
122	12.16	18.860	6.199
123	12.42	19.020	6.249
124	12.54	19.200	6.300
125	12.66	19.340	6.349
126	12.78	19.520	6.399
127	13.02	19.680	6.449
128	13.12	19.860	6.499
129	13.16	20.000	6.549
130	13.30	20.180	6.599
131	13.40	20.360	6.650
132	13.52	20.540	6.699
133	13.62	20.700	6.749
134	13.80	20.860	6.799
135	13.84	21.020	6.850
136	13.80	21.200	6.899
137	13.42	21.360	6.950
138	13.40	21.520	6.999
139	13.42	21.680	7.049
140	13.52	21.860	7.099
141	13.74	22.040	7.150
142	13.76	22.180	7.199
143	13.60	22.360	7.250
144	11.28	22.540	7.299
145	7.72	22.700	7.349
146	6.76	22.880	7.399
147	6.50	23.020	7.450
148	0.58	23.200	7.499
149	0.08	23.360	7.550
150	0.00	23.540	7.599
151	0.00	23.680	7.649
152	0.00	23.740	7.700
153	0.00	23.740	7.749
154	0.00	23.740	7.799
155	0.00	23.740	7.850
156	0.00	23.740	7.899
157	0.00	23.740	7.949
158	0.00	23.740	7.999
159	0.00	23.740	8.049
160	0.00	23.740	8.099
161	0.00	23.740	8.149
162	0.00	23.740	8.199
163	0.00	23.740	8.249
164	0.00	23.740	8.299
165	0.00	23.740	8.349
166	0.00	23.740	8.399
167	0.00	23.740	8.449
168	0.00	23.740	8.500
169	0.00	23.740	8.549
170	0.00	23.740	8.600
171	0.00	23.740	8.649
172	0.00	23.740	8.700
173	0.00	23.740	8.750
174	0.00	23.740	8.799
175	0.00	23.740	8.849
176	0.00	23.740	8.899
177	0.00	23.740	8.950
178	0.00	23.740	8.999
179	0.00	23.740	9.049
180	0.00	23.740	9.099
181	0.00	23.740	9.149
182	0.00	23.740	9.199
183	0.00	23.740	9.250
184	0.00	23.740	9.299
185	0.00	23.740	9.349
186	0.00	23.740	9.399
187	0.00	23.740	9.449
188	0.00	23.740	9.499
189	0.00	23.740	9.549
190	0.00	23.740	9.600
191	0.00	23.740	9.649
192	0.00	23.740	9.699
193	0.00	23.740	9.749
194	0.00	23.740	9.799
195	0.00	23.740	9.850
196	0.00	23.740	9.899
197	0.00	23.740	9.949
198	0.00	23.740	10.000
199	0.00	23.740	10.049
200	0.00	23.740	10.099
201	0.00	23.740	10.149
202	0.00	23.740	10.199
203	0.00	23.740	10.250
204	0.00	23.740	10.299
205	0.00	23.740	10.350
