11/3/2022  10:51 PM
Units: N
Readings: Continuous
X-Axis: Travel
Travel Unit: mm
Reading	Load	Travel	Time
1	-1.20	-1.360	0.000
2	-0.36	-1.360	0.210
3	-0.36	-1.360	0.248
4	-0.36	-1.360	0.298
5	-1.12	-1.260	0.348
6	-0.90	-1.100	0.398
7	-0.64	-0.920	0.449
8	-0.34	-0.780	0.498
9	-0.26	-0.600	0.548
10	-0.12	-0.420	0.599
11	0.04	-0.260	0.648
12	0.28	-0.100	0.699
13	0.40	0.020	0.748
14	0.50	0.200	0.798
15	0.60	0.340	0.848
16	0.72	0.520	0.898
17	0.80	0.700	0.948
18	0.86	0.880	0.998
19	1.00	1.040	1.048
20	1.04	1.200	1.098
21	1.10	1.360	1.148
22	1.18	1.540	1.198
23	1.32	1.700	1.248
24	1.38	1.860	1.298
25	1.42	2.020	1.348
26	1.46	2.200	1.398
27	1.54	2.380	1.448
28	1.64	2.520	1.499
29	1.80	2.800	1.548
30	1.90	2.860	1.598
31	2.00	3.040	1.648
32	2.08	3.200	1.698
33	2.14	3.360	1.748
34	2.30	3.520	1.798
35	2.40	3.700	1.848
36	2.52	3.880	1.898
37	1.92	4.020	1.949
38	1.94	4.200	1.998
39	2.00	4.360	2.048
40	2.10	4.540	2.098
41	2.24	4.720	2.149
42	2.32	4.860	2.198
43	2.40	5.040	2.248
44	2.56	5.200	2.298
45	2.62	5.380	2.348
46	2.70	5.520	2.398
47	2.76	5.700	2.449
48	2.92	5.880	2.498
49	2.98	6.040	2.548
50	2.96	6.220	2.598
51	3.02	6.360	2.648
52	3.20	6.540	2.699
53	3.26	6.700	2.748
54	3.34	6.880	2.798
55	3.50	7.020	2.848
56	3.52	7.200	2.898
57	3.60	7.380	2.948
58	3.74	7.640	2.999
59	3.74	7.720	3.049
60	3.82	7.880	3.098
61	3.90	8.040	3.148
62	4.00	8.220	3.198
63	4.16	8.380	3.249
64	4.24	8.540	3.298
65	4.34	8.700	3.348
66	4.48	8.880	3.398
67	4.58	9.060	3.448
68	4.64	9.220	3.499
69	4.74	9.380	3.549
70	4.86	9.540	3.598
71	4.88	9.720	3.649
72	4.98	9.900	3.699
73	5.14	10.040	3.749
74	5.24	10.220	3.799
75	5.32	10.380	3.848
76	5.42	10.560	3.899
77	5.58	10.700	3.949
78	5.66	10.880	3.998
79	5.68	11.040	4.048
80	5.76	11.220	4.098
81	5.94	11.400	4.149
82	6.04	11.540	4.199
83	6.14	11.720	4.249
84	6.32	11.880	4.298
85	6.42	12.060	4.348
86	6.44	12.200	4.399
87	6.54	12.380	4.448
88	6.74	12.560	4.499
89	6.82	12.720	4.548
90	6.92	12.900	4.599
91	7.10	13.040	4.649
92	7.20	13.220	4.699
93	7.30	13.380	4.749
94	7.40	13.560	4.798
95	7.48	13.700	4.848
96	7.58	13.880	4.899
97	7.68	14.060	4.948
98	7.80	14.240	4.998
99	8.00	14.400	5.048
100	8.12	14.560	5.099
101	8.22	14.720	5.149
102	8.42	14.900	5.198
103	8.52	15.060	5.249
104	8.62	15.220	5.299
105	8.72	15.380	5.348
106	8.92	15.560	5.399
107	9.02	15.720	5.449
108	9.12	15.900	5.498
109	9.20	16.060	5.548
110	9.42	16.220	5.599
111	9.54	16.400	5.648
112	9.64	16.560	5.698
113	9.86	16.720	5.749
114	9.96	16.900	5.799
115	10.08	17.060	5.848
116	10.18	17.240	5.898
117	10.40	17.380	5.949
118	10.50	17.560	5.998
119	10.60	17.720	6.049
120	10.82	17.900	6.099
121	10.92	18.080	6.148
122	11.04	18.220	6.199
123	11.14	18.400	6.248
124	11.38	18.560	6.298
125	11.50	18.740	6.348
126	11.60	18.880	6.398
127	11.72	19.060	6.448
128	11.94	19.220	6.499
129	12.04	19.400	6.548
130	12.16	19.580	6.598
131	12.38	19.720	6.649
132	12.48	19.900	6.698
133	12.60	20.060	6.749
134	12.72	20.240	6.798
135	12.94	20.420	6.849
136	13.08	20.560	6.899
137	13.18	20.740	6.949
138	13.42	20.920	6.998
139	13.54	21.080	7.048
140	13.66	21.240	7.098
141	13.78	21.400	7.149
142	14.00	21.580	7.198
143	14.12	21.740	7.249
144	14.24	21.920	7.299
145	14.36	22.060	7.348
146	14.58	22.240	7.398
147	14.68	22.420	7.448
148	14.76	22.580	7.499
149	0.84	22.740	7.549
150	0.88	22.900	7.598
151	0.46	23.020	7.649
152	0.30	23.020	7.699
153	0.18	23.020	7.749
154	0.16	23.020	7.798
155	0.16	23.020	7.848
156	0.14	23.020	7.898
157	0.14	23.020	7.948
158	0.14	23.020	7.999
159	0.12	23.020	8.049
160	0.12	23.020	8.098
161	0.12	23.020	8.148
162	0.12	23.020	8.198
163	0.12	23.020	8.248
164	0.12	23.020	8.299
165	0.12	23.020	8.348
166	0.12	23.020	8.399
167	0.12	23.020	8.448
168	0.12	23.020	8.499
169	0.12	23.020	8.549
170	0.12	23.020	8.598
171	0.12	23.020	8.648
172	0.12	23.020	8.699
173	0.10	23.020	8.749
174	0.10	23.020	8.798
175	0.10	23.020	8.849
176	0.10	23.020	8.898
177	0.10	23.020	8.948
178	0.10	23.020	8.998
179	0.10	23.020	9.048
180	0.10	23.020	9.099
181	0.10	23.020	9.148
182	0.10	23.020	9.198
183	0.10	23.020	9.248
184	0.10	23.020	9.299
185	0.10	23.020	9.348
186	0.10	23.020	9.398
187	0.10	23.020	9.448
188	0.08	23.020	9.498
189	0.10	23.020	9.548
190	0.10	23.020	9.599
191	0.10	23.020	9.649
192	0.10	23.020	9.699
193	0.10	23.020	9.749
194	0.10	23.020	9.798
195	0.10	23.020	9.848
196	0.10	23.020	9.898
197	0.08	23.020	9.949
198	0.08	23.020	9.999
199	0.08	23.020	10.048
200	0.08	23.020	10.098
201	0.08	23.020	10.149
202	0.08	23.020	10.199
203	0.10	23.020	10.248
204	0.08	23.020	10.299
205	0.10	23.020	10.348
206	0.08	23.020	10.398
207	0.08	23.020	10.448
