11/3/2022  10:58 PM
Units: N
Readings: Continuous
X-Axis: Travel
Travel Unit: mm
Reading	Load	Travel	Time
1	-3.22	-1.940	0.000
2	-3.22	-1.940	0.049
3	-3.22	-1.940	0.099
4	-2.12	-1.940	0.261
5	-2.12	-1.940	0.299
6	-2.12	-1.940	0.349
7	-3.10	-1.860	0.399
8	-2.84	-1.700	0.449
9	-2.52	-1.520	0.500
10	-1.96	-1.340	0.549
11	-1.70	-1.180	0.599
12	-1.46	-1.000	0.649
13	-1.24	-0.860	0.700
14	-0.80	-0.680	0.749
15	-0.58	-0.520	0.799
16	-0.38	-0.340	0.849
17	-0.34	-0.200	0.899
18	-0.30	-0.020	0.950
19	-0.24	0.120	0.999
20	-0.04	0.260	1.049
21	0.30	0.440	1.099
22	0.42	0.600	1.149
23	0.50	0.780	1.199
24	0.58	0.920	1.249
25	0.70	1.100	1.299
26	0.76	1.280	1.349
27	0.84	1.440	1.399
28	1.00	1.620	1.449
29	1.08	1.760	1.499
30	1.16	1.940	1.549
31	1.24	2.100	1.599
32	1.42	2.280	1.649
33	1.48	2.460	1.699
34	1.58	2.600	1.749
35	1.60	2.780	1.799
36	1.78	2.940	1.849
37	1.88	3.120	1.899
38	2.00	3.260	1.950
39	2.22	3.440	2.000
40	2.30	3.600	2.049
41	2.30	3.780	2.099
42	2.42	3.960	2.149
43	2.66	4.100	2.200
44	2.80	4.280	2.249
45	2.90	4.440	2.299
46	3.04	4.620	2.349
47	3.18	4.800	2.400
48	3.30	4.940	2.449
49	3.44	5.100	2.499
50	3.72	5.300	2.550
51	3.76	5.460	2.599
52	3.88	5.600	2.650
53	4.04	5.780	2.699
54	4.32	5.960	2.750
55	4.48	6.120	2.799
56	4.60	6.280	2.849
57	4.82	6.440	2.899
58	4.98	6.620	2.950
59	5.14	6.800	3.000
60	5.28	6.940	3.049
61	5.58	7.120	3.099
62	5.72	7.280	3.149
63	5.76	7.460	3.200
64	5.94	7.600	3.249
65	6.26	7.780	3.299
66	6.42	7.960	3.349
67	6.58	8.120	3.400
68	6.82	8.300	3.449
69	6.98	8.440	3.499
70	7.16	8.620	3.549
71	7.32	8.780	3.599
72	7.64	8.960	3.649
73	7.72	9.100	3.699
74	7.88	9.280	3.750
75	8.24	9.460	3.800
76	8.40	9.620	3.849
77	8.58	9.800	3.899
78	8.72	9.940	3.949
79	9.04	10.120	4.000
80	9.22	10.300	4.049
81	9.40	10.460	4.099
82	9.58	10.640	4.150
83	9.76	10.780	4.199
84	9.94	10.960	4.249
85	10.12	11.120	4.299
86	10.46	11.300	4.349
87	10.58	11.440	4.399
88	10.72	11.620	4.449
89	10.86	11.780	4.500
90	11.16	11.960	4.550
91	11.28	12.140	4.599
92	11.36	12.300	4.649
93	11.64	12.460	4.699
94	11.78	12.640	4.749
95	11.92	12.800	4.799
96	12.02	12.960	4.849
97	12.24	13.120	4.900
98	12.24	13.300	4.949
99	12.30	13.480	4.999
100	12.30	13.620	5.050
101	12.34	13.800	5.100
102	12.14	13.960	5.149
103	12.18	14.140	5.200
104	12.46	14.300	5.249
105	12.56	14.460	5.299
106	12.66	14.620	5.349
107	12.70	14.800	5.400
108	12.56	14.980	5.449
109	5.72	15.120	5.500
110	0.14	15.300	5.550
111	0.06	15.460	5.599
112	0.02	15.640	5.650
113	0.00	15.820	5.700
114	0.00	15.860	5.749
115	0.00	15.860	5.799
116	0.00	15.860	5.849
117	0.00	15.860	5.900
118	0.00	15.860	5.950
119	0.00	15.860	6.000
120	0.00	15.860	6.049
121	0.00	15.860	6.099
122	0.00	15.860	6.150
123	0.00	15.860	6.200
124	0.00	15.860	6.249
125	0.00	15.860	6.300
126	0.00	15.860	6.349
127	0.00	15.860	6.399
128	0.00	15.860	6.450
129	0.00	15.860	6.499
130	0.00	15.860	6.549
131	0.00	15.860	6.599
132	0.00	15.860	6.649
133	0.00	15.860	6.700
134	0.00	15.860	6.749
135	0.00	15.860	6.800
136	0.00	15.860	6.849
137	0.00	15.860	6.899
138	0.00	15.860	6.949
