11/3/2022  10:54 PM
Units: N
Readings: Continuous
X-Axis: Travel
Travel Unit: mm
Reading	Load	Travel	Time
1	-1.70	-1.700	0.000
2	-0.70	-1.660	0.233
3	-0.70	-1.660	0.246
4	-0.70	-1.660	0.296
5	-1.68	-1.640	0.347
6	-1.62	-1.520	0.396
7	-1.14	-1.340	0.446
8	-0.88	-1.180	0.497
9	-0.64	-1.000	0.546
10	-0.34	-0.820	0.597
11	-0.32	-0.680	0.646
12	-0.30	-0.500	0.696
13	-0.26	-0.340	0.746
14	0.10	-0.160	0.796
15	0.26	-0.020	0.846
16	0.48	0.220	0.897
17	0.48	0.300	0.946
18	0.62	0.440	0.996
19	0.68	0.620	1.046
20	0.74	0.780	1.097
21	0.84	0.960	1.147
22	0.92	1.100	1.196
23	0.96	1.280	1.246
24	1.04	1.440	1.296
25	1.04	1.620	1.347
26	1.08	1.800	1.396
27	1.12	1.940	1.446
28	1.18	2.120	1.496
29	1.32	2.280	1.547
30	1.38	2.460	1.596
31	1.44	2.600	1.646
32	1.58	2.780	1.696
33	1.64	2.960	1.747
34	1.72	3.120	1.796
35	1.78	3.300	1.846
36	1.84	3.460	1.896
37	1.82	3.620	1.948
38	1.88	3.800	1.997
39	1.98	3.960	2.047
40	2.06	4.100	2.097
41	2.12	4.280	2.146
42	2.20	4.460	2.196
43	2.36	4.640	2.247
44	2.34	4.800	2.296
45	2.42	4.960	2.346
46	2.50	5.120	2.397
47	2.66	5.300	2.446
48	2.72	5.460	2.497
49	2.80	5.620	2.547
50	2.96	5.800	2.596
51	3.00	5.960	2.647
52	3.04	6.140	2.696
53	3.12	6.280	2.746
54	3.30	6.460	2.796
55	3.38	6.620	2.846
56	3.46	6.800	2.896
57	3.60	6.980	2.947
58	3.68	7.120	2.996
59	3.72	7.300	3.046
60	3.80	7.460	3.096
61	3.96	7.640	3.147
62	4.06	7.780	3.197
63	4.14	7.960	3.247
64	4.18	8.120	3.297
65	4.34	8.300	3.346
66	4.44	8.480	3.397
67	4.52	8.620	3.447
68	4.66	8.800	3.497
69	4.72	8.960	3.546
70	4.80	9.140	3.597
71	4.90	9.280	3.646
72	5.06	9.460	3.697
73	5.16	9.640	3.747
74	5.24	9.820	3.797
75	5.34	9.980	3.846
76	5.50	10.140	3.896
77	5.60	10.300	3.946
78	5.68	10.460	3.996
79	5.80	10.640	4.046
80	5.90	10.820	4.096
81	5.98	10.960	4.146
82	6.06	11.140	4.196
83	6.22	11.320	4.246
84	6.32	11.480	4.297
85	6.42	11.640	4.346
86	6.60	11.800	4.396
87	6.70	11.980	4.446
88	6.80	12.140	4.496
89	6.90	12.300	4.546
90	7.04	12.480	4.596
91	7.14	12.640	4.646
92	7.24	12.820	4.697
93	7.34	12.960	4.746
94	7.54	13.140	4.796
95	7.64	13.300	4.846
96	7.74	13.480	4.896
97	7.92	13.620	4.946
98	7.96	13.800	4.996
99	7.98	13.980	5.047
100	8.02	14.140	5.096
101	8.14	14.320	5.147
102	8.16	14.460	5.196
103	8.22	14.640	5.246
104	8.32	14.800	5.296
105	8.52	14.980	5.346
106	8.62	15.120	5.397
107	8.72	15.300	5.446
108	8.84	15.480	5.496
109	8.64	15.640	5.546
110	8.20	15.820	5.596
111	8.06	15.960	5.646
112	8.02	16.140	5.696
113	8.08	16.320	5.746
114	8.16	16.500	5.796
115	8.32	16.660	5.846
116	8.40	16.800	5.896
117	8.38	16.980	5.946
118	8.42	17.140	5.997
119	8.56	17.320	6.046
120	8.66	17.500	6.097
121	8.74	17.640	6.147
122	8.88	17.820	6.196
123	8.86	18.000	6.246
124	8.46	18.160	6.297
125	8.24	18.320	6.346
126	7.94	18.480	6.396
127	7.82	18.660	6.446
128	0.08	18.820	6.496
129	0.34	18.980	6.546
130	0.00	19.160	6.596
131	0.00	19.320	6.647
132	0.00	19.500	6.696
133	0.00	19.640	6.746
134	0.00	19.820	6.796
135	0.00	19.980	6.846
136	0.00	20.160	6.897
137	0.00	20.340	6.946
138	0.00	20.480	6.997
139	0.00	20.660	7.046
140	0.00	20.820	7.096
141	0.00	21.000	7.146
142	0.00	21.140	7.196
143	0.00	21.320	7.247
144	0.00	21.500	7.296
145	0.00	21.660	7.346
146	0.00	21.840	7.396
147	0.00	21.980	7.446
148	0.00	22.160	7.496
149	0.00	22.340	7.546
150	0.00	22.500	7.596
151	0.00	22.680	7.646
152	0.00	22.840	7.696
153	0.00	23.000	7.746
154	0.00	23.160	7.796
155	0.00	23.340	7.846
156	0.00	23.480	7.896
157	0.00	23.660	7.946
158	0.00	23.820	7.996
159	0.00	24.000	8.046
160	0.00	24.180	8.096
161	0.00	24.340	8.146
162	0.00	24.500	8.196
163	0.00	24.680	8.246
164	0.00	24.840	8.296
165	0.00	25.000	8.346
166	0.00	25.160	8.396
167	0.00	25.340	8.446
168	0.00	25.520	8.496
169	0.00	25.660	8.546
170	0.00	25.840	8.596
171	0.00	26.000	8.646
172	0.00	26.180	8.696
173	0.00	26.360	8.746
174	0.00	26.500	8.796
175	0.00	26.680	8.847
176	0.00	26.940	8.897
177	0.00	27.020	8.946
178	0.00	27.160	8.996
179	0.00	27.340	9.046
180	0.00	27.500	9.096
181	0.00	27.680	9.146
182	0.00	27.860	9.196
183	0.00	28.000	9.246
184	0.00	28.180	9.296
185	0.00	28.340	9.346
186	0.00	28.520	9.396
187	0.00	28.660	9.446
188	0.00	28.840	9.496
189	0.00	29.020	9.546
190	0.00	29.180	9.596
