11/3/2022  11:06 PM
Units: N
Readings: Continuous
X-Axis: Travel
Travel Unit: mm
Reading	Load	Travel	Time
1	-3.08	-2.840	0.000
2	-2.46	-2.840	0.205
3	-2.46	-2.840	0.250
4	-3.06	-2.840	0.299
5	-3.00	-2.740	0.349
6	-2.76	-2.560	0.400
7	-2.26	-2.400	0.450
8	-2.02	-2.220	0.499
9	-1.82	-2.040	0.550
10	-1.60	-1.900	0.599
11	-1.22	-1.720	0.649
12	-1.02	-1.560	0.699
13	-0.84	-1.380	0.749
14	-0.66	-1.200	0.800
15	-0.34	-1.060	0.849
16	-0.32	-0.880	0.899
17	-0.32	-0.720	0.949
18	-0.10	-0.540	1.000
19	0.08	-0.400	1.049
20	0.20	-0.220	1.100
21	0.26	-0.060	1.149
22	0.28	0.060	1.200
23	0.32	0.240	1.249
24	0.38	0.400	1.299
25	0.42	0.580	1.350
26	0.54	0.720	1.399
27	0.58	0.900	1.450
28	0.64	1.080	1.499
29	0.72	1.240	1.549
30	0.78	1.420	1.600
31	0.84	1.560	1.649
32	0.88	1.740	1.699
33	0.90	1.900	1.749
34	0.98	2.080	1.800
35	1.04	2.260	1.849
36	1.18	2.400	1.900
37	1.26	2.580	1.949
38	1.32	2.740	2.000
39	1.40	2.920	2.049
40	1.52	3.080	2.099
41	1.58	3.240	2.150
42	1.66	3.420	2.199
43	1.72	3.580	2.249
44	1.84	3.740	2.300
45	1.84	3.900	2.349
46	1.92	4.080	2.399
47	2.10	4.360	2.449
48	2.18	4.400	2.499
49	2.26	4.580	2.549
50	2.28	4.740	2.599
51	2.44	4.920	2.649
52	2.52	5.060	2.700
53	2.62	5.240	2.749
54	2.70	5.420	2.799
55	2.82	5.580	2.849
56	2.92	5.760	2.900
57	3.02	5.900	2.949
58	3.20	6.080	3.000
59	3.22	6.240	3.050
60	3.32	6.420	3.100
61	3.42	6.600	3.150
62	3.62	6.740	3.199
63	3.70	6.920	3.249
64	3.70	7.080	3.299
65	3.88	7.260	3.349
66	3.96	7.400	3.400
67	4.02	7.580	3.450
68	4.10	7.740	3.499
69	4.24	7.920	3.549
70	4.22	8.100	3.600
71	3.40	8.240	3.649
72	3.32	8.420	3.700
73	3.48	8.580	3.749
74	3.58	8.760	3.800
75	3.68	8.940	3.849
76	3.86	9.080	3.900
77	3.96	9.260	3.950
78	4.06	9.440	3.999
79	4.16	9.600	4.049
80	4.28	9.760	4.100
81	4.36	9.920	4.150
82	4.48	10.100	4.199
83	4.66	10.260	4.249
84	4.72	10.420	4.299
85	4.82	10.600	4.349
86	4.90	10.760	4.399
87	5.06	10.940	4.449
88	5.12	11.080	4.500
89	5.22	11.260	4.550
90	5.32	11.420	4.599
91	5.50	11.600	4.649
92	5.60	11.760	4.700
93	5.70	11.920	4.749
94	5.88	12.100	4.799
95	5.98	12.260	4.850
96	6.00	12.440	4.900
97	6.10	12.580	4.949
98	6.30	12.760	5.000
99	6.38	12.920	5.049
100	6.46	13.100	5.099
101	6.66	13.280	5.149
102	6.78	13.420	5.199
103	6.88	13.600	5.250
104	6.98	13.760	5.300
105	7.00	13.940	5.350
106	6.68	14.080	5.399
107	6.72	14.260	5.449
108	6.86	14.440	5.499
109	7.12	14.600	5.549
110	7.24	14.780	5.599
111	7.36	14.920	5.650
112	7.56	15.100	5.699
113	7.60	15.260	5.750
114	7.72	15.440	5.799
115	7.84	15.580	5.850
116	8.06	15.760	5.899
117	8.18	15.940	5.949
118	8.28	16.100	5.999
119	8.36	16.280	6.049
120	8.58	16.440	6.099
121	8.70	16.600	6.149
122	8.82	16.780	6.199
123	9.04	16.940	6.249
124	9.12	17.100	6.299
125	9.24	17.260	6.349
126	9.36	17.440	6.399
127	9.54	17.620	6.449
128	9.66	17.760	6.499
129	9.78	17.940	6.549
130	9.98	18.100	6.600
131	10.10	18.280	6.649
132	10.20	18.460	6.699
133	10.30	18.600	6.749
134	10.42	18.780	6.799
135	10.50	18.940	6.849
136	10.62	19.120	6.899
137	10.72	19.260	6.949
138	10.94	19.440	6.999
139	11.02	19.600	7.049
140	11.14	19.780	7.099
141	11.38	19.920	7.149
142	11.50	20.100	7.199
143	11.62	20.280	7.249
144	11.74	20.440	7.299
145	11.96	20.620	7.349
146	12.08	20.760	7.399
147	12.18	20.940	7.449
148	12.30	21.100	7.500
149	12.54	21.280	7.549
150	12.66	21.460	7.600
151	12.78	21.600	7.649
152	12.98	21.780	7.699
153	13.10	21.940	7.750
154	13.22	22.120	7.799
155	13.34	22.300	7.849
156	13.58	22.440	7.899
157	13.68	22.620	7.949
158	13.80	22.780	7.999
159	14.04	22.960	8.049
160	14.16	23.100	8.099
161	14.28	23.280	8.149
162	14.38	23.460	8.199
163	14.64	23.620	8.249
164	14.74	23.780	8.299
165	14.84	23.940	8.349
166	14.92	24.120	8.399
167	15.08	24.300	8.449
168	15.16	24.460	8.499
169	15.28	24.620	8.549
170	15.48	24.780	8.599
171	15.60	24.960	8.649
172	15.72	25.120	8.699
173	15.84	25.280	8.749
174	16.06	25.460	8.799
175	16.18	25.620	8.850
176	16.30	25.800	8.899
177	16.56	25.940	8.949
178	16.64	26.120	8.999
179	16.72	26.300	9.049
180	16.74	26.460	9.099
181	0.08	26.640	9.149
182	0.18	26.640	9.199
183	0.04	26.640	9.249
184	0.02	26.640	9.299
185	0.00	26.640	9.349
186	0.00	26.640	9.399
187	0.00	26.640	9.449
188	0.00	26.640	9.499
189	0.00	26.640	9.549
190	0.00	26.640	9.599
191	0.00	26.640	9.649
192	0.00	26.640	9.699
193	0.00	26.640	9.749
194	0.00	26.640	9.799
195	0.00	26.640	9.849
196	0.00	26.640	9.899
197	0.00	26.640	9.949
198	0.00	26.640	9.999
199	0.00	26.640	10.049
200	0.00	26.640	10.099
201	0.00	26.640	10.149
202	0.00	26.640	10.199
203	0.00	26.640	10.249
204	0.00	26.640	10.299
205	0.00	26.640	10.349
206	0.00	26.640	10.399
207	0.00	26.640	10.450
208	0.00	26.640	10.499
209	0.00	26.640	10.550
210	0.00	26.640	10.600
211	0.00	26.640	10.649
212	0.00	26.640	10.700
213	0.00	26.640	10.750
214	0.00	26.640	10.800
215	0.00	26.640	10.849
216	0.00	26.640	10.900
217	0.00	26.640	10.950
218	0.00	26.640	10.999
219	0.00	26.640	11.049
220	0.00	26.640	11.099
221	0.00	26.640	11.150
222	0.00	26.640	11.200
223	0.00	26.640	11.250
224	0.00	26.640	11.299
225	0.00	26.640	11.350
226	0.02	26.640	11.399
227	0.00	26.640	11.450
228	0.00	26.640	11.499
229	0.00	26.640	11.550
230	0.00	26.640	11.600
231	0.00	26.640	11.650
232	0.00	26.640	11.699
233	0.00	26.640	11.749
234	0.00	26.640	11.800
235	0.00	26.640	11.849
236	0.00	26.640	11.900
237	0.00	26.640	11.949
238	0.00	26.640	12.000
239	0.00	26.640	12.050
240	0.00	26.640	12.100
241	0.00	26.640	12.149
242	0.00	26.640	12.199
243	0.00	26.640	12.249
244	0.00	26.640	12.300
245	0.00	26.640	12.349
246	0.00	26.640	12.400
247	0.00	26.640	12.449
