11/10/2022  10:32 PM
Units: N
Readings: Continuous
X-Axis: Travel
Travel Unit: mm
Reading	Load	Travel	Time
1	-1.86	-2.200	0.000
2	-1.86	-2.200	0.050
3	-0.46	-2.200	0.229
4	-0.46	-2.200	0.252
5	-0.46	-2.200	0.300
6	-1.84	-2.140	0.350
7	-1.54	-2.000	0.400
8	-1.28	-1.820	0.450
9	-1.04	-1.660	0.500
10	-0.82	-1.480	0.550
11	-0.40	-1.340	0.601
12	-0.32	-1.160	0.650
13	-0.30	-0.980	0.700
14	-0.24	-0.820	0.750
15	0.10	-0.660	0.800
16	0.26	-0.500	0.850
17	0.42	-0.320	0.900
18	0.70	-0.140	0.951
19	0.84	0.000	1.000
20	0.96	0.160	1.051
21	1.06	0.320	1.100
22	1.22	0.500	1.150
23	1.30	0.660	1.201
24	1.38	0.820	1.250
25	1.54	1.000	1.300
26	1.64	1.160	1.350
27	1.70	1.340	1.400
28	1.78	1.480	1.450
29	1.94	1.660	1.500
30	2.00	1.820	1.550
31	2.08	2.000	1.600
32	2.24	2.180	1.650
33	2.32	2.320	1.700
34	2.38	2.500	1.750
35	2.46	2.660	1.800
36	2.56	2.840	1.850
37	2.60	2.980	1.900
38	2.64	3.160	1.950
39	2.70	3.340	2.000
40	2.80	3.500	2.050
41	2.88	3.640	2.100
42	2.96	3.820	2.150
43	3.10	4.000	2.200
44	3.06	4.160	2.250
45	3.02	4.340	2.301
46	3.12	4.520	2.351
47	3.34	4.660	2.400
48	3.44	4.840	2.451
49	3.54	5.000	2.501
50	3.58	5.180	2.550
51	3.64	5.320	2.600
52	3.72	5.500	2.650
53	3.82	5.660	2.700
54	4.00	5.840	2.750
55	3.94	6.000	2.801
56	3.94	6.160	2.850
57	4.16	6.340	2.900
58	4.26	6.520	2.950
59	4.38	6.680	3.000
60	4.50	6.840	3.051
61	4.70	7.000	3.100
62	4.72	7.180	3.151
63	4.82	7.360	3.201
64	4.94	7.500	3.250
65	5.18	7.660	3.300
66	5.30	7.840	3.350
67	5.42	8.020	3.400
68	5.56	8.160	3.451
69	5.62	8.340	3.500
70	5.76	8.520	3.550
71	5.90	8.680	3.600
72	6.16	8.860	3.651
73	6.28	9.000	3.700
74	6.42	9.180	3.750
75	6.66	9.340	3.800
76	6.72	9.520	3.850
77	6.86	9.660	3.901
78	6.98	9.840	3.950
79	7.26	10.020	4.001
80	7.40	10.180	4.051
81	7.54	10.360	4.100
82	7.82	10.500	4.151
83	7.86	10.680	4.201
84	7.98	10.840	4.250
85	8.12	11.020	4.300
86	8.42	11.160	4.351
87	8.56	11.340	4.400
88	8.72	11.520	4.450
89	8.82	11.680	4.500
90	9.10	11.860	4.551
91	9.16	12.000	4.600
92	9.30	12.180	4.650
93	9.62	12.360	4.700
94	9.76	12.520	4.751
95	9.92	12.680	4.801
96	10.06	12.860	4.851
97	10.36	13.020	4.900
98	10.50	13.200	4.951
99	10.54	13.360	5.000
100	10.72	13.520	5.051
101	10.88	13.680	5.101
102	11.04	13.860	5.151
103	11.18	14.040	5.200
104	11.48	14.180	5.250
105	11.50	14.360	5.300
106	11.60	14.520	5.350
107	11.92	14.700	5.400
108	12.06	14.840	5.450
109	12.18	15.020	5.501
110	12.18	15.180	5.550
111	12.40	15.360	5.600
112	12.56	15.500	5.651
113	12.72	15.680	5.700
114	12.88	15.860	5.751
115	13.20	16.020	5.801
116	13.36	16.200	5.851
117	13.48	16.340	5.900
118	13.76	16.520	5.951
119	13.92	16.700	6.000
120	14.08	16.860	6.051
121	14.18	17.040	6.101
122	14.48	17.180	6.151
123	14.58	17.360	6.201
124	14.66	17.520	6.250
125	14.52	17.700	6.301
126	14.44	17.880	6.350
127	14.42	18.020	6.400
128	14.48	18.200	6.450
129	14.62	18.360	6.501
130	14.78	18.540	6.550
131	14.96	18.680	6.601
132	15.30	18.860	6.651
133	15.48	19.020	6.701
134	15.64	19.200	6.751
135	15.82	19.380	6.800
136	16.14	19.520	6.851
137	16.26	19.700	6.901
138	16.36	19.880	6.950
139	16.48	20.040	7.000
140	16.64	20.200	7.050
141	16.70	20.360	7.100
142	16.70	20.540	7.150
143	16.70	20.700	7.200
144	16.82	20.860	7.251
145	17.00	21.040	7.301
146	17.14	21.200	7.350
147	17.50	21.380	7.400
148	17.66	21.520	7.450
149	17.84	21.700	7.500
150	18.16	21.860	7.550
151	18.28	22.040	7.601
152	18.42	22.220	7.650
153	18.48	22.360	7.701
154	10.12	22.540	7.751
155	-0.04	22.720	7.801
156	0.42	22.880	7.851
157	0.02	23.060	7.900
158	0.02	23.060	7.951
159	0.02	23.060	8.001
160	0.02	23.060	8.050
161	0.02	23.060	8.100
162	0.02	23.060	8.150
163	0.02	23.060	8.200
164	0.02	23.060	8.251
165	0.02	23.060	8.300
166	0.02	23.060	8.350
167	0.02	23.060	8.400
168	0.02	23.060	8.451
169	0.02	23.060	8.501
170	0.02	23.060	8.551
171	0.02	23.060	8.601
172	0.02	23.060	8.651
173	0.02	23.060	8.700
174	0.02	23.060	8.750
175	0.02	23.060	8.800
176	0.02	23.060	8.851
177	0.02	23.060	8.901
178	0.02	23.060	8.950
179	0.00	23.060	9.001
180	0.02	23.060	9.050
181	0.02	23.060	9.100
182	0.02	23.060	9.150
183	0.02	23.060	9.201
184	0.02	23.060	9.251
185	0.02	23.060	9.301
186	0.02	23.060	9.350
187	0.02	23.060	9.401
188	0.02	23.060	9.451
189	0.02	23.060	9.501
190	0.02	23.060	9.550
191	0.02	23.060	9.600
192	0.02	23.060	9.650
193	0.02	23.060	9.701
194	0.02	23.060	9.750
195	0.02	23.060	9.800
196	0.02	23.060	9.851
197	0.02	23.060	9.900
198	0.02	23.060	9.951
199	0.02	23.060	10.000
200	0.02	23.060	10.050
201	0.02	23.060	10.101
202	0.02	23.060	10.151
203	0.02	23.060	10.201
204	0.02	23.060	10.250
205	0.02	23.060	10.301
206	0.02	23.060	10.351
207	0.02	23.060	10.401
208	0.02	23.060	10.451
209	0.02	23.060	10.501
210	0.02	23.060	10.550
211	0.02	23.060	10.600
212	0.02	23.060	10.650
213	0.02	23.060	10.700
214	0.02	23.060	10.750
215	0.02	23.060	10.800
216	0.02	23.060	10.850
217	0.02	23.060	10.901
218	0.02	23.060	10.951
219	0.02	23.060	11.000
220	0.02	23.060	11.050
221	0.02	23.060	11.100
222	0.02	23.060	11.150
223	0.02	23.060	11.200
224	0.02	23.060	11.250
225	0.02	23.060	11.301
226	0.02	23.060	11.350
227	0.02	23.060	11.401
228	0.02	23.060	11.451
229	0.02	23.060	11.501
230	0.02	23.060	11.550
231	0.02	23.060	11.600
232	0.02	23.060	11.651
233	0.02	23.060	11.700
234	0.02	23.060	11.750
235	0.02	23.060	11.800
236	0.02	23.060	11.850
237	0.02	23.060	11.901
238	0.02	23.060	11.950
239	0.02	23.060	12.000
240	0.02	23.060	12.051
241	0.02	23.060	12.100
242	0.02	23.060	12.151
243	0.02	23.060	12.200
244	0.02	23.060	12.250
245	0.02	23.060	12.300
246	0.02	23.060	12.351
247	0.02	23.060	12.401
248	0.02	23.060	12.450
249	0.02	23.060	12.500
250	0.02	23.060	12.550
251	0.02	23.060	12.601
252	0.02	23.060	12.651
253	0.02	23.060	12.701
254	0.02	23.060	12.750
255	0.02	23.060	12.800
256	0.02	23.060	12.851
257	0.02	23.060	12.901
258	0.02	23.060	12.952
259	0.02	23.060	13.000
260	0.02	23.060	13.050
261	0.02	23.060	13.100
262	0.02	23.060	13.151
263	0.02	23.060	13.200
264	0.02	23.060	13.250
265	0.02	23.060	13.300
266	0.02	23.060	13.350
267	0.02	23.060	13.400
268	0.02	23.060	13.450
269	0.02	23.060	13.500
270	0.02	23.060	13.550
271	0.02	23.060	13.600
272	0.02	23.060	13.650
273	0.00	23.060	13.701
274	0.02	23.060	13.751
275	0.02	23.060	13.800
276	0.02	23.060	13.851
277	0.02	23.060	13.900
278	0.02	23.060	13.950
279	0.02	23.060	14.000
280	0.02	23.060	14.050
281	0.02	23.060	14.101
282	0.02	23.060	14.150
283	0.02	23.060	14.200
284	0.02	23.060	14.250
285	0.02	23.060	14.300
286	0.02	23.060	14.350
287	0.02	23.060	14.401
