11/6/2022  8:02 PM
Units: N
Readings: Continuous
X-Axis: Travel
Travel Unit: mm
Reading	Load	Travel	Time
1	-0.50	2.740	0.000
2	1.04	2.760	0.247
3	1.04	2.760	0.300
4	-0.48	2.780	0.350
5	-0.42	2.880	0.400
6	-0.34	3.060	0.450
7	-0.20	3.220	0.500
8	0.00	3.400	0.550
9	0.20	3.580	0.600
10	0.56	3.720	0.650
11	0.74	3.900	0.700
12	0.90	4.060	0.751
13	1.04	4.240	0.800
14	1.24	4.400	0.850
15	1.34	4.560	0.901
16	1.46	4.740	0.950
17	1.56	4.900	1.000
18	1.64	5.060	1.050
19	1.68	5.220	1.100
20	1.80	5.400	1.151
21	1.94	5.560	1.200
22	2.02	5.740	1.250
23	2.16	5.900	1.301
24	2.28	6.060	1.351
25	2.44	6.240	1.400
26	2.58	6.440	1.451
27	2.72	6.560	1.501
28	2.92	6.720	1.551
29	3.06	6.900	1.601
30	3.22	7.080	1.651
31	3.34	7.220	1.700
32	3.60	7.400	1.750
33	3.76	7.560	1.801
34	3.92	7.740	1.850
35	4.14	7.880	1.901
36	4.32	8.060	1.950
37	4.48	8.220	2.000
38	4.64	8.400	2.050
39	4.94	8.580	2.100
40	5.12	8.760	2.151
41	5.30	8.900	2.200
42	5.48	9.080	2.250
43	5.72	9.240	2.300
44	5.90	9.420	2.350
45	6.10	9.560	2.401
46	6.48	9.740	2.450
47	6.68	9.920	2.501
48	6.80	10.080	2.550
49	6.98	10.260	2.601
50	7.34	10.400	2.651
51	7.54	10.580	2.700
52	7.76	10.740	2.750
53	8.10	10.920	2.801
54	8.30	11.060	2.850
55	8.52	11.240	2.900
56	8.74	11.420	2.951
57	9.08	11.580	3.001
58	9.32	11.760	3.051
59	9.48	11.900	3.100
60	9.86	12.080	3.150
61	10.10	12.240	3.200
62	10.32	12.420	3.250
63	10.52	12.560	3.300
64	10.44	12.740	3.351
65	10.24	12.920	3.400
66	10.18	13.080	3.450
67	10.12	13.240	3.500
68	10.36	13.400	3.550
69	10.46	13.580	3.600
70	10.60	13.740	3.650
71	10.94	13.900	3.701
72	11.08	14.080	3.751
73	11.12	14.240	3.800
74	11.22	14.420	3.851
75	11.44	14.560	3.901
76	11.54	14.740	3.950
77	11.58	14.900	4.000
78	9.50	15.080	4.051
79	8.64	15.260	4.100
80	8.22	15.400	4.150
81	7.78	15.580	4.200
82	7.74	15.760	4.250
83	7.86	15.920	4.300
84	7.98	16.100	4.351
85	8.28	16.240	4.400
86	8.42	16.420	4.450
87	8.54	16.580	4.501
88	8.68	16.760	4.551
89	8.92	16.940	4.600
90	9.06	17.060	4.650
91	9.14	17.240	4.701
92	8.94	17.380	4.751
93	4.80	17.560	4.801
94	4.52	17.740	4.850
95	4.48	17.900	4.900
96	4.60	18.080	4.950
97	4.68	18.220	5.000
98	4.76	18.400	5.050
99	4.82	18.560	5.100
100	4.96	18.740	5.151
101	5.00	18.920	5.201
102	4.96	19.060	5.250
103	0.36	19.240	5.301
104	0.04	19.400	5.350
105	0.00	19.580	5.401
106	0.00	19.720	5.451
107	0.00	19.780	5.500
108	0.00	19.780	5.550
109	0.00	19.780	5.601
110	0.00	19.780	5.651
111	0.00	19.780	5.701
112	0.00	19.780	5.750
113	0.00	19.780	5.800
114	0.00	19.780	5.851
115	0.00	19.780	5.900
116	0.00	19.780	5.950
117	0.00	19.780	6.001
118	0.00	19.780	6.050
119	0.00	19.780	6.100
120	0.00	19.780	6.150
121	0.00	19.780	6.201
122	0.00	19.780	6.250
123	0.00	19.780	6.300
124	0.00	19.780	6.350
125	0.00	19.780	6.400
126	0.00	19.780	6.451
127	0.00	19.780	6.500
128	0.00	19.780	6.551
129	0.00	19.780	6.600
130	0.00	19.780	6.650
131	0.00	19.780	6.700
132	0.00	19.780	6.751
133	0.00	19.780	6.801
134	0.00	19.780	6.850
135	0.00	19.780	6.901
136	0.00	19.780	6.950
137	0.00	19.780	7.000
138	0.00	19.780	7.050
139	0.00	19.780	7.100
140	0.00	19.780	7.151
141	0.00	19.780	7.200
142	0.00	19.780	7.250
143	0.00	19.780	7.301
144	0.00	19.780	7.350
145	0.00	19.780	7.401
146	0.00	19.780	7.450
147	0.00	19.780	7.500
148	0.00	19.780	7.550
149	0.00	19.780	7.601
150	0.00	19.780	7.651
151	0.00	19.780	7.700
152	0.00	19.780	7.750
153	0.00	19.780	7.800
154	0.00	19.780	7.850
155	0.00	19.780	7.901
156	0.00	19.780	7.951
157	0.00	19.780	8.000
158	0.00	19.780	8.050
159	0.00	19.780	8.100
160	0.00	19.780	8.150
161	0.00	19.780	8.200
162	0.00	19.780	8.251
163	0.00	19.780	8.300
164	0.00	19.780	8.350
165	0.00	19.780	8.400
166	0.00	19.780	8.450
167	0.00	19.780	8.500
168	0.00	19.780	8.550
169	0.00	19.780	8.601
170	0.00	19.780	8.650
171	0.00	19.780	8.701
172	0.00	19.780	8.750
173	0.00	19.780	8.800
174	0.00	19.780	8.850
175	0.00	19.780	8.901
176	0.00	19.780	8.950
177	0.00	19.780	9.001
178	0.00	19.780	9.050
179	0.00	19.780	9.100
180	0.00	19.780	9.151
181	0.00	19.780	9.200
182	0.00	19.780	9.250
183	0.00	19.780	9.301
184	0.00	19.780	9.350
185	0.00	19.780	9.400
186	0.00	19.780	9.450
187	0.00	19.780	9.500
188	0.00	19.780	9.551
189	0.00	19.780	9.601
190	0.00	19.780	9.651
191	0.00	19.780	9.700
192	0.00	19.780	9.750
193	0.00	19.780	9.800
194	0.00	19.780	9.851
195	0.00	19.780	9.900
196	0.00	19.780	9.950
197	0.00	19.780	10.000
198	0.00	19.780	10.050
199	0.00	19.780	10.101
200	0.00	19.780	10.150
201	0.00	19.780	10.201
202	0.00	19.780	10.250
203	0.00	19.780	10.300
204	0.00	19.780	10.350
205	0.00	19.780	10.401
206	0.00	19.780	10.451
207	0.00	19.780	10.500
208	0.00	19.780	10.550
209	0.00	19.780	10.600
210	0.00	19.780	10.651
211	0.00	19.780	10.700
212	0.00	19.780	10.750
213	0.00	19.780	10.800
214	0.00	19.780	10.850
215	0.00	19.780	10.900
216	0.00	19.780	10.951
217	0.00	19.780	11.001
218	0.00	19.780	11.050
219	0.00	19.780	11.101
220	0.00	19.780	11.150
221	0.00	19.780	11.200
222	0.00	19.780	11.251
223	0.00	19.780	11.300
224	0.00	19.780	11.350
225	0.00	19.780	11.401
226	0.00	19.780	11.450
227	0.00	19.780	11.500
228	0.00	19.780	11.550
229	0.00	19.780	11.600
230	0.00	19.780	11.650
231	0.00	19.780	11.700
232	0.00	19.780	11.750
233	0.00	19.780	11.800
234	0.00	19.780	11.850
235	0.00	19.780	11.900
236	0.00	19.780	11.951
237	0.00	19.780	12.000
238	0.00	19.780	12.051
239	0.00	19.780	12.100
240	0.00	19.780	12.150
241	0.00	19.780	12.201
242	0.00	19.780	12.250
243	0.00	19.780	12.301
244	0.00	19.780	12.350
245	0.00	19.780	12.400
246	0.00	19.780	12.451
247	0.00	19.780	12.500
248	0.00	19.780	12.550
249	0.00	19.780	12.600
250	0.00	19.780	12.650
251	0.00	19.780	12.700
252	0.00	19.780	12.750
253	0.00	19.780	12.800
254	0.00	19.780	12.851
255	0.00	19.780	12.900
256	0.00	19.780	12.950
257	0.00	19.780	13.001
258	0.00	19.780	13.050
259	0.00	19.780	13.100
260	0.00	19.780	13.150
261	0.00	19.780	13.200
262	0.00	19.780	13.250
263	0.00	19.780	13.300
264	0.00	19.780	13.350
265	0.00	19.780	13.400
266	0.00	19.780	13.451
267	0.00	19.780	13.500
268	0.00	19.780	13.550
269	0.00	19.780	13.601
270	0.00	19.780	13.651
271	0.00	19.780	13.700
272	0.00	19.780	13.751
273	0.00	19.780	13.800
274	0.00	19.780	13.850
275	0.00	19.780	13.901
276	0.00	19.780	13.951
277	0.00	19.780	14.001
278	0.00	19.780	14.051
279	0.00	19.780	14.100
280	0.00	19.780	14.151
281	0.00	19.780	14.200
282	0.00	19.780	14.251
283	0.00	19.780	14.300
284	0.00	19.780	14.350
285	0.00	19.780	14.400
286	0.00	19.780	14.450
287	0.00	19.780	14.500
288	0.00	19.780	14.550
289	0.00	19.780	14.600
290	0.00	19.780	14.650
291	0.00	19.780	14.700
292	0.00	19.780	14.750
293	0.00	19.780	14.800
294	0.00	19.780	14.850
295	0.00	19.780	14.900
296	0.00	19.780	14.951
