11/6/2022  8:08 PM
Units: N
Readings: Continuous
X-Axis: Travel
Travel Unit: mm
Reading	Load	Travel	Time
1	-11.28	-5.220	0.000
2	-12.18	-5.220	0.196
3	-12.18	-5.220	0.200
4	-12.18	-5.220	0.250
5	-11.22	-5.200	0.300
6	-10.86	-5.060	0.350
7	-10.00	-4.920	0.400
8	-8.86	-4.740	0.451
9	-8.68	-4.580	0.500
10	-8.66	-4.400	0.551
11	-8.30	-4.260	0.600
12	-8.12	-4.080	0.651
13	-7.94	-3.920	0.700
14	-7.80	-3.740	0.750
15	-7.48	-3.580	0.800
16	-7.34	-3.420	0.850
17	-7.24	-3.240	0.900
18	-6.86	-3.080	0.950
19	-6.68	-2.920	1.000
20	-6.46	-2.760	1.050
21	-6.38	-2.580	1.100
22	-6.10	-2.420	1.150
23	-5.90	-2.260	1.200
24	-5.72	-2.080	1.250
25	-5.52	-1.920	1.300
26	-5.18	-1.740	1.350
27	-5.00	-1.600	1.400
28	-4.92	-1.420	1.450
29	-4.52	-1.260	1.500
30	-4.34	-1.080	1.550
31	-4.16	-0.900	1.600
32	-3.96	-0.720	1.651
33	-3.56	-0.580	1.700
34	-3.40	-0.400	1.750
35	-3.18	-0.240	1.800
36	-2.80	-0.060	1.850
37	-2.60	0.060	1.900
38	-2.44	0.240	1.950
39	-2.28	0.420	2.000
40	-1.90	0.580	2.050
41	-1.74	0.760	2.100
42	-1.56	0.900	2.151
43	-1.20	1.080	2.200
44	-1.02	1.240	2.250
45	-0.86	1.420	2.300
46	-0.72	1.560	2.350
47	-0.44	1.740	2.400
48	-0.34	1.920	2.450
49	-0.32	2.080	2.500
50	-0.32	2.260	2.550
51	-0.12	2.400	2.601
52	0.06	2.580	2.650
53	0.20	2.740	2.700
54	0.48	2.920	2.750
55	0.58	3.060	2.800
56	0.68	3.240	2.850
57	0.76	3.420	2.900
58	0.94	3.580	2.950
59	1.04	3.740	3.000
60	1.12	3.900	3.051
61	1.28	4.080	3.101
62	1.38	4.260	3.150
63	1.46	4.400	3.200
64	1.54	4.580	3.251
65	1.74	4.740	3.300
66	1.84	4.920	3.350
67	1.94	5.060	3.401
68	2.04	5.240	3.450
69	2.22	5.420	3.500
70	2.34	5.580	3.551
71	2.36	5.760	3.601
72	2.46	5.940	3.650
73	2.56	6.080	3.700
74	2.68	6.260	3.751
75	2.80	6.420	3.800
76	3.06	6.600	3.850
77	3.16	6.740	3.901
78	3.22	6.920	3.950
79	3.48	7.080	4.000
80	3.62	7.260	4.050
81	3.72	7.440	4.100
82	3.80	7.580	4.150
83	4.02	7.760	4.200
84	4.14	7.920	4.251
85	4.28	8.100	4.300
86	4.56	8.280	4.351
87	4.52	8.420	4.401
88	4.60	8.600	4.450
89	4.74	8.760	4.500
90	4.98	8.940	4.551
91	5.12	9.080	4.600
92	5.26	9.260	4.650
93	5.42	9.420	4.700
94	5.70	9.600	4.751
95	5.86	9.760	4.800
96	6.02	9.920	4.851
97	6.30	10.100	4.901
98	6.40	10.260	4.950
99	6.54	10.420	5.000
100	6.70	10.580	5.051
101	6.88	10.760	5.100
102	7.04	10.920	5.150
103	7.20	11.080	5.200
104	7.50	11.260	5.251
105	7.68	11.420	5.300
106	7.84	11.600	5.350
107	8.02	11.760	5.401
108	8.32	11.920	5.450
109	8.48	12.080	5.500
110	8.64	12.260	5.550
111	8.96	12.440	5.600
112	9.12	12.580	5.650
113	9.28	12.760	5.701
114	9.42	12.940	5.750
115	9.66	13.100	5.800
116	9.78	13.240	5.850
117	9.88	13.420	5.900
118	10.00	13.580	5.950
119	10.22	13.760	6.000
120	10.36	13.940	6.051
121	10.52	14.120	6.100
122	10.58	14.260	6.150
123	10.66	14.440	6.201
124	10.78	14.600	6.250
125	10.90	14.780	6.300
126	11.16	14.920	6.351
127	11.28	15.100	6.400
128	11.42	15.260	6.451
129	11.66	15.440	6.500
130	11.78	15.620	6.550
131	11.68	15.760	6.601
132	9.86	15.940	6.650
133	8.48	16.100	6.701
134	5.90	16.280	6.750
135	5.62	16.440	6.801
136	4.64	16.600	6.850
137	4.56	16.780	6.900
138	4.52	16.940	6.951
139	4.50	17.080	7.000
140	4.28	17.240	7.050
141	-0.06	17.420	7.101
142	0.10	17.600	7.151
143	0.00	17.640	7.200
144	0.00	17.640	7.250
145	0.00	17.640	7.301
146	0.00	17.640	7.350
147	0.00	17.640	7.400
148	0.00	17.640	7.451
149	0.00	17.640	7.500
150	0.00	17.640	7.551
151	0.00	17.640	7.601
152	0.00	17.640	7.650
153	0.00	17.640	7.700
154	0.00	17.640	7.750
155	0.00	17.640	7.800
156	0.00	17.640	7.850
157	0.00	17.640	7.901
158	0.00	17.640	7.951
159	0.00	17.640	8.000
160	0.00	17.640	8.051
161	0.00	17.640	8.101
162	0.00	17.640	8.150
