11/13/2022  7:45 PM
Units: N
Readings: Continuous
X-Axis: Travel
Travel Unit: mm
Reading	Load	Travel	Time
1	-1.12	3.460	0.000
2	0.54	3.460	0.221
3	0.54	3.460	0.245
4	0.54	3.460	0.294
5	-1.10	3.520	0.344
6	-0.80	3.680	0.394
7	-0.54	3.860	0.444
8	-0.38	4.020	0.494
9	-0.32	4.180	0.545
10	-0.20	4.360	0.594
11	-0.02	4.540	0.645
12	0.20	4.680	0.694
13	0.52	4.860	0.744
14	0.62	5.020	0.795
15	0.72	5.200	0.844
16	0.82	5.340	0.894
17	1.00	5.520	0.944
18	1.10	5.700	0.995
19	1.20	5.860	1.044
20	1.40	6.040	1.094
21	1.50	6.180	1.144
22	1.58	6.360	1.194
23	1.70	6.540	1.244
24	1.88	6.700	1.294
25	1.98	6.880	1.344
26	2.08	7.020	1.394
27	2.18	7.200	1.445
28	2.42	7.380	1.495
29	2.50	7.540	1.544
30	2.62	7.680	1.595
31	2.80	7.860	1.644
32	2.92	8.040	1.694
33	3.02	8.200	1.745
34	3.12	8.380	1.795
35	3.24	8.540	1.845
36	3.36	8.700	1.894
37	3.48	8.880	1.944
38	3.72	9.040	1.994
39	3.84	9.220	2.045
40	3.96	9.360	2.094
41	4.08	9.540	2.145
42	4.32	9.700	2.194
43	4.36	9.880	2.245
44	4.48	10.040	2.294
45	4.60	10.200	2.344
46	4.88	10.380	2.394
47	5.00	10.540	2.444
48	5.12	10.700	2.495
49	5.38	10.880	2.544
50	5.52	11.040	2.594
51	5.64	11.220	2.644
52	5.76	11.360	2.694
53	5.86	11.540	2.744
54	6.00	11.700	2.794
55	6.14	11.880	2.844
56	6.40	12.020	2.895
57	6.54	12.200	2.944
58	6.64	12.380	2.994
59	6.70	12.540	3.045
60	6.90	12.720	3.094
61	6.98	12.860	3.144
62	7.10	13.040	3.194
63	7.40	13.200	3.244
64	7.48	13.380	3.294
65	7.60	13.520	3.344
66	7.74	13.700	3.395
67	8.00	13.880	3.444
68	8.14	14.040	3.494
69	8.28	14.220	3.545
70	8.52	14.360	3.595
71	8.66	14.540	3.644
72	8.84	14.700	3.694
73	8.98	14.880	3.745
74	9.24	15.060	3.794
75	9.40	15.200	3.844
76	9.56	15.380	3.894
77	9.72	15.560	3.944
78	8.46	15.720	3.994
79	8.60	15.900	4.044
80	8.78	16.040	4.095
81	9.10	16.220	4.144
82	9.26	16.400	4.194
83	9.42	16.560	4.244
84	9.60	16.720	4.294
85	9.86	16.880	4.344
86	10.04	17.060	4.394
87	10.22	17.220	4.445
88	10.54	17.380	4.494
89	10.70	17.540	4.544
90	10.80	17.720	4.595
91	10.94	17.900	4.645
92	11.24	18.040	4.694
93	11.34	18.220	4.744
94	11.40	18.380	4.794
95	11.56	18.560	4.844
96	11.70	18.700	4.894
97	11.82	18.880	4.945
98	11.98	19.060	4.995
99	12.30	19.200	5.044
100	12.46	19.380	5.095
101	12.52	19.520	5.144
102	12.62	19.700	5.194
103	12.76	19.860	5.245
104	12.66	20.040	5.294
105	12.38	20.180	5.345
106	12.08	20.380	5.394
107	12.16	20.540	5.444
108	12.28	20.700	5.494
109	12.42	20.860	5.545
110	12.62	21.020	5.594
111	12.66	21.200	5.645
112	12.70	21.360	5.695
113	11.86	21.520	5.744
114	11.96	21.700	5.794
115	12.24	21.880	5.844
116	12.50	22.040	5.894
117	12.96	22.220	5.944
118	13.14	22.360	5.994
119	13.32	22.540	6.045
120	13.62	22.700	6.094
121	13.72	22.880	6.144
122	13.76	23.020	6.194
123	13.84	23.200	6.245
124	13.88	23.380	6.294
125	13.90	23.540	6.344
126	14.00	23.720	6.395
127	14.14	23.860	6.444
128	14.42	24.040	6.494
129	14.56	24.200	6.545
130	14.58	24.380	6.594
131	13.70	24.560	6.644
132	8.40	24.700	6.694
133	-0.04	24.880	6.744
134	0.26	25.040	6.794
135	0.00	25.220	6.845
136	0.00	25.220	6.894
137	0.00	25.220	6.944
138	0.00	25.220	6.994
139	0.00	25.220	7.044
140	0.00	25.220	7.094
141	0.00	25.220	7.144
142	0.00	25.220	7.194
143	0.00	25.220	7.244
144	0.00	25.220	7.295
145	0.00	25.220	7.345
146	0.00	25.220	7.394
147	0.00	25.220	7.444
148	0.00	25.220	7.494
149	0.00	25.220	7.545
150	0.00	25.220	7.595
151	0.00	25.220	7.644
152	0.00	25.220	7.694
153	0.00	25.220	7.744
154	0.00	25.220	7.794
155	0.00	25.220	7.844
156	0.00	25.220	7.894
157	0.00	25.220	7.945
158	0.00	25.220	7.994
159	0.00	25.220	8.045
160	0.00	25.220	8.094
161	0.00	25.220	8.144
162	0.00	25.220	8.194
163	0.00	25.220	8.244
164	0.00	25.220	8.294
165	0.00	25.220	8.344
166	0.00	25.220	8.394
167	0.00	25.220	8.445
168	0.00	25.220	8.494
169	0.00	25.220	8.544
170	0.00	25.220	8.594
171	0.00	25.220	8.644
172	0.00	25.220	8.694
173	0.00	25.220	8.744
174	0.00	25.220	8.794
175	0.00	25.220	8.844
176	0.00	25.220	8.895
177	0.00	25.220	8.944
178	0.00	25.220	8.994
179	0.00	25.220	9.044
180	0.00	25.220	9.094
181	0.00	25.220	9.144
182	0.00	25.220	9.194
183	0.00	25.220	9.244
184	0.00	25.220	9.294
185	0.00	25.220	9.344
186	0.00	25.220	9.394
187	0.00	25.220	9.444
188	0.00	25.220	9.494
189	0.00	25.220	9.544
190	0.00	25.220	9.594
191	0.00	25.220	9.644
192	0.00	25.220	9.694
193	0.00	25.220	9.744
194	0.00	25.220	9.794
195	0.00	25.220	9.844
196	0.00	25.220	9.894
197	0.00	25.220	9.944
198	0.00	25.220	9.994
199	0.00	25.220	10.044
200	0.00	25.220	10.094
201	0.00	25.220	10.144
202	0.00	25.220	10.194
203	0.00	25.220	10.244
204	0.00	25.220	10.294
205	0.00	25.220	10.344
206	0.00	25.220	10.394
207	0.00	25.220	10.444
208	0.00	25.220	10.494
209	0.00	25.220	10.544
210	0.00	25.220	10.594
211	0.00	25.220	10.644
212	0.00	25.220	10.694
213	0.00	25.220	10.744
214	0.00	25.220	10.794
215	0.00	25.220	10.845
216	0.00	25.220	10.894
217	0.00	25.220	10.944
218	0.00	25.220	10.995
219	0.00	25.220	11.044
220	0.00	25.220	11.094
221	0.00	25.220	11.144
222	0.00	25.220	11.195
223	0.00	25.220	11.244
224	0.00	25.220	11.294
225	0.00	25.220	11.344
226	0.00	25.220	11.394
227	0.00	25.220	11.444
228	0.00	25.220	11.494
229	0.00	25.220	11.545
230	0.00	25.220	11.594
231	0.00	25.220	11.644
232	0.00	25.220	11.694
233	0.00	25.220	11.744
234	0.00	25.220	11.794
235	0.00	25.220	11.844
236	0.00	25.220	11.894
237	0.00	25.220	11.944
238	0.00	25.220	11.994
239	0.00	25.220	12.044
240	0.00	25.220	12.094
241	0.00	25.220	12.144
242	0.00	25.220	12.194
243	0.00	25.220	12.244
244	0.00	25.220	12.294
245	0.00	25.220	12.344
246	0.00	25.220	12.394
247	0.00	25.220	12.444
248	0.00	25.220	12.494
249	0.00	25.220	12.544
250	0.00	25.220	12.594
251	0.00	25.220	12.644
252	0.00	25.220	12.694
253	0.00	25.220	12.744
254	0.00	25.220	12.794
255	0.00	25.220	12.844
256	0.00	25.220	12.894
257	0.00	25.220	12.944
258	0.00	25.220	12.994
259	0.00	25.220	13.044
260	0.00	25.220	13.094
261	0.00	25.220	13.144
262	0.00	25.220	13.194
263	0.00	25.220	13.245
264	0.00	25.220	13.294
265	0.00	25.220	13.344
266	0.00	25.220	13.394
267	0.00	25.220	13.445
268	0.00	25.220	13.494
269	0.00	25.220	13.544
270	0.00	25.220	13.594
271	0.00	25.220	13.644
272	0.00	25.220	13.694
273	0.00	25.220	13.744
274	0.00	25.220	13.794
275	0.00	25.220	13.844
276	0.00	25.220	13.894
277	0.00	25.220	13.944
278	0.00	25.220	13.994
279	0.00	25.220	14.045
280	0.00	25.220	14.094
281	0.00	25.220	14.144
282	0.00	25.220	14.194
283	0.00	25.220	14.245
284	0.00	25.220	14.294
285	0.00	25.220	14.344
286	0.00	25.220	14.394
287	0.00	25.220	14.444
288	0.00	25.220	14.494
289	0.00	25.220	14.544
290	0.00	25.220	14.594
291	0.00	25.220	14.644
292	0.00	25.220	14.694
293	0.00	25.220	14.744
294	0.00	25.220	14.794
295	0.00	25.220	14.845
296	0.00	25.220	14.894
297	0.00	25.220	14.945
298	0.00	25.220	14.994
299	0.00	25.220	15.045
300	0.00	25.220	15.094
301	0.00	25.220	15.145
302	0.00	25.220	15.194
303	0.00	25.220	15.244
304	0.00	25.220	15.294
305	0.00	25.220	15.344
306	0.00	25.220	15.395
307	0.00	25.220	15.444
308	0.00	25.220	15.494
309	0.00	25.220	15.544
310	0.00	25.220	15.595
311	0.00	25.220	15.644
312	0.00	25.220	15.694
313	0.00	25.220	15.744
314	0.00	25.220	15.795
315	0.00	25.220	15.844
316	0.00	25.220	15.895
317	0.00	25.220	15.944
