11/6/2022  8:18 PM
Units: N
Readings: Continuous
X-Axis: Travel
Travel Unit: mm
Reading	Load	Travel	Time
1	-1.94	1.600	0.000
2	-1.94	1.600	0.048
3	-1.94	1.600	0.098
4	-0.40	1.600	0.262
5	-0.40	1.600	0.297
6	-0.40	1.600	0.348
7	-1.84	1.700	0.397
8	-1.62	1.840	0.447
9	-1.32	2.020	0.497
10	-1.06	2.180	0.548
11	-0.62	2.360	0.597
12	-0.44	2.500	0.647
13	-0.34	2.680	0.698
14	-0.16	2.860	0.747
15	0.02	3.020	0.797
16	0.20	3.200	0.847
17	0.32	3.340	0.898
18	0.58	3.520	0.947
19	0.64	3.680	0.998
20	0.70	3.860	1.048
21	0.78	4.000	1.097
22	0.82	4.180	1.147
23	0.88	4.360	1.198
24	0.94	4.520	1.247
25	1.08	4.680	1.297
26	1.14	4.840	1.347
27	1.20	5.020	1.397
28	1.32	5.180	1.448
29	1.38	5.340	1.497
30	1.44	5.520	1.548
31	1.50	5.680	1.598
32	1.62	5.860	1.647
33	1.68	6.000	1.697
34	1.74	6.180	1.747
35	1.80	6.340	1.797
36	1.92	6.520	1.848
37	1.98	6.700	1.898
38	2.04	6.880	1.947
39	2.16	7.020	1.997
40	2.18	7.200	2.047
41	2.22	7.360	2.097
42	2.28	7.540	2.148
43	2.42	7.680	2.198
44	2.48	7.860	2.247
45	2.56	8.020	2.297
46	2.64	8.200	2.347
47	2.70	8.380	2.397
48	2.78	8.520	2.448
49	2.86	8.700	2.498
50	3.02	8.860	2.547
51	3.10	9.040	2.597
52	3.18	9.180	2.647
53	3.28	9.360	2.698
54	3.36	9.540	2.748
55	3.44	9.700	2.797
56	3.54	9.880	2.848
57	3.72	10.020	2.897
58	3.80	10.200	2.947
59	3.88	10.360	2.997
60	3.98	10.540	3.048
61	4.08	10.700	3.097
62	4.18	10.860	3.148
63	4.26	11.040	3.198
64	4.46	11.200	3.247
65	4.54	11.360	3.297
66	4.64	11.520	3.347
67	4.72	11.700	3.398
68	4.84	11.860	3.447
69	4.94	12.020	3.497
70	5.04	12.200	3.548
71	5.24	12.360	3.597
72	5.34	12.540	3.647
73	5.44	12.680	3.698
74	5.54	12.860	3.748
75	5.72	13.040	3.798
76	5.80	13.200	3.847
77	5.86	13.380	3.898
78	6.08	13.520	3.947
79	6.18	13.700	3.997
80	6.28	13.880	4.047
81	6.38	14.040	4.097
82	6.60	14.220	4.147
83	6.68	14.360	4.197
84	6.78	14.520	4.247
85	6.90	14.700	4.297
86	7.04	14.880	4.348
87	7.16	15.060	4.397
88	7.28	15.200	4.447
89	7.50	15.380	4.497
90	7.62	15.540	4.547
91	7.72	15.720	4.597
92	7.84	15.860	4.648
93	8.02	16.040	4.698
94	8.14	16.220	4.747
95	8.26	16.380	4.797
96	8.44	16.560	4.848
97	8.56	16.700	4.897
98	8.68	16.880	4.947
99	8.80	17.040	4.997
100	9.02	17.180	5.048
101	9.10	17.360	5.097
102	9.20	17.520	5.147
103	9.44	17.660	5.197
104	9.52	17.840	5.247
105	9.62	18.020	5.297
106	9.72	18.180	5.347
107	9.92	18.360	5.397
108	9.98	18.500	5.447
109	10.06	18.680	5.498
110	10.14	18.860	5.547
111	10.20	19.020	5.598
112	10.26	19.200	5.647
113	10.38	19.340	5.697
114	10.66	19.520	5.748
115	10.78	19.680	5.797
116	10.86	19.860	5.847
117	10.98	20.000	5.898
118	11.20	20.180	5.947
119	11.12	20.360	5.997
120	10.84	20.540	6.047
121	10.46	20.700	6.097
122	10.56	20.860	6.147
123	10.70	21.020	6.197
124	10.82	21.180	6.247
125	11.04	21.360	6.297
126	11.14	21.520	6.347
127	11.24	21.680	6.397
128	11.30	21.860	6.448
129	11.44	22.040	6.497
130	11.48	22.180	6.548
131	11.46	22.360	6.597
132	11.44	22.520	6.648
133	11.42	22.700	6.697
134	11.26	22.880	6.747
135	8.06	23.020	6.798
136	0.26	23.060	6.848
137	0.04	23.060	6.897
138	0.02	23.060	6.947
139	0.00	23.060	6.998
140	0.00	23.060	7.047
141	0.00	23.060	7.097
142	0.00	23.060	7.148
143	0.00	23.060	7.197
144	0.00	23.060	7.247
145	0.00	23.060	7.297
146	0.00	23.060	7.347
147	0.00	23.060	7.397
148	0.00	23.060	7.447
149	0.00	23.060	7.498
150	0.00	23.060	7.548
151	0.00	23.060	7.597
152	0.00	23.060	7.647
153	0.00	23.060	7.697
154	0.00	23.060	7.747
155	0.00	23.060	7.797
156	0.00	23.060	7.847
157	0.00	23.060	7.897
