11/13/2022  7:54 PM
Units: N
Readings: Continuous
X-Axis: Travel
Travel Unit: mm
Reading	Load	Travel	Time
1	0.36	4.940	0.000
2	0.36	4.940	0.050
3	0.32	4.940	0.236
4	0.32	4.940	0.249
5	0.32	4.940	0.300
6	0.36	4.960	0.349
7	0.40	5.120	0.400
8	0.54	5.300	0.449
9	0.64	5.460	0.499
10	0.72	5.620	0.549
11	0.80	5.780	0.600
12	0.96	5.960	0.650
13	1.04	6.140	0.700
14	1.12	6.280	0.749
15	1.26	6.460	0.799
16	1.34	6.620	0.850
17	1.40	6.800	0.900
18	1.54	7.060	0.950
19	1.62	7.120	1.000
20	1.78	7.380	1.049
21	1.78	7.460	1.099
22	1.90	7.640	1.149
23	1.98	7.780	1.199
24	2.04	7.960	1.249
25	2.12	8.120	1.299
26	2.28	8.300	1.349
27	2.38	8.480	1.399
28	2.48	8.660	1.449
29	2.64	8.800	1.499
30	2.74	8.960	1.549
31	2.70	9.140	1.599
32	2.76	9.280	1.650
33	2.96	9.460	1.699
34	3.06	9.620	1.749
35	3.16	9.800	1.799
36	3.26	9.980	1.850
37	3.48	10.140	1.899
38	3.50	10.300	1.949
39	3.58	10.480	1.999
40	3.80	10.640	2.049
41	3.90	10.820	2.099
42	4.00	10.960	2.149
43	4.12	11.140	2.199
44	4.32	11.320	2.249
45	4.42	11.480	2.299
46	4.46	11.640	2.349
47	4.68	11.800	2.399
48	4.80	11.980	2.449
49	4.90	12.140	2.499
50	5.02	12.300	2.549
51	5.24	12.480	2.599
52	5.36	12.640	2.649
53	5.46	12.820	2.699
54	5.60	12.960	2.749
55	5.72	13.140	2.799
56	5.84	13.300	2.849
57	5.96	13.480	2.900
58	6.20	13.620	2.949
59	6.32	13.800	2.999
60	6.44	13.980	3.049
61	6.52	14.140	3.100
62	6.76	14.320	3.149
63	6.90	14.460	3.199
64	7.02	14.640	3.249
65	7.24	14.800	3.299
66	7.36	14.980	3.349
67	7.48	15.120	3.399
68	7.60	15.300	3.450
69	7.84	15.480	3.500
70	7.96	15.640	3.549
71	8.06	15.820	3.599
72	8.32	15.960	3.650
73	8.46	16.140	3.699
74	8.58	16.320	3.749
75	8.70	16.480	3.800
76	8.94	16.660	3.849
77	9.08	16.800	3.899
78	9.20	16.980	3.949
79	9.44	17.160	3.999
80	9.58	17.320	4.049
81	9.70	17.500	4.099
82	9.82	17.640	4.149
83	10.06	17.820	4.200
84	10.20	18.000	4.249
85	10.32	18.160	4.299
86	10.46	18.320	4.349
87	10.70	18.480	4.399
88	10.82	18.660	4.449
89	10.94	18.820	4.499
90	11.20	18.980	4.549
91	11.32	19.120	4.599
92	11.46	19.300	4.650
93	11.58	19.480	4.699
94	11.86	19.620	4.749
95	11.98	19.800	4.800
96	12.10	19.960	4.849
97	12.38	20.140	4.899
98	12.50	20.280	4.949
99	12.64	20.460	5.000
100	12.78	20.640	5.049
101	13.02	20.800	5.099
102	13.16	20.980	5.149
103	13.30	21.120	5.199
104	13.42	21.300	5.249
105	13.68	21.460	5.299
106	13.82	21.640	5.350
107	13.94	21.800	5.399
108	14.22	21.960	5.449
109	14.36	22.140	5.499
110	14.48	22.300	5.549
111	14.62	22.460	5.599
112	14.90	22.620	5.649
113	15.02	22.800	5.699
114	15.16	22.960	5.749
115	15.40	23.120	5.799
116	1.32	23.300	5.850
117	-0.02	23.380	5.900
118	0.02	23.380	5.949
119	0.00	23.380	5.999
120	0.00	23.380	6.050
121	0.00	23.380	6.099
122	0.00	23.380	6.149
123	0.00	23.380	6.199
124	0.00	23.380	6.249
125	0.00	23.380	6.299
126	0.00	23.380	6.349
127	0.00	23.380	6.399
128	0.00	23.380	6.449
129	0.00	23.380	6.499
130	0.00	23.380	6.549
131	0.00	23.380	6.599
132	0.00	23.380	6.650
133	0.00	23.380	6.699
134	0.00	23.380	6.749
135	0.00	23.380	6.800
136	0.00	23.380	6.849
137	0.00	23.380	6.899
138	0.00	23.380	6.950
139	0.00	23.380	6.999
140	0.00	23.380	7.049
141	0.00	23.380	7.099
142	0.00	23.380	7.149
143	0.00	23.380	7.199
144	0.00	23.380	7.249
145	0.00	23.380	7.299
146	0.00	23.380	7.349
147	0.00	23.380	7.399
148	0.00	23.380	7.449
149	0.00	23.380	7.499
150	0.00	23.380	7.549
151	0.00	23.380	7.599
152	0.00	23.380	7.649
153	0.00	23.380	7.700
154	0.00	23.380	7.749
155	0.00	23.380	7.799
156	0.00	23.380	7.849
157	0.00	23.380	7.899
158	0.00	23.380	7.949
159	0.00	23.380	7.999
160	0.00	23.380	8.049
161	0.00	23.380	8.099
162	0.00	23.380	8.149
163	0.00	23.380	8.200
164	0.00	23.380	8.249
165	0.00	23.380	8.299
166	0.00	23.380	8.349
167	0.00	23.380	8.449
168	0.00	23.380	8.500
169	0.00	23.380	8.599
170	0.00	23.380	8.649
171	0.00	23.380	8.699
172	0.00	23.380	8.750
173	0.00	23.380	8.799
174	0.00	23.380	8.849
175	0.00	23.380	8.899
176	0.00	23.380	8.949
177	0.00	23.380	8.999
178	0.00	23.380	9.050
179	0.00	23.380	9.099
180	0.00	23.380	9.150
181	0.00	23.380	9.199
182	0.00	23.380	9.250
183	0.00	23.380	9.299
184	0.00	23.380	9.349
185	0.00	23.380	9.399
186	0.00	23.380	9.449
187	0.00	23.380	9.499
188	0.00	23.380	9.549
189	0.00	23.380	9.599
190	0.00	23.380	9.650
191	0.00	23.380	9.699
192	0.00	23.380	9.749
193	0.00	23.380	9.799
194	0.00	23.380	9.849
195	0.00	23.380	9.899
196	0.00	23.380	9.950
197	0.00	23.380	9.999
198	0.00	23.380	10.050
199	-0.02	23.380	10.099
200	0.00	23.380	10.149
201	0.00	23.380	10.199
202	0.00	23.380	10.250
203	0.00	23.380	10.299
204	0.00	23.380	10.349
205	0.00	23.380	10.399
206	0.00	23.380	10.450
207	0.00	23.380	10.499
208	0.00	23.380	10.549
209	0.00	23.380	10.599
210	0.00	23.380	10.649
211	0.00	23.380	10.699
212	0.00	23.380	10.749
213	0.00	23.380	10.799
214	0.00	23.380	10.849
215	0.00	23.380	10.899
216	0.00	23.380	10.950
217	-0.02	23.380	10.999
218	0.00	23.380	11.049
219	0.00	23.380	11.099
220	0.00	23.380	11.149
221	0.00	23.380	11.199
222	0.00	23.380	11.249
223	0.00	23.380	11.299
224	0.00	23.380	11.349
225	0.00	23.380	11.400
226	0.00	23.380	11.449
227	0.00	23.380	11.499
228	0.00	23.380	11.549
229	0.00	23.380	11.599
230	0.00	23.380	11.649
231	0.00	23.380	11.699
232	-0.02	23.380	11.749
233	0.00	23.380	11.799
234	-0.02	23.380	11.849
235	0.00	23.380	11.899
236	-0.02	23.380	11.950
237	0.00	23.380	11.999
238	0.00	23.380	12.049
239	0.00	23.380	12.100
240	0.00	23.380	12.149
241	0.00	23.380	12.199
242	0.00	23.380	12.249
243	0.00	23.380	12.299
244	0.00	23.380	12.350
245	0.00	23.380	12.399
246	0.00	23.380	12.449
247	0.00	23.380	12.500
248	0.00	23.380	12.549
249	0.00	23.380	12.600
250	0.00	23.380	12.649
251	0.00	23.380	12.699
252	0.00	23.380	12.749
253	0.00	23.380	12.799
254	0.00	23.380	12.849
255	0.00	23.380	12.899
256	0.00	23.380	12.949
257	0.00	23.380	12.999
258	0.00	23.380	13.049
259	0.00	23.380	13.099
260	0.00	23.380	13.149
261	0.00	23.380	13.200
262	0.00	23.380	13.249
263	0.00	23.380	13.299
264	0.00	23.380	13.349
265	0.00	23.380	13.399
266	0.00	23.380	13.449
267	0.00	23.380	13.499
268	0.00	23.380	13.549
269	0.00	23.380	13.599
270	0.00	23.380	13.649
271	0.00	23.380	13.699
272	0.00	23.380	13.749
273	0.00	23.380	13.799
274	0.00	23.380	13.849
275	0.00	23.380	13.900
276	0.00	23.380	13.949
277	-0.02	23.380	13.999
278	0.00	23.380	14.049
279	0.00	23.380	14.099
280	0.00	23.380	14.151
281	0.00	23.380	14.199
282	0.00	23.380	14.250
283	0.00	23.380	14.299
