11/6/2022  8:20 PM
Units: N
Readings: Continuous
X-Axis: Travel
Travel Unit: mm
Reading	Load	Travel	Time
1	-0.94	1.560	0.000
2	-0.94	1.560	0.050
3	-0.32	1.600	0.244
4	-0.32	1.600	0.250
5	-0.32	1.600	0.301
6	-0.94	1.600	0.350
7	-0.88	1.740	0.400
8	-0.72	1.900	0.450
9	-0.40	2.080	0.500
10	-0.34	2.260	0.550
11	-0.32	2.400	0.601
12	-0.18	2.580	0.650
13	-0.06	2.740	0.700
14	0.08	2.920	0.750
15	0.20	3.060	0.800
16	0.42	3.240	0.850
17	0.48	3.400	0.900
18	0.56	3.580	0.950
19	0.70	3.720	1.000
20	0.78	3.900	1.050
21	0.86	4.080	1.100
22	0.94	4.240	1.151
23	1.08	4.400	1.200
24	1.16	4.580	1.251
25	1.24	4.740	1.300
26	1.30	4.920	1.351
27	1.46	5.060	1.400
28	1.52	5.240	1.451
29	1.58	5.400	1.500
30	1.46	5.580	1.551
31	1.52	5.740	1.600
32	1.48	5.900	1.651
33	1.38	6.080	1.700
34	1.44	6.240	1.750
35	1.48	6.420	1.800
36	1.54	6.600	1.851
37	1.66	6.740	1.901
38	1.70	6.920	1.950
39	1.76	7.080	2.000
40	1.82	7.260	2.050
41	1.94	7.440	2.100
42	2.00	7.580	2.150
43	2.06	7.760	2.200
44	2.18	7.920	2.251
45	2.24	8.100	2.301
46	2.30	8.240	2.351
47	2.36	8.420	2.400
48	2.48	8.600	2.450
49	2.56	8.760	2.501
50	2.62	8.940	2.550
51	2.68	9.080	2.600
52	2.82	9.260	2.650
53	2.88	9.420	2.700
54	2.96	9.600	2.751
55	3.08	9.740	2.800
56	3.16	9.920	2.850
57	3.24	10.100	2.901
58	3.30	10.260	2.950
59	3.46	10.420	3.000
60	3.54	10.580	3.051
61	3.60	10.760	3.100
62	3.76	10.920	3.150
63	3.76	11.080	3.200
64	3.84	11.240	3.250
65	3.92	11.420	3.300
66	4.08	11.600	3.351
67	4.14	11.760	3.400
68	4.20	11.920	3.450
69	4.34	12.080	3.500
70	4.40	12.260	3.551
71	4.50	12.440	3.600
72	4.56	12.580	3.650
73	4.72	12.760	3.700
74	4.78	12.940	3.750
75	4.82	13.100	3.800
76	4.88	13.240	3.851
77	5.02	13.420	3.900
78	5.10	13.580	3.950
79	5.18	13.760	4.000
80	5.24	13.940	4.050
81	5.32	14.080	4.101
82	5.42	14.260	4.150
83	5.50	14.440	4.200
84	5.68	14.600	4.251
85	5.76	14.780	4.300
86	5.84	14.920	4.350
87	6.02	15.100	4.400
88	6.08	15.260	4.451
89	6.16	15.440	4.501
90	6.26	15.580	4.550
91	6.46	15.760	4.600
92	6.56	15.940	4.651
93	6.64	16.100	4.700
94	6.84	16.280	4.751
95	6.90	16.440	4.800
96	7.00	16.600	4.850
97	7.10	16.760	4.901
98	7.30	16.940	4.950
99	7.40	17.080	5.000
100	7.50	17.240	5.050
101	7.60	17.420	5.101
102	7.78	17.560	5.150
103	7.86	17.740	5.201
104	7.98	17.920	5.250
105	8.18	18.080	5.300
106	8.28	18.260	5.351
107	8.36	18.400	5.400
108	8.46	18.580	5.451
109	8.62	18.740	5.501
110	8.70	18.920	5.550
111	8.78	19.060	5.600
112	8.94	19.240	5.651
113	9.02	19.420	5.700
114	9.12	19.580	5.750
115	9.20	19.760	5.800
116	9.40	19.900	5.850
117	9.48	20.080	5.900
118	9.58	20.240	5.951
119	9.58	20.420	6.000
120	9.50	20.580	6.051
121	9.56	20.760	6.101
122	9.64	20.920	6.150
123	9.42	21.100	6.200
124	9.56	21.240	6.251
125	9.70	21.420	6.300
126	9.84	21.580	6.351
127	10.10	21.760	6.400
128	10.22	21.940	6.450
129	10.34	22.080	6.500
130	10.58	22.260	6.550
131	10.70	22.420	6.600
132	10.80	22.600	6.650
133	10.92	22.740	6.700
134	11.14	22.920	6.751
135	11.26	23.080	6.800
136	11.38	23.260	6.850
137	11.60	23.400	6.900
138	11.66	23.580	6.950
139	11.16	23.760	7.000
140	9.86	23.920	7.051
141	0.26	24.100	7.100
142	0.04	24.280	7.150
143	0.02	24.420	7.201
144	0.00	24.480	7.250
145	0.00	24.480	7.300
146	0.00	24.480	7.350
147	0.00	24.480	7.400
148	0.00	24.480	7.451
149	0.00	24.480	7.500
150	0.00	24.480	7.550
151	0.00	24.480	7.601
152	0.00	24.480	7.651
153	0.00	24.480	7.700
154	0.00	24.480	7.750
155	0.00	24.480	7.801
156	0.00	24.480	7.850
157	0.00	24.480	7.900
158	0.00	24.480	7.950
159	0.00	24.480	8.001
160	0.00	24.480	8.050
161	0.00	24.480	8.100
162	0.00	24.480	8.150
163	0.00	24.480	8.201
164	0.00	24.480	8.250
165	0.00	24.480	8.300
166	0.00	24.480	8.351
167	0.00	24.480	8.400
168	0.00	24.480	8.450
169	0.00	24.480	8.501
170	0.00	24.480	8.550
171	0.00	24.480	8.600
172	0.00	24.480	8.650
173	0.00	24.480	8.700
174	0.00	24.480	8.750
175	0.00	24.480	8.800
176	0.00	24.480	8.850
177	0.00	24.480	8.900
178	0.00	24.480	8.950
